Log file open, 11/17/21 23:00:37
LogWindows: Failed to load 'aqProf.dll' (GetLastError=126)
LogWindows: File 'aqProf.dll' does not exist
LogWindows: Failed to load 'VtuneApi.dll' (GetLastError=126)
LogWindows: File 'VtuneApi.dll' does not exist
LogWindows: Failed to load 'VtuneApi32e.dll' (GetLastError=126)
LogWindows: File 'VtuneApi32e.dll' does not exist
LogConsoleResponse: Display: Failed to find resolution value strings in scalability ini. Falling back to default.
LogConsoleResponse: Display: Failed to find resolution value strings in scalability ini. Falling back to default.
LogInit: Display: Running engine for game: NIKKO
LogPlatformFile: Not using cached read wrapper
LogTaskGraph: Started task graph with 5 named threads and 35 total threads with 3 sets of task threads.
LogStats: Stats thread started at 0.304276
LogICUInternationalization: ICU TimeZone Detection - Raw Offset: +1:00, Platform Override: ''
LogInit: Display: Loading text-based GConfig....
LogPluginManager: Mounting plugin MeshPainting
LogPluginManager: Mounting plugin XGEController
LogPluginManager: Mounting plugin Paper2D
LogPluginManager: Mounting plugin AISupport
LogPluginManager: Mounting plugin LiveLink
LogPluginManager: Mounting plugin EnvironmentQueryEditor
LogPluginManager: Mounting plugin CameraShakePreviewer
LogPluginManager: Mounting plugin GameplayCameras
LogPluginManager: Mounting plugin AssetManagerEditor
LogPluginManager: Mounting plugin CryptoKeys
LogPluginManager: Mounting plugin CurveEditorTools
LogPluginManager: Mounting plugin DataValidation
LogPluginManager: Mounting plugin EditorScriptingUtilities
LogPluginManager: Mounting plugin GeometryMode
LogPluginManager: Mounting plugin OodleData
LogPluginManager: Mounting plugin LightPropagationVolume
LogPluginManager: Mounting plugin GameplayTagsEditor
LogPluginManager: Mounting plugin MacGraphicsSwitching
LogPluginManager: Mounting plugin AnimationSharing
LogPluginManager: Mounting plugin OodleNetwork
LogPluginManager: Mounting plugin CLionSourceCodeAccess
LogPluginManager: Mounting plugin CodeLiteSourceCodeAccess
LogPluginManager: Mounting plugin DataprepEditor
LogPluginManager: Mounting plugin GitSourceControl
LogPluginManager: Mounting plugin KDevelopSourceCodeAccess
LogPluginManager: Mounting plugin NullSourceCodeAccess
LogPluginManager: Mounting plugin DatasmithContent
LogPluginManager: Mounting plugin PerforceSourceControl
LogPluginManager: Mounting plugin PixWinPlugin
LogPluginManager: Mounting plugin PlasticSourceControl
LogPluginManager: Mounting plugin PluginUtils
LogPluginManager: Mounting plugin StaticMeshEditorExtension
LogPluginManager: Mounting plugin PropertyAccessNode
LogPluginManager: Mounting plugin VariantManagerContent
LogPluginManager: Mounting plugin RiderSourceCodeAccess
LogPluginManager: Mounting plugin SubversionSourceControl
LogPluginManager: Mounting plugin TextureFormatOodle
LogPluginManager: Mounting plugin UObjectPlugin
LogPluginManager: Mounting plugin VisualStudioCodeSourceCodeAccess
LogPluginManager: Mounting plugin VisualStudioSourceCodeAccess
LogPluginManager: Mounting plugin XCodeSourceCodeAccess
LogPluginManager: Mounting plugin Niagara
LogPluginManager: Mounting plugin LuminPlatformFeatures
LogPluginManager: Mounting plugin Tether
LogPluginManager: Mounting plugin MagicLeap
LogPluginManager: Mounting plugin MagicLeapLightEstimation
LogPluginManager: Mounting plugin FacialAnimation
LogPluginManager: Mounting plugin MagicLeapMedia
LogPluginManager: Mounting plugin MagicLeapPassableWorld
LogPluginManager: Mounting plugin MLSDK
LogPluginManager: Mounting plugin AlembicImporter
LogPluginManager: Mounting plugin BackChannel
LogPluginManager: Mounting plugin BlastPlugin
LogPluginManager: Mounting plugin ChaosEditor
LogPluginManager: Mounting plugin ChaosClothEditor
LogPluginManager: Mounting plugin ChaosNiagara
LogPluginManager: Mounting plugin ChaosSolverPlugin
LogPluginManager: Mounting plugin CharacterAI
LogPluginManager: Mounting plugin ChaosCloth
LogPluginManager: Mounting plugin AutomationUtils
LogPluginManager: Mounting plugin GeometryCache
LogPluginManager: Mounting plugin GeometryCollectionPlugin
LogPluginManager: Mounting plugin AvfMedia
LogPluginManager: Mounting plugin AndroidMedia
LogPluginManager: Mounting plugin ImgMedia
LogPluginManager: Mounting plugin MediaCompositing
LogPluginManager: Mounting plugin MediaPlayerEditor
LogPluginManager: Mounting plugin WebMMedia
LogPluginManager: Mounting plugin WmfMedia
LogPluginManager: Mounting plugin GeometryProcessing
LogPluginManager: Mounting plugin MotoSynth
LogPluginManager: Mounting plugin OpenImageDenoise
LogPluginManager: Mounting plugin ActorSequence
LogPluginManager: Mounting plugin LevelSequenceEditor
LogPluginManager: Mounting plugin MatineeToLevelSequence
LogPluginManager: Mounting plugin PlanarCut
LogPluginManager: Mounting plugin TcpMessaging
LogPluginManager: Mounting plugin TemplateSequence
LogPluginManager: Mounting plugin UdpMessaging
LogPluginManager: Mounting plugin ProxyLODPlugin
LogPluginManager: Mounting plugin PlatformCrypto
LogPluginManager: Mounting plugin PythonScriptPlugin
LogPluginManager: Mounting plugin SkeletalReduction
LogPluginManager: Mounting plugin OnlineSubsystem
LogPluginManager: Mounting plugin OnlineSubsystemNull
LogPluginManager: Mounting plugin OnlineSubsystemUtils
LogPluginManager: Mounting plugin LauncherChunkInstaller
LogPluginManager: Mounting plugin ActorLayerUtilities
LogPluginManager: Mounting plugin AndroidDeviceProfileSelector
LogPluginManager: Mounting plugin ScreenshotTools
LogPluginManager: Mounting plugin AndroidMoviePlayer
LogPluginManager: Mounting plugin AndroidPermission
LogPluginManager: Mounting plugin AppleImageUtils
LogPluginManager: Mounting plugin AppleMoviePlayer
LogPluginManager: Mounting plugin ArchVisCharacter
LogPluginManager: Mounting plugin AssetTags
LogPluginManager: Mounting plugin AudioSynesthesia
LogPluginManager: Mounting plugin CableComponent
LogPluginManager: Mounting plugin AudioCapture
LogPluginManager: Mounting plugin ChunkDownloader
LogPluginManager: Mounting plugin CustomMeshComponent
LogPluginManager: Mounting plugin EditableMesh
LogPluginManager: Mounting plugin ExampleDeviceProfileSelector
LogPluginManager: Mounting plugin GoogleCloudMessaging
LogPluginManager: Mounting plugin GooglePAD
LogPluginManager: Mounting plugin Takes
LogPluginManager: Mounting plugin IOSDeviceProfileSelector
LogPluginManager: Mounting plugin LocationServicesBPLibrary
LogPluginManager: Mounting plugin LinuxDeviceProfileSelector
LogPluginManager: Mounting plugin MobilePatchingUtils
LogPluginManager: Mounting plugin OpenXR
LogPluginManager: Mounting plugin OpenXREyeTracker
LogPluginManager: Mounting plugin OpenXRHandTracking
LogPluginManager: Mounting plugin PhysXVehicles
LogPluginManager: Mounting plugin PostSplashScreen
LogPluginManager: Mounting plugin ProceduralMeshComponent
LogPluginManager: Mounting plugin PropertyAccessEditor
LogPluginManager: Mounting plugin RuntimePhysXCooking
LogPluginManager: Mounting plugin SignificanceManager
LogPluginManager: Mounting plugin SoundFields
LogPluginManager: Mounting plugin Synthesis
LogPluginManager: Mounting plugin WebMMoviePlayer
LogPluginManager: Mounting plugin WindowsMoviePlayer
LogPluginManager: Mounting plugin MaterialAnalyzer
LogPluginManager: Mounting plugin MeshEditor
LogPluginManager: Mounting plugin MobileLauncherProfileWizard
LogPluginManager: Mounting plugin PluginBrowser
LogPluginManager: Mounting plugin SpeedTreeImporter
LogPluginManager: Mounting plugin ContentBrowserAssetDataSource
LogPluginManager: Mounting plugin ContentBrowserClassDataSource
LogPluginManager: Mounting plugin ContentBrowserFileDataSource
LogPluginManager: Mounting plugin OnlineSubsystemIOS
LogPluginManager: Mounting plugin OnlineSubsystemGooglePlay
LogPluginManager: Mounting plugin OculusVR
LogPluginManager: Mounting plugin SteamVR
PixWinPlugin: PIX capture plugin failed to initialize! Check that the process is launched from PIX.
LogInit: Using libcurl 7.55.1-DEV
LogInit:  - built for x86_64-pc-win32
LogInit:  - supports SSL with OpenSSL/1.1.1
LogInit:  - supports HTTP deflate (compression) using libz 1.2.8
LogInit:  - other features:
LogInit:      CURL_VERSION_SSL
LogInit:      CURL_VERSION_LIBZ
LogInit:      CURL_VERSION_IPV6
LogInit:      CURL_VERSION_ASYNCHDNS
LogInit:      CURL_VERSION_LARGEFILE
LogInit:      CURL_VERSION_IDN
LogInit:  CurlRequestOptions (configurable via config and command line):
LogInit:  - bVerifyPeer = true  - Libcurl will verify peer certificate
LogInit:  - bUseHttpProxy = false  - Libcurl will NOT use HTTP proxy
LogInit:  - bDontReuseConnections = false  - Libcurl will reuse connections
LogInit:  - MaxHostConnections = 16  - Libcurl will limit the number of connections to a host
LogInit:  - LocalHostAddr = Default
LogInit:  - BufferSize = 65536
LogOnline: OSS: Creating online subsystem instance for: NULL
LogInit: WinSock: version 1.1 (2.2), MaxSocks=32767, MaxUdp=65467
LogOnline: OSS: TryLoadSubsystemAndSetDefault: Loaded subsystem for module [NULL]
LogOculusPluginWrapper: OculusPlugin initialized successfully
LogHMD: Failed initializing OVRPlugin 1.59.0
LogInit: Build: ++UE4+Release-4.27-CL-17735300
LogInit: Engine Version: 4.27.1-17735300+++UE4+Release-4.27
LogInit: Compatible Engine Version: 4.27.0-17155196+++UE4+Release-4.27
LogInit: Net CL: 17155196
LogInit: OS: Windows 10 (Release 2009) (), CPU: Intel(R) Core(TM) i7-9750H CPU @ 2.60GHz, GPU: NVIDIA GeForce RTX 2060
LogInit: Compiled (64-bit): Oct  6 2021 14:42:51
LogInit: Compiled with Visual C++: 19.24.28315.00
LogInit: Build Configuration: Development
LogInit: Branch Name: ++UE4+Release-4.27
LogInit: Command Line:  -EpicPortal -epicusername="WOACT FTVS" -epicuserid=d362c476d0554c9b872e7570c464f61b -epiclocale=en -epicsandboxid=ue
LogInit: Base Directory: C:/Program Files/Epic Games/UE_4.27/Engine/Binaries/Win64/
LogInit: Allocator: TBB
LogInit: Installed Engine Build: 1
LogDevObjectVersion: Number of dev versions registered: 29
LogDevObjectVersion:   Dev-Blueprints (B0D832E4-1F89-4F0D-ACCF-7EB736FD4AA2): 10
LogDevObjectVersion:   Dev-Build (E1C64328-A22C-4D53-A36C-8E866417BD8C): 0
LogDevObjectVersion:   Dev-Core (375EC13C-06E4-48FB-B500-84F0262A717E): 4
LogDevObjectVersion:   Dev-Editor (E4B068ED-F494-42E9-A231-DA0B2E46BB41): 40
LogDevObjectVersion:   Dev-Framework (CFFC743F-43B0-4480-9391-14DF171D2073): 37
LogDevObjectVersion:   Dev-Mobile (B02B49B5-BB20-44E9-A304-32B752E40360): 3
LogDevObjectVersion:   Dev-Networking (A4E4105C-59A1-49B5-A7C5-40C4547EDFEE): 0
LogDevObjectVersion:   Dev-Online (39C831C9-5AE6-47DC-9A44-9C173E1C8E7C): 0
LogDevObjectVersion:   Dev-Physics (78F01B33-EBEA-4F98-B9B4-84EACCB95AA2): 14
LogDevObjectVersion:   Dev-Platform (6631380F-2D4D-43E0-8009-CF276956A95A): 0
LogDevObjectVersion:   Dev-Rendering (12F88B9F-8875-4AFC-A67C-D90C383ABD29): 45
LogDevObjectVersion:   Dev-Sequencer (7B5AE74C-D270-4C10-A958-57980B212A5A): 13
LogDevObjectVersion:   Dev-VR (D7296918-1DD6-4BDD-9DE2-64A83CC13884): 3
LogDevObjectVersion:   Dev-LoadTimes (C2A15278-BFE7-4AFE-6C17-90FF531DF755): 1
LogDevObjectVersion:   Private-Geometry (6EACA3D4-40EC-4CC1-B786-8BED09428FC5): 3
LogDevObjectVersion:   Dev-AnimPhys (29E575DD-E0A3-4627-9D10-D276232CDCEA): 17
LogDevObjectVersion:   Dev-Anim (AF43A65D-7FD3-4947-9873-3E8ED9C1BB05): 15
LogDevObjectVersion:   Dev-ReflectionCapture (6B266CEC-1EC7-4B8F-A30B-E4D90942FC07): 1
LogDevObjectVersion:   Dev-Automation (0DF73D61-A23F-47EA-B727-89E90C41499A): 1
LogDevObjectVersion:   FortniteMain (601D1886-AC64-4F84-AA16-D3DE0DEAC7D6): 47
LogDevObjectVersion:   FortniteRelease (E7086368-6B23-4C58-8439-1B7016265E91): 1
LogDevObjectVersion:   Dev-Enterprise (9DFFBCD6-494F-0158-E221-12823C92A888): 10
LogDevObjectVersion:   Dev-Niagara (F2AED0AC-9AFE-416F-8664-AA7FFA26D6FC): 1
LogDevObjectVersion:   Dev-Destruction (174F1F0B-B4C6-45A5-B13F-2EE8D0FB917D): 10
LogDevObjectVersion:   Dev-Physics-Ext (35F94A83-E258-406C-A318-09F59610247C): 41
LogDevObjectVersion:   Dev-PhysicsMaterial-Chaos (B68FC16E-8B1B-42E2-B453-215C058844FE): 1
LogDevObjectVersion:   Dev-CineCamera (B2E18506-4273-CFC2-A54E-F4BB758BBA07): 1
LogDevObjectVersion:   Dev-VirtualProduction (64F58936-FD1B-42BA-BA96-7289D5D0FA4E): 1
LogDevObjectVersion:   Dev-MediaFramework (6F0ED827-A609-4895-9C91-998D90180EA4): 2
LogInit: Presizing for max 25165824 objects, including 0 objects not considered by GC, pre-allocating 0 bytes for permanent pool.
LogConfig: Applying CVar settings from Section [/Script/Engine.StreamingSettings] File [C:/GitKrakenNIKKO/NikkoChap2/Saved/Config/Windows/Engine.ini]
LogConfig: Setting CVar [[s.MinBulkDataSizeForAsyncLoading:131072]]
LogConfig: Setting CVar [[s.AsyncLoadingThreadEnabled:0]]
LogConfig: Setting CVar [[s.EventDrivenLoaderEnabled:1]]
LogConfig: Setting CVar [[s.WarnIfTimeLimitExceeded:0]]
LogConfig: Setting CVar [[s.TimeLimitExceededMultiplier:1.5]]
LogConfig: Setting CVar [[s.TimeLimitExceededMinTime:0.005]]
LogConfig: Setting CVar [[s.UseBackgroundLevelStreaming:1]]
LogConfig: Setting CVar [[s.PriorityAsyncLoadingExtraTime:15.0]]
LogConfig: Setting CVar [[s.LevelStreamingActorsUpdateTimeLimit:5.0]]
LogConfig: Setting CVar [[s.PriorityLevelStreamingActorsUpdateExtraTime:5.0]]
LogConfig: Setting CVar [[s.LevelStreamingComponentsRegistrationGranularity:10]]
LogConfig: Setting CVar [[s.UnregisterComponentsTimeLimit:1.0]]
LogConfig: Setting CVar [[s.LevelStreamingComponentsUnregistrationGranularity:5]]
LogConfig: Setting CVar [[s.FlushStreamingOnExit:1]]
LogInit: Object subsystem initialized
LogConfig: Setting CVar [[con.DebugEarlyDefault:1]]
LogConfig: Setting CVar [[r.setres:1280x720]]
[2021.11.17-22.00.38:211][  0]LogConfig: Setting CVar [[r.VSync:0]]
[2021.11.17-22.00.38:211][  0]LogConfig: Setting CVar [[r.RHICmdBypass:0]]
[2021.11.17-22.00.38:211][  0]LogConfig: Applying CVar settings from Section [/Script/Engine.RendererSettings] File [C:/GitKrakenNIKKO/NikkoChap2/Saved/Config/Windows/Engine.ini]
[2021.11.17-22.00.38:211][  0]LogConfig: Setting CVar [[r.GPUCrashDebugging:0]]
[2021.11.17-22.00.38:211][  0]LogConfig: Setting CVar [[r.EarlyZPass:2]]
[2021.11.17-22.00.38:211][  0]LogConfig: Setting CVar [[r.EarlyZPassOnlyMaterialMasking:0]]
[2021.11.17-22.00.38:211][  0]LogConfig: Applying CVar settings from Section [/Script/Engine.RendererOverrideSettings] File [C:/GitKrakenNIKKO/NikkoChap2/Saved/Config/Windows/Engine.ini]
[2021.11.17-22.00.38:211][  0]LogConfig: Applying CVar settings from Section [/Script/Engine.StreamingSettings] File [C:/GitKrakenNIKKO/NikkoChap2/Saved/Config/Windows/Engine.ini]
[2021.11.17-22.00.38:211][  0]LogConfig: Setting CVar [[s.MinBulkDataSizeForAsyncLoading:131072]]
[2021.11.17-22.00.38:211][  0]LogConfig: Setting CVar [[s.AsyncLoadingThreadEnabled:0]]
[2021.11.17-22.00.38:211][  0]LogConfig: Setting CVar [[s.EventDrivenLoaderEnabled:1]]
[2021.11.17-22.00.38:211][  0]LogConfig: Setting CVar [[s.WarnIfTimeLimitExceeded:0]]
[2021.11.17-22.00.38:211][  0]LogConfig: Setting CVar [[s.TimeLimitExceededMultiplier:1.5]]
[2021.11.17-22.00.38:211][  0]LogConfig: Setting CVar [[s.TimeLimitExceededMinTime:0.005]]
[2021.11.17-22.00.38:211][  0]LogConfig: Setting CVar [[s.UseBackgroundLevelStreaming:1]]
[2021.11.17-22.00.38:211][  0]LogConfig: Setting CVar [[s.PriorityAsyncLoadingExtraTime:15.0]]
[2021.11.17-22.00.38:211][  0]LogConfig: Setting CVar [[s.LevelStreamingActorsUpdateTimeLimit:5.0]]
[2021.11.17-22.00.38:211][  0]LogConfig: Setting CVar [[s.PriorityLevelStreamingActorsUpdateExtraTime:5.0]]
[2021.11.17-22.00.38:211][  0]LogConfig: Setting CVar [[s.LevelStreamingComponentsRegistrationGranularity:10]]
[2021.11.17-22.00.38:211][  0]LogConfig: Setting CVar [[s.UnregisterComponentsTimeLimit:1.0]]
[2021.11.17-22.00.38:211][  0]LogConfig: Setting CVar [[s.LevelStreamingComponentsUnregistrationGranularity:5]]
[2021.11.17-22.00.38:211][  0]LogConfig: Setting CVar [[s.FlushStreamingOnExit:1]]
[2021.11.17-22.00.38:211][  0]LogConfig: Applying CVar settings from Section [/Script/Engine.GarbageCollectionSettings] File [C:/GitKrakenNIKKO/NikkoChap2/Saved/Config/Windows/Engine.ini]
[2021.11.17-22.00.38:211][  0]LogConfig: Setting CVar [[gc.MaxObjectsNotConsideredByGC:1]]
[2021.11.17-22.00.38:211][  0]LogConfig: Setting CVar [[gc.SizeOfPermanentObjectPool:0]]
[2021.11.17-22.00.38:211][  0]LogConfig: Setting CVar [[gc.FlushStreamingOnGC:0]]
[2021.11.17-22.00.38:211][  0]LogConfig: Setting CVar [[gc.NumRetriesBeforeForcingGC:10]]
[2021.11.17-22.00.38:211][  0]LogConfig: Setting CVar [[gc.AllowParallelGC:1]]
[2021.11.17-22.00.38:211][  0]LogConfig: Setting CVar [[gc.TimeBetweenPurgingPendingKillObjects:61.1]]
[2021.11.17-22.00.38:211][  0]LogConfig: Setting CVar [[gc.MaxObjectsInEditor:25165824]]
[2021.11.17-22.00.38:211][  0]LogConfig: Setting CVar [[gc.IncrementalBeginDestroyEnabled:1]]
[2021.11.17-22.00.38:211][  0]LogConfig: Setting CVar [[gc.CreateGCClusters:1]]
[2021.11.17-22.00.38:211][  0]LogConfig: Setting CVar [[gc.MinGCClusterSize:5]]
[2021.11.17-22.00.38:211][  0]LogConfig: Setting CVar [[gc.ActorClusteringEnabled:0]]
[2021.11.17-22.00.38:211][  0]LogConfig: Setting CVar [[gc.BlueprintClusteringEnabled:0]]
[2021.11.17-22.00.38:211][  0]LogConfig: Setting CVar [[gc.UseDisregardForGCOnDedicatedServers:0]]
[2021.11.17-22.00.38:211][  0]LogConfig: Setting CVar [[gc.MultithreadedDestructionEnabled:1]]
[2021.11.17-22.00.38:211][  0]LogConfig: Applying CVar settings from Section [/Script/Engine.NetworkSettings] File [C:/GitKrakenNIKKO/NikkoChap2/Saved/Config/Windows/Engine.ini]
[2021.11.17-22.00.38:211][  0]LogConfig: Applying CVar settings from Section [/Script/UnrealEd.CookerSettings] File [C:/GitKrakenNIKKO/NikkoChap2/Saved/Config/Windows/Engine.ini]
[2021.11.17-22.00.38:220][  0]LogConfig: Applying CVar settings from Section [ViewDistanceQuality@3] File [C:/GitKrakenNIKKO/NikkoChap2/Saved/Config/Windows/Scalability.ini]
[2021.11.17-22.00.38:220][  0]LogConfig: Setting CVar [[r.SkeletalMeshLODBias:0]]
[2021.11.17-22.00.38:220][  0]LogConfig: Setting CVar [[r.ViewDistanceScale:1.0]]
[2021.11.17-22.00.38:220][  0]LogConfig: Applying CVar settings from Section [AntiAliasingQuality@3] File [C:/GitKrakenNIKKO/NikkoChap2/Saved/Config/Windows/Scalability.ini]
[2021.11.17-22.00.38:220][  0]LogConfig: Setting CVar [[r.PostProcessAAQuality:4]]
[2021.11.17-22.00.38:220][  0]LogConfig: Applying CVar settings from Section [ShadowQuality@3] File [C:/GitKrakenNIKKO/NikkoChap2/Saved/Config/Windows/Scalability.ini]
[2021.11.17-22.00.38:220][  0]LogConfig: Setting CVar [[r.LightFunctionQuality:1]]
[2021.11.17-22.00.38:220][  0]LogConfig: Setting CVar [[r.ShadowQuality:5]]
[2021.11.17-22.00.38:220][  0]LogConfig: Setting CVar [[r.Shadow.CSM.MaxCascades:10]]
[2021.11.17-22.00.38:220][  0]LogConfig: Setting CVar [[r.Shadow.MaxResolution:2048]]
[2021.11.17-22.00.38:220][  0]LogConfig: Setting CVar [[r.Shadow.MaxCSMResolution:2048]]
[2021.11.17-22.00.38:220][  0]LogConfig: Setting CVar [[r.Shadow.RadiusThreshold:0.01]]
[2021.11.17-22.00.38:220][  0]LogConfig: Setting CVar [[r.Shadow.DistanceScale:1.0]]
[2021.11.17-22.00.38:220][  0]LogConfig: Setting CVar [[r.Shadow.CSM.TransitionScale:1.0]]
[2021.11.17-22.00.38:220][  0]LogConfig: Setting CVar [[r.Shadow.PreShadowResolutionFactor:1.0]]
[2021.11.17-22.00.38:220][  0]LogConfig: Setting CVar [[r.DistanceFieldShadowing:1]]
[2021.11.17-22.00.38:220][  0]LogConfig: Setting CVar [[r.DistanceFieldAO:1]]
[2021.11.17-22.00.38:220][  0]LogConfig: Setting CVar [[r.AOQuality:2]]
[2021.11.17-22.00.38:220][  0]LogConfig: Setting CVar [[r.VolumetricFog:1]]
[2021.11.17-22.00.38:220][  0]LogConfig: Setting CVar [[r.VolumetricFog.GridPixelSize:8]]
[2021.11.17-22.00.38:220][  0]LogConfig: Setting CVar [[r.VolumetricFog.GridSizeZ:128]]
[2021.11.17-22.00.38:220][  0]LogConfig: Setting CVar [[r.VolumetricFog.HistoryMissSupersampleCount:4]]
[2021.11.17-22.00.38:220][  0]LogConfig: Setting CVar [[r.LightMaxDrawDistanceScale:1]]
[2021.11.17-22.00.38:220][  0]LogConfig: Setting CVar [[r.CapsuleShadows:1]]
[2021.11.17-22.00.38:220][  0]LogConfig: Applying CVar settings from Section [PostProcessQuality@3] File [C:/GitKrakenNIKKO/NikkoChap2/Saved/Config/Windows/Scalability.ini]
[2021.11.17-22.00.38:220][  0]LogConfig: Setting CVar [[r.MotionBlurQuality:4]]
[2021.11.17-22.00.38:220][  0]LogConfig: Setting CVar [[r.AmbientOcclusionMipLevelFactor:0.4]]
[2021.11.17-22.00.38:220][  0]LogConfig: Setting CVar [[r.AmbientOcclusionMaxQuality:100]]
[2021.11.17-22.00.38:220][  0]LogConfig: Setting CVar [[r.AmbientOcclusionLevels:-1]]
[2021.11.17-22.00.38:220][  0]LogConfig: Setting CVar [[r.AmbientOcclusionRadiusScale:1.0]]
[2021.11.17-22.00.38:220][  0]LogConfig: Setting CVar [[r.DepthOfFieldQuality:2]]
[2021.11.17-22.00.38:220][  0]LogConfig: Setting CVar [[r.RenderTargetPoolMin:400]]
[2021.11.17-22.00.38:220][  0]LogConfig: Setting CVar [[r.LensFlareQuality:2]]
[2021.11.17-22.00.38:220][  0]LogConfig: Setting CVar [[r.SceneColorFringeQuality:1]]
[2021.11.17-22.00.38:220][  0]LogConfig: Setting CVar [[r.EyeAdaptationQuality:2]]
[2021.11.17-22.00.38:220][  0]LogConfig: Setting CVar [[r.BloomQuality:5]]
[2021.11.17-22.00.38:220][  0]LogConfig: Setting CVar [[r.FastBlurThreshold:100]]
[2021.11.17-22.00.38:220][  0]LogConfig: Setting CVar [[r.Upscale.Quality:3]]
[2021.11.17-22.00.38:220][  0]LogConfig: Setting CVar [[r.Tonemapper.GrainQuantization:1]]
[2021.11.17-22.00.38:220][  0]LogConfig: Setting CVar [[r.LightShaftQuality:1]]
[2021.11.17-22.00.38:220][  0]LogConfig: Setting CVar [[r.Filter.SizeScale:1]]
[2021.11.17-22.00.38:220][  0]LogConfig: Setting CVar [[r.Tonemapper.Quality:5]]
[2021.11.17-22.00.38:220][  0]LogConfig: Setting CVar [[r.DOF.Gather.AccumulatorQuality:1        ; higher gathering accumulator quality]]
[2021.11.17-22.00.38:220][  0]LogConfig: Setting CVar [[r.DOF.Gather.PostfilterMethod:1          ; Median3x3 postfilering method]]
[2021.11.17-22.00.38:220][  0]LogConfig: Setting CVar [[r.DOF.Gather.EnableBokehSettings:0       ; no bokeh simulation when gathering]]
[2021.11.17-22.00.38:220][  0]LogConfig: Setting CVar [[r.DOF.Gather.RingCount:4                 ; medium number of samples when gathering]]
[2021.11.17-22.00.38:220][  0]LogConfig: Setting CVar [[r.DOF.Scatter.ForegroundCompositing:1    ; additive foreground scattering]]
[2021.11.17-22.00.38:220][  0]LogConfig: Setting CVar [[r.DOF.Scatter.BackgroundCompositing:2    ; additive background scattering]]
[2021.11.17-22.00.38:220][  0]LogConfig: Setting CVar [[r.DOF.Scatter.EnableBokehSettings:1      ; bokeh simulation when scattering]]
[2021.11.17-22.00.38:220][  0]LogConfig: Setting CVar [[r.DOF.Scatter.MaxSpriteRatio:0.1         ; only a maximum of 10% of scattered bokeh]]
[2021.11.17-22.00.38:220][  0]LogConfig: Setting CVar [[r.DOF.Recombine.Quality:1                ; cheap slight out of focus]]
[2021.11.17-22.00.38:220][  0]LogConfig: Setting CVar [[r.DOF.Recombine.EnableBokehSettings:0    ; no bokeh simulation on slight out of focus]]
[2021.11.17-22.00.38:220][  0]LogConfig: Setting CVar [[r.DOF.TemporalAAQuality:1                ; more stable temporal accumulation]]
[2021.11.17-22.00.38:220][  0]LogConfig: Setting CVar [[r.DOF.Kernel.MaxForegroundRadius:0.025]]
[2021.11.17-22.00.38:220][  0]LogConfig: Setting CVar [[r.DOF.Kernel.MaxBackgroundRadius:0.025]]
[2021.11.17-22.00.38:220][  0]LogConfig: Applying CVar settings from Section [TextureQuality@3] File [C:/GitKrakenNIKKO/NikkoChap2/Saved/Config/Windows/Scalability.ini]
[2021.11.17-22.00.38:220][  0]LogConfig: Setting CVar [[r.Streaming.MipBias:0]]
[2021.11.17-22.00.38:220][  0]LogConfig: Setting CVar [[r.Streaming.AmortizeCPUToGPUCopy:0]]
[2021.11.17-22.00.38:220][  0]LogConfig: Setting CVar [[r.Streaming.MaxNumTexturesToStreamPerFrame:0]]
[2021.11.17-22.00.38:220][  0]LogConfig: Setting CVar [[r.Streaming.Boost:1]]
[2021.11.17-22.00.38:220][  0]LogConfig: Setting CVar [[r.MaxAnisotropy:8]]
[2021.11.17-22.00.38:220][  0]LogConfig: Setting CVar [[r.VT.MaxAnisotropy:8]]
[2021.11.17-22.00.38:220][  0]LogConfig: Setting CVar [[r.Streaming.LimitPoolSizeToVRAM:0]]
[2021.11.17-22.00.38:220][  0]LogConfig: Setting CVar [[r.Streaming.PoolSize:1000]]
[2021.11.17-22.00.38:220][  0]LogConfig: Setting CVar [[r.Streaming.MaxEffectiveScreenSize:0]]
[2021.11.17-22.00.38:220][  0]LogConfig: Applying CVar settings from Section [EffectsQuality@3] File [C:/GitKrakenNIKKO/NikkoChap2/Saved/Config/Windows/Scalability.ini]
[2021.11.17-22.00.38:220][  0]LogConfig: Setting CVar [[r.TranslucencyLightingVolumeDim:64]]
[2021.11.17-22.00.38:220][  0]LogConfig: Setting CVar [[r.RefractionQuality:2]]
[2021.11.17-22.00.38:220][  0]LogConfig: Setting CVar [[r.SSR.Quality:3]]
[2021.11.17-22.00.38:221][  0]LogConfig: Setting CVar [[r.SSR.HalfResSceneColor:0]]
[2021.11.17-22.00.38:221][  0]LogConfig: Setting CVar [[r.SceneColorFormat:4]]
[2021.11.17-22.00.38:221][  0]LogConfig: Setting CVar [[r.DetailMode:2]]
[2021.11.17-22.00.38:221][  0]LogConfig: Setting CVar [[r.TranslucencyVolumeBlur:1]]
[2021.11.17-22.00.38:221][  0]LogConfig: Setting CVar [[r.MaterialQualityLevel:1 ; High quality]]
[2021.11.17-22.00.38:221][  0]LogConfig: Setting CVar [[r.AnisotropicMaterials:1]]
[2021.11.17-22.00.38:221][  0]LogConfig: Setting CVar [[r.SSS.Scale:1]]
[2021.11.17-22.00.38:221][  0]LogConfig: Setting CVar [[r.SSS.SampleSet:2]]
[2021.11.17-22.00.38:221][  0]LogConfig: Setting CVar [[r.SSS.Quality:1]]
[2021.11.17-22.00.38:221][  0]LogConfig: Setting CVar [[r.SSS.HalfRes:0]]
[2021.11.17-22.00.38:221][  0]LogConfig: Setting CVar [[r.SSGI.Quality:3]]
[2021.11.17-22.00.38:221][  0]LogConfig: Setting CVar [[r.EmitterSpawnRateScale:1.0]]
[2021.11.17-22.00.38:221][  0]LogConfig: Setting CVar [[r.ParticleLightQuality:2]]
[2021.11.17-22.00.38:221][  0]LogConfig: Setting CVar [[r.SkyAtmosphere.AerialPerspectiveLUT.FastApplyOnOpaque:1 ; Always have FastSkyLUT 1 in this case to avoid wrong sky]]
[2021.11.17-22.00.38:221][  0]LogConfig: Setting CVar [[r.SkyAtmosphere.AerialPerspectiveLUT.SampleCountMaxPerSlice:4]]
[2021.11.17-22.00.38:221][  0]LogConfig: Setting CVar [[r.SkyAtmosphere.AerialPerspectiveLUT.DepthResolution:16.0]]
[2021.11.17-22.00.38:221][  0]LogConfig: Setting CVar [[r.SkyAtmosphere.FastSkyLUT:1]]
[2021.11.17-22.00.38:221][  0]LogConfig: Setting CVar [[r.SkyAtmosphere.FastSkyLUT.SampleCountMin:4.0]]
[2021.11.17-22.00.38:221][  0]LogConfig: Setting CVar [[r.SkyAtmosphere.FastSkyLUT.SampleCountMax:128.0]]
[2021.11.17-22.00.38:221][  0]LogConfig: Setting CVar [[r.SkyAtmosphere.SampleCountMin:4.0]]
[2021.11.17-22.00.38:221][  0]LogConfig: Setting CVar [[r.SkyAtmosphere.SampleCountMax:128.0]]
[2021.11.17-22.00.38:221][  0]LogConfig: Setting CVar [[r.SkyAtmosphere.TransmittanceLUT.UseSmallFormat:0]]
[2021.11.17-22.00.38:221][  0]LogConfig: Setting CVar [[r.SkyAtmosphere.TransmittanceLUT.SampleCount:10.0]]
[2021.11.17-22.00.38:221][  0]LogConfig: Setting CVar [[r.SkyAtmosphere.MultiScatteringLUT.SampleCount:15.0]]
[2021.11.17-22.00.38:221][  0]LogConfig: Setting CVar [[r.SkyLight.RealTimeReflectionCapture:1]]
[2021.11.17-22.00.38:221][  0]LogConfig: Applying CVar settings from Section [FoliageQuality@3] File [C:/GitKrakenNIKKO/NikkoChap2/Saved/Config/Windows/Scalability.ini]
[2021.11.17-22.00.38:221][  0]LogConfig: Setting CVar [[foliage.DensityScale:1.0]]
[2021.11.17-22.00.38:221][  0]LogConfig: Setting CVar [[grass.DensityScale:1.0]]
[2021.11.17-22.00.38:221][  0]LogConfig: Applying CVar settings from Section [ShadingQuality@3] File [C:/GitKrakenNIKKO/NikkoChap2/Saved/Config/Windows/Scalability.ini]
[2021.11.17-22.00.38:221][  0]LogConfig: Setting CVar [[r.HairStrands.SkyLighting.IntegrationType:2]]
[2021.11.17-22.00.38:221][  0]LogConfig: Setting CVar [[r.HairStrands.SkyAO.SampleCount:4]]
[2021.11.17-22.00.38:221][  0]LogConfig: Setting CVar [[r.HairStrands.Visibility.MSAA.SamplePerPixel:4]]
[2021.11.17-22.00.38:221][  0]LogInit: Selected Device Profile: [Windows]
[2021.11.17-22.00.38:221][  0]LogInit: Applying CVar settings loaded from the selected device profile: [Windows]
[2021.11.17-22.00.38:221][  0]LogHAL: Display: Platform has ~ 16 GB [17051144192 / 17179869184 / 16], which maps to Larger [LargestMinGB=32, LargerMinGB=12, DefaultMinGB=8, SmallerMinGB=6, SmallestMinGB=0)
[2021.11.17-22.00.38:221][  0]LogInit: Going up to parent DeviceProfile []
[2021.11.17-22.00.38:222][  0]LogConfig: Applying CVar settings from Section [ViewDistanceQuality@0] File [C:/GitKrakenNIKKO/NikkoChap2/Saved/Config/Windows/Scalability.ini]
[2021.11.17-22.00.38:222][  0]LogConfig: Setting CVar [[r.SkeletalMeshLODBias:2]]
[2021.11.17-22.00.38:222][  0]LogConfig: Setting CVar [[r.ViewDistanceScale:0.4]]
[2021.11.17-22.00.38:222][  0]LogConfig: Applying CVar settings from Section [AntiAliasingQuality@0] File [C:/GitKrakenNIKKO/NikkoChap2/Saved/Config/Windows/Scalability.ini]
[2021.11.17-22.00.38:222][  0]LogConfig: Setting CVar [[r.PostProcessAAQuality:0]]
[2021.11.17-22.00.38:222][  0]LogConfig: Applying CVar settings from Section [ShadowQuality@0] File [C:/GitKrakenNIKKO/NikkoChap2/Saved/Config/Windows/Scalability.ini]
[2021.11.17-22.00.38:222][  0]LogConfig: Setting CVar [[r.LightFunctionQuality:0]]
[2021.11.17-22.00.38:222][  0]LogConfig: Setting CVar [[r.ShadowQuality:0]]
[2021.11.17-22.00.38:222][  0]LogConfig: Setting CVar [[r.Shadow.CSM.MaxCascades:1]]
[2021.11.17-22.00.38:222][  0]LogConfig: Setting CVar [[r.Shadow.MaxResolution:512]]
[2021.11.17-22.00.38:222][  0]LogConfig: Setting CVar [[r.Shadow.MaxCSMResolution:512]]
[2021.11.17-22.00.38:222][  0]LogConfig: Setting CVar [[r.Shadow.RadiusThreshold:0.06]]
[2021.11.17-22.00.38:222][  0]LogConfig: Setting CVar [[r.Shadow.DistanceScale:0.6]]
[2021.11.17-22.00.38:222][  0]LogConfig: Setting CVar [[r.Shadow.CSM.TransitionScale:0]]
[2021.11.17-22.00.38:222][  0]LogConfig: Setting CVar [[r.Shadow.PreShadowResolutionFactor:0.5]]
[2021.11.17-22.00.38:222][  0]LogConfig: Setting CVar [[r.DistanceFieldShadowing:0]]
[2021.11.17-22.00.38:222][  0]LogConfig: Setting CVar [[r.DistanceFieldAO:0]]
[2021.11.17-22.00.38:222][  0]LogConfig: Setting CVar [[r.VolumetricFog:0]]
[2021.11.17-22.00.38:222][  0]LogConfig: Setting CVar [[r.LightMaxDrawDistanceScale:0]]
[2021.11.17-22.00.38:222][  0]LogConfig: Setting CVar [[r.CapsuleShadows:0]]
[2021.11.17-22.00.38:222][  0]LogConfig: Applying CVar settings from Section [PostProcessQuality@0] File [C:/GitKrakenNIKKO/NikkoChap2/Saved/Config/Windows/Scalability.ini]
[2021.11.17-22.00.38:222][  0]LogConfig: Setting CVar [[r.MotionBlurQuality:0]]
[2021.11.17-22.00.38:222][  0]LogConfig: Setting CVar [[r.AmbientOcclusionMipLevelFactor:1.0]]
[2021.11.17-22.00.38:222][  0]LogConfig: Setting CVar [[r.AmbientOcclusionMaxQuality:0]]
[2021.11.17-22.00.38:222][  0]LogConfig: Setting CVar [[r.AmbientOcclusionLevels:0]]
[2021.11.17-22.00.38:222][  0]LogConfig: Setting CVar [[r.AmbientOcclusionRadiusScale:1.2]]
[2021.11.17-22.00.38:222][  0]LogConfig: Setting CVar [[r.DepthOfFieldQuality:0]]
[2021.11.17-22.00.38:222][  0]LogConfig: Setting CVar [[r.RenderTargetPoolMin:300]]
[2021.11.17-22.00.38:222][  0]LogConfig: Setting CVar [[r.LensFlareQuality:0]]
[2021.11.17-22.00.38:222][  0]LogConfig: Setting CVar [[r.SceneColorFringeQuality:0]]
[2021.11.17-22.00.38:222][  0]LogConfig: Setting CVar [[r.EyeAdaptationQuality:2]]
[2021.11.17-22.00.38:222][  0]LogConfig: Setting CVar [[r.BloomQuality:4]]
[2021.11.17-22.00.38:222][  0]LogConfig: Setting CVar [[r.FastBlurThreshold:0]]
[2021.11.17-22.00.38:222][  0]LogConfig: Setting CVar [[r.Upscale.Quality:1]]
[2021.11.17-22.00.38:222][  0]LogConfig: Setting CVar [[r.Tonemapper.GrainQuantization:0]]
[2021.11.17-22.00.38:222][  0]LogConfig: Setting CVar [[r.LightShaftQuality:0]]
[2021.11.17-22.00.38:222][  0]LogConfig: Setting CVar [[r.Filter.SizeScale:0.6]]
[2021.11.17-22.00.38:222][  0]LogConfig: Setting CVar [[r.Tonemapper.Quality:0]]
[2021.11.17-22.00.38:222][  0]LogConfig: Applying CVar settings from Section [TextureQuality@0] File [C:/GitKrakenNIKKO/NikkoChap2/Saved/Config/Windows/Scalability.ini]
[2021.11.17-22.00.38:222][  0]LogConfig: Setting CVar [[r.Streaming.MipBias:16]]
[2021.11.17-22.00.38:222][  0]LogConfig: Setting CVar [[r.Streaming.AmortizeCPUToGPUCopy:1]]
[2021.11.17-22.00.38:222][  0]LogConfig: Setting CVar [[r.Streaming.MaxNumTexturesToStreamPerFrame:1]]
[2021.11.17-22.00.38:222][  0]LogConfig: Setting CVar [[r.Streaming.Boost:0.3]]
[2021.11.17-22.00.38:222][  0]LogConfig: Setting CVar [[r.MaxAnisotropy:0]]
[2021.11.17-22.00.38:222][  0]LogConfig: Setting CVar [[r.VT.MaxAnisotropy:4]]
[2021.11.17-22.00.38:222][  0]LogConfig: Setting CVar [[r.Streaming.LimitPoolSizeToVRAM:1]]
[2021.11.17-22.00.38:222][  0]LogConfig: Setting CVar [[r.Streaming.PoolSize:400]]
[2021.11.17-22.00.38:222][  0]LogConfig: Setting CVar [[r.Streaming.MaxEffectiveScreenSize:0]]
[2021.11.17-22.00.38:222][  0]LogConfig: Applying CVar settings from Section [EffectsQuality@2] File [C:/GitKrakenNIKKO/NikkoChap2/Saved/Config/Windows/Scalability.ini]
[2021.11.17-22.00.38:222][  0]LogConfig: Setting CVar [[r.TranslucencyLightingVolumeDim:48]]
[2021.11.17-22.00.38:222][  0]LogConfig: Setting CVar [[r.RefractionQuality:2]]
[2021.11.17-22.00.38:222][  0]LogConfig: Setting CVar [[r.SSR.Quality:2]]
[2021.11.17-22.00.38:222][  0]LogConfig: Setting CVar [[r.SSR.HalfResSceneColor:1]]
[2021.11.17-22.00.38:222][  0]LogConfig: Setting CVar [[r.SceneColorFormat:3]]
[2021.11.17-22.00.38:222][  0]LogConfig: Setting CVar [[r.DetailMode:1]]
[2021.11.17-22.00.38:222][  0]LogConfig: Setting CVar [[r.TranslucencyVolumeBlur:1]]
[2021.11.17-22.00.38:222][  0]LogConfig: Setting CVar [[r.MaterialQualityLevel:1 ; High quality]]
[2021.11.17-22.00.38:223][  0]LogConfig: Setting CVar [[r.AnisotropicMaterials:1]]
[2021.11.17-22.00.38:223][  0]LogConfig: Setting CVar [[r.SSS.Scale:1]]
[2021.11.17-22.00.38:223][  0]LogConfig: Setting CVar [[r.SSS.SampleSet:1]]
[2021.11.17-22.00.38:223][  0]LogConfig: Setting CVar [[r.SSS.Quality:-1]]
[2021.11.17-22.00.38:223][  0]LogConfig: Setting CVar [[r.SSS.HalfRes:1]]
[2021.11.17-22.00.38:223][  0]LogConfig: Setting CVar [[r.SSGI.Quality:2]]
[2021.11.17-22.00.38:223][  0]LogConfig: Setting CVar [[r.EmitterSpawnRateScale:0.5]]
[2021.11.17-22.00.38:223][  0]LogConfig: Setting CVar [[r.ParticleLightQuality:1]]
[2021.11.17-22.00.38:223][  0]LogConfig: Setting CVar [[r.SkyAtmosphere.AerialPerspectiveLUT.FastApplyOnOpaque:1 ; Always have FastSkyLUT 1 in this case to avoid wrong sky]]
[2021.11.17-22.00.38:223][  0]LogConfig: Setting CVar [[r.SkyAtmosphere.AerialPerspectiveLUT.SampleCountMaxPerSlice:2]]
[2021.11.17-22.00.38:223][  0]LogConfig: Setting CVar [[r.SkyAtmosphere.AerialPerspectiveLUT.DepthResolution:16.0]]
[2021.11.17-22.00.38:223][  0]LogConfig: Setting CVar [[r.SkyAtmosphere.FastSkyLUT:1]]
[2021.11.17-22.00.38:223][  0]LogConfig: Setting CVar [[r.SkyAtmosphere.FastSkyLUT.SampleCountMin:4.0]]
[2021.11.17-22.00.38:223][  0]LogConfig: Setting CVar [[r.SkyAtmosphere.FastSkyLUT.SampleCountMax:64.0]]
[2021.11.17-22.00.38:223][  0]LogConfig: Setting CVar [[r.SkyAtmosphere.SampleCountMin:4.0]]
[2021.11.17-22.00.38:223][  0]LogConfig: Setting CVar [[r.SkyAtmosphere.SampleCountMax:64.0]]
[2021.11.17-22.00.38:223][  0]LogConfig: Setting CVar [[r.SkyAtmosphere.TransmittanceLUT.UseSmallFormat:0]]
[2021.11.17-22.00.38:223][  0]LogConfig: Setting CVar [[r.SkyAtmosphere.TransmittanceLUT.SampleCount:10.0]]
[2021.11.17-22.00.38:223][  0]LogConfig: Setting CVar [[r.SkyAtmosphere.MultiScatteringLUT.SampleCount:15.0]]
[2021.11.17-22.00.38:223][  0]LogConfig: Setting CVar [[r.SkyLight.RealTimeReflectionCapture:1]]
[2021.11.17-22.00.38:223][  0]LogConfig: Applying CVar settings from Section [FoliageQuality@0] File [C:/GitKrakenNIKKO/NikkoChap2/Saved/Config/Windows/Scalability.ini]
[2021.11.17-22.00.38:223][  0]LogConfig: Setting CVar [[foliage.DensityScale:0]]
[2021.11.17-22.00.38:223][  0]LogConfig: Setting CVar [[grass.DensityScale:0]]
[2021.11.17-22.00.38:223][  0]LogConfig: Applying CVar settings from Section [ShadingQuality@0] File [C:/GitKrakenNIKKO/NikkoChap2/Saved/Config/Windows/Scalability.ini]
[2021.11.17-22.00.38:223][  0]LogConfig: Setting CVar [[r.HairStrands.SkyLighting.IntegrationType:2]]
[2021.11.17-22.00.38:223][  0]LogConfig: Setting CVar [[r.HairStrands.SkyAO.SampleCount:4]]
[2021.11.17-22.00.38:223][  0]LogConfig: Setting CVar [[r.HairStrands.Visibility.MSAA.SamplePerPixel:1]]
[2021.11.17-22.00.38:223][  0]LogConfig: Applying CVar settings from Section [Startup] File [../../../Engine/Config/ConsoleVariables.ini]
[2021.11.17-22.00.38:223][  0]LogConfig: Setting CVar [[net.UseAdaptiveNetUpdateFrequency:0]]
[2021.11.17-22.00.38:224][  0]LogConfig: Setting CVar [[p.chaos.AllowCreatePhysxBodies:1]]
[2021.11.17-22.00.38:224][  0]LogConfig: Setting CVar [[fx.SkipVectorVMBackendOptimizations:1]]
[2021.11.17-22.00.38:224][  0]LogConfig: Applying CVar settings from Section [ConsoleVariables] File [C:/GitKrakenNIKKO/NikkoChap2/Saved/Config/Windows/Engine.ini]
[2021.11.17-22.00.38:224][  0]LogConfig: Applying CVar settings from Section [ConsoleVariables] File [C:/GitKrakenNIKKO/NikkoChap2/Saved/Config/Windows/Editor.ini]
[2021.11.17-22.00.38:224][  0]LogInit: Computer: LAPTOP-L4LU492S
[2021.11.17-22.00.38:224][  0]LogInit: User: gardj
[2021.11.17-22.00.38:224][  0]LogInit: CPU Page size=4096, Cores=6
[2021.11.17-22.00.38:224][  0]LogInit: High frequency timer resolution =10.000000 MHz
[2021.11.17-22.00.38:224][  0]LogMemory: Memory total: Physical=15.9GB (16GB approx)
[2021.11.17-22.00.38:224][  0]LogMemory: Platform Memory Stats for Windows
[2021.11.17-22.00.38:224][  0]LogMemory: Process Physical Memory: 149.02 MB used, 149.02 MB peak
[2021.11.17-22.00.38:224][  0]LogMemory: Process Virtual Memory: 126.93 MB used, 126.93 MB peak
[2021.11.17-22.00.38:224][  0]LogMemory: Physical Memory: 9464.31 MB used,  6796.93 MB free, 16261.24 MB total
[2021.11.17-22.00.38:224][  0]LogMemory: Virtual Memory: 134199848.00 MB used,  17876.85 MB free, 134217728.00 MB total
[2021.11.17-22.00.38:230][  0]LogWindows: WindowsPlatformFeatures enabled
[2021.11.17-22.00.38:283][  0]LogInit: Physics initialised using underlying interface: PhysX
[2021.11.17-22.00.38:283][  0]LogInit: Using OS detected language (nb-NO).
[2021.11.17-22.00.38:283][  0]LogInit: Using OS detected locale (nb-NO).
[2021.11.17-22.00.38:292][  0]LogTextLocalizationManager: No localization for 'nb-NO' exists, so 'en' will be used for the language.
[2021.11.17-22.00.38:497][  0]LogInit: Setting process to per monitor DPI aware
[2021.11.17-22.00.38:509][  0]LogWindowsTextInputMethodSystem: Display: IME system deactivated.
[2021.11.17-22.00.38:524][  0]LogSlate: New Slate User Created.  User Index 0, Is Virtual User: 0
[2021.11.17-22.00.38:524][  0]LogSlate: Slate User Registered.  User Index 0, Is Virtual User: 0
[2021.11.17-22.00.38:682][  0]LogD3D11RHI: Loaded GFSDK_Aftermath_Lib.x64.dll
[2021.11.17-22.00.38:685][  0]LogHMD: Failed to initialize OpenVR with code 110
[2021.11.17-22.00.38:685][  0]LogD3D11RHI: D3D11 min allowed feature level: 11_0
[2021.11.17-22.00.38:685][  0]LogD3D11RHI: D3D11 max allowed feature level: 11_0
[2021.11.17-22.00.38:685][  0]LogD3D11RHI: D3D11 adapters:
[2021.11.17-22.00.38:804][  0]LogD3D11RHI:    0. 'NVIDIA GeForce RTX 2060' (Feature Level 11_0)
[2021.11.17-22.00.38:804][  0]LogD3D11RHI:       5980/0/8130 MB DedicatedVideo/DedicatedSystem/SharedSystem, Outputs:1, VendorId:0x10de
[2021.11.17-22.00.38:806][  0]LogD3D11RHI:    1. 'Microsoft Basic Render Driver' (Feature Level 11_0)
[2021.11.17-22.00.38:806][  0]LogD3D11RHI:       0/0/8130 MB DedicatedVideo/DedicatedSystem/SharedSystem, Outputs:0, VendorId:0x1414
[2021.11.17-22.00.38:806][  0]LogD3D11RHI: Chosen D3D11 Adapter:
[2021.11.17-22.00.38:806][  0]LogD3D11RHI:     Description : NVIDIA GeForce RTX 2060
[2021.11.17-22.00.38:806][  0]LogD3D11RHI:     VendorId    : 10de
[2021.11.17-22.00.38:806][  0]LogD3D11RHI:     DeviceId    : 1f11
[2021.11.17-22.00.38:806][  0]LogD3D11RHI:     SubSysId    : 8574103c
[2021.11.17-22.00.38:806][  0]LogD3D11RHI:     Revision    : 00a1
[2021.11.17-22.00.38:806][  0]LogD3D11RHI:     DedicatedVideoMemory : 6270484480 bytes
[2021.11.17-22.00.38:806][  0]LogD3D11RHI:     DedicatedSystemMemory : 0 bytes
[2021.11.17-22.00.38:806][  0]LogD3D11RHI:     SharedSystemMemory : 8525572096 bytes
[2021.11.17-22.00.38:806][  0]LogD3D11RHI:     AdapterLuid : 0 85197
[2021.11.17-22.00.38:811][  0]LogD3D11RHI: Creating new Direct3DDevice
[2021.11.17-22.00.38:812][  0]LogD3D11RHI:     GPU DeviceId: 0x1f11 (for the marketing name, search the web for "GPU Device Id")
[2021.11.17-22.00.38:812][  0]LogWindows: EnumDisplayDevices:
[2021.11.17-22.00.38:812][  0]LogWindows:    0. 'NVIDIA GeForce RTX 2060' (P:1 D:1)
[2021.11.17-22.00.38:812][  0]LogWindows:    1. 'NVIDIA GeForce RTX 2060' (P:0 D:0)
[2021.11.17-22.00.38:812][  0]LogWindows:    2. 'NVIDIA GeForce RTX 2060' (P:0 D:0)
[2021.11.17-22.00.38:812][  0]LogWindows:    3. 'NVIDIA GeForce RTX 2060' (P:0 D:0)
[2021.11.17-22.00.38:813][  0]LogWindows: DebugString: FoundDriverCount:4 
[2021.11.17-22.00.38:813][  0]LogD3D11RHI:     Adapter Name: NVIDIA GeForce RTX 2060
[2021.11.17-22.00.38:813][  0]LogD3D11RHI:   Driver Version: 496.13 (internal:30.0.14.9613, unified:496.13)
[2021.11.17-22.00.38:813][  0]LogD3D11RHI:      Driver Date: 10-6-2021
[2021.11.17-22.00.38:813][  0]LogRHI: Texture pool is 4186 MB (70% of 5980 MB)
[2021.11.17-22.00.38:813][  0]LogD3D11RHI: Creating D3DDevice using adapter:
[2021.11.17-22.00.38:813][  0]LogD3D11RHI:     Description : NVIDIA GeForce RTX 2060
[2021.11.17-22.00.38:813][  0]LogD3D11RHI:     VendorId    : 10de
[2021.11.17-22.00.38:813][  0]LogD3D11RHI:     DeviceId    : 1f11
[2021.11.17-22.00.38:813][  0]LogD3D11RHI:     SubSysId    : 8574103c
[2021.11.17-22.00.38:813][  0]LogD3D11RHI:     Revision    : 00a1
[2021.11.17-22.00.38:813][  0]LogD3D11RHI:     DedicatedVideoMemory : 6270484480 bytes
[2021.11.17-22.00.38:813][  0]LogD3D11RHI:     DedicatedSystemMemory : 0 bytes
[2021.11.17-22.00.38:813][  0]LogD3D11RHI:     SharedSystemMemory : 8525572096 bytes
[2021.11.17-22.00.38:813][  0]LogD3D11RHI:     AdapterLuid : 0 85197
[2021.11.17-22.00.38:879][  0]LogD3D11RHI: RHI has support for 64 bit atomics
[2021.11.17-22.00.38:879][  0]LogD3D11RHI: Async texture creation enabled
[2021.11.17-22.00.38:879][  0]LogD3D11RHI: Array index from any shader is supported
[2021.11.17-22.00.38:902][  0]LogD3D11RHI: GPU Timing Frequency: 1000.000000 (Debug: 2 1)
[2021.11.17-22.00.38:951][  0]LogRHI: GeForceNow SDK initialized: 1
[2021.11.17-22.00.39:256][  0]LogTargetPlatformManager: Display: Loaded TargetPlatform 'AllDesktop'
[2021.11.17-22.00.39:279][  0]LogTargetPlatformManager: Display: Loaded TargetPlatform 'Android'
[2021.11.17-22.00.39:279][  0]LogTargetPlatformManager: Display: Loaded TargetPlatform 'Android_ASTC'
[2021.11.17-22.00.39:279][  0]LogTargetPlatformManager: Display: Loaded TargetPlatform 'Android_DXT'
[2021.11.17-22.00.39:279][  0]LogTargetPlatformManager: Display: Loaded TargetPlatform 'Android_ETC2'
[2021.11.17-22.00.39:279][  0]LogTargetPlatformManager: Display: Loaded TargetPlatform 'AndroidClient'
[2021.11.17-22.00.39:279][  0]LogTargetPlatformManager: Display: Loaded TargetPlatform 'Android_ASTCClient'
[2021.11.17-22.00.39:279][  0]LogTargetPlatformManager: Display: Loaded TargetPlatform 'Android_DXTClient'
[2021.11.17-22.00.39:279][  0]LogTargetPlatformManager: Display: Loaded TargetPlatform 'Android_ETC2Client'
[2021.11.17-22.00.39:279][  0]LogTargetPlatformManager: Display: Loaded TargetPlatform 'Android_Multi'
[2021.11.17-22.00.39:279][  0]LogTargetPlatformManager: Display: Loaded TargetPlatform 'Android_MultiClient'
[2021.11.17-22.00.39:299][  0]LogTargetPlatformManager: Display: Loaded TargetPlatform 'IOSClient'
[2021.11.17-22.00.39:299][  0]LogTargetPlatformManager: Display: Loaded TargetPlatform 'IOS'
[2021.11.17-22.00.39:311][  0]LogTargetPlatformManager: Display: Loaded TargetPlatform 'Linux'
[2021.11.17-22.00.39:316][  0]LogTargetPlatformManager: Display: Loaded TargetPlatform 'LinuxNoEditor'
[2021.11.17-22.00.39:320][  0]LogTargetPlatformManager: Display: Loaded TargetPlatform 'LinuxClient'
[2021.11.17-22.00.39:324][  0]LogTargetPlatformManager: Display: Loaded TargetPlatform 'LinuxServer'
[2021.11.17-22.00.39:336][  0]LogTargetPlatformManager: Display: Loaded TargetPlatform 'LinuxAArch64NoEditor'
[2021.11.17-22.00.39:341][  0]LogTargetPlatformManager: Display: Loaded TargetPlatform 'LinuxAArch64Client'
[2021.11.17-22.00.39:346][  0]LogTargetPlatformManager: Display: Loaded TargetPlatform 'LinuxAArch64Server'
[2021.11.17-22.00.39:377][  0]LogTargetPlatformManager: Display: Loaded TargetPlatform 'Lumin'
[2021.11.17-22.00.39:377][  0]LogTargetPlatformManager: Display: Loaded TargetPlatform 'LuminClient'
[2021.11.17-22.00.39:387][  0]LogTargetPlatformManager: Display: Loaded TargetPlatform 'MacNoEditor'
[2021.11.17-22.00.39:392][  0]LogTargetPlatformManager: Display: Loaded TargetPlatform 'Mac'
[2021.11.17-22.00.39:397][  0]LogTargetPlatformManager: Display: Loaded TargetPlatform 'MacClient'
[2021.11.17-22.00.39:401][  0]LogTargetPlatformManager: Display: Loaded TargetPlatform 'MacServer'
[2021.11.17-22.00.39:413][  0]LogTargetPlatformManager: Display: Loaded TargetPlatform 'TVOSClient'
[2021.11.17-22.00.39:413][  0]LogTargetPlatformManager: Display: Loaded TargetPlatform 'TVOS'
[2021.11.17-22.00.39:425][  0]LogTargetPlatformManager: Display: Loaded TargetPlatform 'WindowsNoEditor'
[2021.11.17-22.00.39:430][  0]LogTargetPlatformManager: Display: Loaded TargetPlatform 'Windows'
[2021.11.17-22.00.39:434][  0]LogTargetPlatformManager: Display: Loaded TargetPlatform 'WindowsClient'
[2021.11.17-22.00.39:439][  0]LogTargetPlatformManager: Display: Loaded TargetPlatform 'WindowsServer'
[2021.11.17-22.00.39:439][  0]LogTargetPlatformManager: Display: Building Assets For Windows
[2021.11.17-22.00.39:448][  0]LogAudioDebug: Display: Lib vorbis DLL was dynamically loaded.
[2021.11.17-22.00.39:485][  0]LogTextureFormatOodle: Display: Oodle Texture 2.9.0 init RDO Off
[2021.11.17-22.00.39:521][  0]LogRendererCore: Ray tracing is disabled. Reason: r.RayTracing=0.
[2021.11.17-22.00.39:521][  0]LogShaderCompilers: Guid format shader working directory is 3 characters bigger than the processId version (../../../../../../GitKrakenNIKKO/NikkoChap2/Intermediate/Shaders/WorkingDirectory/4436/).
[2021.11.17-22.00.39:521][  0]LogShaderCompilers: Cleaned the shader compiler working directory 'C:/Users/gardj/AppData/Local/Temp/UnrealShaderWorkingDir/2CF73DA34DE97A5A1D86F7BE78C334B5/'.
[2021.11.17-22.00.39:521][  0]LogXGEController: Cannot use XGE Controller as Incredibuild is not installed on this machine.
[2021.11.17-22.00.39:521][  0]LogShaderCompilers: Cannot use XGE Shader Compiler as Incredibuild is not installed on this machine.
[2021.11.17-22.00.39:521][  0]LogShaderCompilers: Display: Using Local Shader Compiler.
[2021.11.17-22.00.40:275][  0]LogDerivedDataCache: Display: Max Cache Size: 512 MB
[2021.11.17-22.00.40:336][  0]LogDerivedDataCache: Loaded boot cache 0.06s 110MB C:/Users/gardj/AppData/Local/UnrealEngine/4.27/DerivedDataCache/Boot.ddc.
[2021.11.17-22.00.40:336][  0]LogDerivedDataCache: Display: Loaded Boot cache: C:/Users/gardj/AppData/Local/UnrealEngine/4.27/DerivedDataCache/Boot.ddc
[2021.11.17-22.00.40:336][  0]LogDerivedDataCache: FDerivedDataBackendGraph:  Pak pak cache file ../../../../../../GitKrakenNIKKO/NikkoChap2/DerivedDataCache/DDC.ddp not found, will not use a pak cache.
[2021.11.17-22.00.40:336][  0]LogDerivedDataCache: Unable to find inner node Pak for hierarchical cache Hierarchy.
[2021.11.17-22.00.40:336][  0]LogDerivedDataCache: FDerivedDataBackendGraph:  CompressedPak pak cache file ../../../../../../GitKrakenNIKKO/NikkoChap2/DerivedDataCache/Compressed.ddp not found, will not use a pak cache.
[2021.11.17-22.00.40:336][  0]LogDerivedDataCache: Unable to find inner node CompressedPak for hierarchical cache Hierarchy.
[2021.11.17-22.00.40:351][  0]LogDerivedDataCache: Display: Pak cache opened for reading ../../../Engine/DerivedDataCache/Compressed.ddp.
[2021.11.17-22.00.40:351][  0]LogDerivedDataCache: FDerivedDataBackendGraph:  EnterprisePak pak cache file ../../../Enterprise/DerivedDataCache/Compressed.ddp not found, will not use a pak cache.
[2021.11.17-22.00.40:351][  0]LogDerivedDataCache: Unable to find inner node EnterprisePak for hierarchical cache Hierarchy.
[2021.11.17-22.00.40:362][  0]LogDerivedDataCache: Speed tests for C:/Users/gardj/AppData/Local/UnrealEngine/Common/DerivedDataCache took 0.01 seconds
[2021.11.17-22.00.40:363][  0]LogDerivedDataCache: Display: Performance to C:/Users/gardj/AppData/Local/UnrealEngine/Common/DerivedDataCache: Latency=0.05ms. RandomReadSpeed=281.55MBs, RandomWriteSpeed=124.78MBs. Assigned SpeedClass 'Local'
[2021.11.17-22.00.40:363][  0]LogDerivedDataCache: Using Local data cache path C:/Users/gardj/AppData/Local/UnrealEngine/Common/DerivedDataCache: Writable
[2021.11.17-22.00.40:363][  0]LogDerivedDataCache: Shared data cache path not found in *engine.ini, will not use an Shared cache.
[2021.11.17-22.00.40:363][  0]LogDerivedDataCache: Unable to find inner node Shared for hierarchical cache Hierarchy.
[2021.11.17-22.00.40:407][  0]LogSlate: Using FreeType 2.10.0
[2021.11.17-22.00.40:407][  0]LogSlate: SlateFontServices - WITH_FREETYPE: 1, WITH_HARFBUZZ: 1
[2021.11.17-22.00.40:431][  0]LogAssetRegistry: FAssetRegistry took 0.0032 seconds to start up
[2021.11.17-22.00.40:673][  0]LogInit: Selected Device Profile: [Windows]
[2021.11.17-22.00.40:673][  0]LogInit: Active device profile: [0000027E3AAF6900][0000027E3BB5A500 49] Windows
[2021.11.17-22.00.40:673][  0]LogInit: Profiles: [0000027E3AAF6900][0000027E3BB5A500 49] Windows, [0000027E3AA9D900][0000027E3BB62680 49] WindowsNoEditor, [0000027E3AAF5900][0000027E3BB66800 49] WindowsServer, [0000027E3AA9D300][0000027E3BB5E940 49] WindowsClient, [0000027E3AAF5200][0000027E3BB6AA80 49] IOS, [0000027E3AA9FB00][0000027E3B510BC0 49] iPadAir, [0000027E3AAF7E00][0000027E3B514D00 49] iPadAir2, [0000027E3AA32900][0000027E3B520FC0 49] IPadPro, [0000027E3AA32A00][0000027E3B51D000 49] iPadAir3, [0000027E3AAF4100][0000027E3B525180 49] iPadAir4, [0000027E3AA33400][0000027E3B529300 49] iPadMini2, [0000027E3AAF7400][0000027E3B52D480 49] iPadMini3, [0000027E3AA33300][0000027E3B531600 49] iPadMini4, [0000027E3AAF5E00][0000027E3B6ED780 49] iPadMini5, [0000027E3AA92200][0000027E3B709A40 49] iPhone6, [0000027E3AA92300][0000027E3B6F1A80 49] iPodTouch6, [0000027E3AA31F00][0000027E391B41C0 49] iPhone7, [0000027E3AA32000][0000027E3919A200 49] iPodTouch7, [0000027E3AA92C00][0000027E391F2380 49] iPhone5S, [0000027E3AA30A00][0000027E391F6500 49] iPhone6Plus, [0000027E3AA91B00][0000027E39328680 49] iPhone6S, [0000027E3AA30B00][0000027E3B6F4800 49] iPhone6SPlus, [0000027E3AA91600][0000027E3932C980 49] iPhone7Plus, [0000027E3AA30500][0000027E39330B00 49] iPhoneSE, [0000027E3AA92600][0000027E3B518C40 49] iPhone8, [0000027E3AA32200][0000027E3B3DED80 49] iPhone8Plus, [0000027E3AA93C00][0000027E3B3E2EC0 49] iPhoneX, [0000027E3AA31100][0000027E3BB4B040 49] iPhoneXS, [0000027E3AA92B00][0000027E3BB4F1C0 49] iPhoneXSMax, [0000027E3AA30C00][0000027E3BB53340 49] iPhoneXR, [0000027E3AA91C00][0000027E3B8434C0 49] iPhone11, [0000027E3AA32F00][0000027E3B847640 49] iPhone11Pro, [0000027E3AA91100][0000027E3B88B7C0 49] iPhone11ProMax, [0000027E3AA31600][0000027E3B899940 49] iPhoneSE2, [0000027E3AA93600][0000027E3B89DAC0 49] iPhone12Mini, [0000027E3AA30100][0000027E3B8A00C0 49] iPhone12, [0000027E3AA90C00][0000027E3B8A4240 49] iPhone12Pro, [0000027E3AA33A00][0000027E3B9183C0 49] iPhone12ProMax, [0000027E3AA90600][0000027E3B928540 49] iPadPro105, [0000027E3AA31400][0000027E3B93C6C0 49] iPadPro129, [0000027E3AA90B00][0000027E3BF6E840 49] iPadPro97, [0000027E3AA32600][0000027E3C0589C0 49] iPadPro2_129, [0000027E3AA91700][0000027E322B6B40 49] iPad5, [0000027E3AA30600][0000027E3C0E2CC0 49] iPad6, [0000027E3AA91F00][0000027E3BB46E00 49] iPad7, [0000027E3AA32D00][0000027E3C27AF40 49] iPad8, [0000027E3AA92A00][0000027E3C35B080 49] iPadPro11, [0000027E3AA33F00][0000027E3C3D31C0 49] iPadPro2_11, [0000027E3AA92000][0000027E3C3F1340 49] iPadPro3_129, [0000027E3AA9ED00][0000027E3C3F54C0 49] iPadPro4_129, [0000027E3B0AD200][0000027E3C3F9640 49] AppleTV, [0000027E3AA9DE00][0000027E3C4077C0 49] AppleTV4K, [0000027E3B0ACB00][0000027E3C47B940 49] TVOS, [0000027E3AA9D700][0000027E3CEA3AC0 49] Mac, [0000027E3B0AD000][0000027E3CEB20C0 49] MacClient, [0000027E3AA9CC00][0000027E3CEC6240 49] MacNoEditor, [0000027E3B0ADB00][0000027E3CECA3C0 49] MacServer, [0000027E3AA9E400][0000027E3CECE540 49] Linux, [0000027E3B0AD100][0000027E3CF6C6C0 49] LinuxAArch64, [0000027E3AA9C400][0000027E3CF70840 49] LinuxNoEditor, [0000027E3B0AD700][0000027E3CF749C0 49] LinuxAArch64NoEditor, [0000027E3AA90A00][0000027E3CF78B40 49] LinuxClient, [0000027E3AA33900][0000027E392BECC0 49] LinuxAArch64Client, [0000027E3AA90400][0000027E392C2E40 49] LinuxServer, [0000027E3AA33600][0000027E3C3ECF80 49] LinuxAArch64Server, [0000027E3AA92900][0000027E3B3610C0 49] Android, [0000027E3AA32700][0000027E3B3A7200 49] Android_Low, [0000027E3AA91500][0000027E3B3B1340 49] Android_Mid, [0000027E3AA33B00][0000027E3B3B94C0 49] Android_High, [0000027E3AA92100][0000027E3B3BD640 49] Android_Default, [0000027E3AA31D00][0000027E3B3C17C0 49] Android_Adreno4xx, [0000027E3AA91200][0000027E3B3C5940 49] Android_Adreno5xx_Low, [0000027E3AA32800][0000027E3B3C9AC0 49] Android_Adreno5xx, [0000027E3AA93200][0000027E3BAA20C0 49] Android_Adreno6xx, [0000027E3AA33500][0000027E3BAAC240 49] Android_Adreno6xx_Vulkan, [0000027E3AA91E00][0000027E3BAB03C0 49] Android_Mali_T6xx, [0000027E3AA30300][0000027E3BAB4540 49] Android_Mali_T7xx, [0000027E3AA92E00][0000027E3BAB86C0 49] Android_Mali_T8xx, [0000027E3AA31900][0000027E3BABC840 49] Android_Mali_G71, [0000027E3AA91D00][0000027E3BAC09C0 49] Android_Mali_G72, [0000027E3AA33C00][0000027E3BAC8B40 49] Android_Mali_G72_Vulkan, [0000027E3AA92F00][0000027E3BACCCC0 49] Android_Mali_G76, [0000027E3B0AC700][0000027E3BAD0E40 49] Android_Mali_G76_Vulkan, [0000027E3AA90200][0000027E3BAD4FC0 49] Android_Mali_G77, [0000027E3B0AC200][0000027E3B813140 49] Android_Mali_G77_Vulkan, [0000027E3AA92500][0000027E3B3B5280 49] Android_Mali_G78, [0000027E3AA31B00][0000027E3B83F3C0 49] Android_Mali_G78_Vulkan, [0000027E3AA90D00][0000027E3BAC5500 49] Android_Mali_G710, [0000027E3AA32500][0000027E3B81B680 49] Android_Mali_G710_Vulkan, [0000027E3AA90E00][0000027E3B81F800 49] Android_Vulkan_SM5, [0000027E3AA31300][0000027E3B823980 49] Android_PowerVR_G6xxx, [0000027E3AA92400][0000027E3B837B00 49] Android_PowerVR_GT7xxx, [0000027E3AA30700][0000027E3B83A100 49] Android_PowerVR_GE8xxx, [0000027E3AA93F00][0000027E3BE62280 49] Android_PowerVR_GM9xxx, [0000027E3AA30F00][0000027E3BE66400 49] Android_PowerVR_GM9xxx_Vulkan, [0000027E3AA91000][0000027E3BE6A580 49] Android_TegraK1, [0000027E3AA32B00][0000027E3BE6E700 49] Android_Unknown_Vulkan, [0000027E3AA91300][0000027E3BE72880 49] Lumin, [0000027E3AA30900][0000027E3C3CEA00 49] Lumin_Desktop, [0000027E3AA90500][0000027E3C3C4B80 49] HoloLens, 
[2021.11.17-22.00.40:799][  0]LogMeshReduction: Using QuadricMeshReduction for automatic static mesh reduction
[2021.11.17-22.00.40:799][  0]LogMeshReduction: Using SimplygonMeshReduction for automatic skeletal mesh reduction
[2021.11.17-22.00.40:799][  0]LogMeshReduction: Using ProxyLODMeshReduction for automatic mesh merging
[2021.11.17-22.00.40:799][  0]LogMeshReduction: No distributed automatic mesh merging module available
[2021.11.17-22.00.40:799][  0]LogMeshMerging: No distributed automatic mesh merging module available
[2021.11.17-22.00.40:815][  0]LogNetVersion: NIKKO 1.0.0, NetCL: 17155196, EngineNetVer: 17, GameNetVer: 0 (Checksum: 3895836785)
