Log file open, 11/10/21 14:39:14
LogWindows: Failed to load 'aqProf.dll' (GetLastError=126)
LogWindows: File 'aqProf.dll' does not exist
LogWindows: Failed to load 'VtuneApi.dll' (GetLastError=126)
LogWindows: File 'VtuneApi.dll' does not exist
LogWindows: Failed to load 'VtuneApi32e.dll' (GetLastError=126)
LogWindows: File 'VtuneApi32e.dll' does not exist
LogConsoleResponse: Display: Failed to find resolution value strings in scalability ini. Falling back to default.
LogConsoleResponse: Display: Failed to find resolution value strings in scalability ini. Falling back to default.
LogInit: Display: Running engine for game: NIKKO
LogPlatformFile: Not using cached read wrapper
LogTaskGraph: Started task graph with 5 named threads and 35 total threads with 3 sets of task threads.
LogStats: Stats thread started at 0.230983
LogICUInternationalization: ICU TimeZone Detection - Raw Offset: +1:00, Platform Override: ''
LogInit: Display: Loading text-based GConfig....
LogPluginManager: Mounting plugin MeshPainting
LogPluginManager: Mounting plugin XGEController
LogPluginManager: Mounting plugin Paper2D
LogPluginManager: Mounting plugin LiveLink
LogPluginManager: Mounting plugin AISupport
LogPluginManager: Mounting plugin EnvironmentQueryEditor
LogPluginManager: Mounting plugin LightPropagationVolume
LogPluginManager: Mounting plugin GameplayCameras
LogPluginManager: Mounting plugin OodleData
LogPluginManager: Mounting plugin CameraShakePreviewer
LogPluginManager: Mounting plugin AssetManagerEditor
LogPluginManager: Mounting plugin OodleNetwork
LogPluginManager: Mounting plugin CryptoKeys
LogPluginManager: Mounting plugin DataValidation
LogPluginManager: Mounting plugin EditorScriptingUtilities
LogPluginManager: Mounting plugin FacialAnimation
LogPluginManager: Mounting plugin GeometryMode
LogPluginManager: Mounting plugin MacGraphicsSwitching
LogPluginManager: Mounting plugin GameplayTagsEditor
LogPluginManager: Mounting plugin MeshEditor
LogPluginManager: Mounting plugin MaterialAnalyzer
LogPluginManager: Mounting plugin MobileLauncherProfileWizard
LogPluginManager: Mounting plugin PluginBrowser
LogPluginManager: Mounting plugin CurveEditorTools
LogPluginManager: Mounting plugin SpeedTreeImporter
LogPluginManager: Mounting plugin Niagara
LogPluginManager: Mounting plugin AlembicImporter
LogPluginManager: Mounting plugin AutomationUtils
LogPluginManager: Mounting plugin BackChannel
LogPluginManager: Mounting plugin BlastPlugin
LogPluginManager: Mounting plugin ChaosCloth
LogPluginManager: Mounting plugin ChaosClothEditor
LogPluginManager: Mounting plugin ChaosEditor
LogPluginManager: Mounting plugin ChaosNiagara
LogPluginManager: Mounting plugin ChaosSolverPlugin
LogPluginManager: Mounting plugin CharacterAI
LogPluginManager: Mounting plugin GeometryCache
LogPluginManager: Mounting plugin GeometryProcessing
LogPluginManager: Mounting plugin GeometryCollectionPlugin
LogPluginManager: Mounting plugin MotoSynth
LogPluginManager: Mounting plugin OpenImageDenoise
LogPluginManager: Mounting plugin PlanarCut
LogPluginManager: Mounting plugin ProxyLODPlugin
LogPluginManager: Mounting plugin PlatformCrypto
LogPluginManager: Mounting plugin PythonScriptPlugin
LogPluginManager: Mounting plugin SkeletalReduction
LogPluginManager: Mounting plugin LuminPlatformFeatures
LogPluginManager: Mounting plugin DataprepEditor
LogPluginManager: Mounting plugin MagicLeap
LogPluginManager: Mounting plugin DatasmithContent
LogPluginManager: Mounting plugin StaticMeshEditorExtension
LogPluginManager: Mounting plugin VariantManagerContent
LogPluginManager: Mounting plugin MagicLeapLightEstimation
LogPluginManager: Mounting plugin MagicLeapMedia
LogPluginManager: Mounting plugin MagicLeapPassableWorld
LogPluginManager: Mounting plugin MLSDK
LogPluginManager: Mounting plugin AndroidMedia
LogPluginManager: Mounting plugin AvfMedia
LogPluginManager: Mounting plugin ImgMedia
LogPluginManager: Mounting plugin MediaCompositing
LogPluginManager: Mounting plugin MediaPlayerEditor
LogPluginManager: Mounting plugin WebMMedia
LogPluginManager: Mounting plugin WmfMedia
LogPluginManager: Mounting plugin UdpMessaging
LogPluginManager: Mounting plugin TcpMessaging
LogPluginManager: Mounting plugin OnlineSubsystem
LogPluginManager: Mounting plugin OnlineSubsystemNull
LogPluginManager: Mounting plugin OnlineSubsystemUtils
LogPluginManager: Mounting plugin ActorSequence
LogPluginManager: Mounting plugin LevelSequenceEditor
LogPluginManager: Mounting plugin MatineeToLevelSequence
LogPluginManager: Mounting plugin TemplateSequence
LogPluginManager: Mounting plugin LauncherChunkInstaller
LogPluginManager: Mounting plugin ActorLayerUtilities
LogPluginManager: Mounting plugin AndroidDeviceProfileSelector
LogPluginManager: Mounting plugin AndroidMoviePlayer
LogPluginManager: Mounting plugin AndroidPermission
LogPluginManager: Mounting plugin AppleMoviePlayer
LogPluginManager: Mounting plugin AppleImageUtils
LogPluginManager: Mounting plugin ArchVisCharacter
LogPluginManager: Mounting plugin AssetTags
LogPluginManager: Mounting plugin AudioCapture
LogPluginManager: Mounting plugin AudioSynesthesia
LogPluginManager: Mounting plugin CableComponent
LogPluginManager: Mounting plugin ChunkDownloader
LogPluginManager: Mounting plugin CustomMeshComponent
LogPluginManager: Mounting plugin EditableMesh
LogPluginManager: Mounting plugin ExampleDeviceProfileSelector
LogPluginManager: Mounting plugin GoogleCloudMessaging
LogPluginManager: Mounting plugin GooglePAD
LogPluginManager: Mounting plugin ScreenshotTools
LogPluginManager: Mounting plugin IOSDeviceProfileSelector
LogPluginManager: Mounting plugin LinuxDeviceProfileSelector
LogPluginManager: Mounting plugin LocationServicesBPLibrary
LogPluginManager: Mounting plugin MobilePatchingUtils
LogPluginManager: Mounting plugin Takes
LogPluginManager: Mounting plugin OpenXR
LogPluginManager: Mounting plugin OpenXRHandTracking
LogPluginManager: Mounting plugin OpenXREyeTracker
LogPluginManager: Mounting plugin PhysXVehicles
LogPluginManager: Mounting plugin PostSplashScreen
LogPluginManager: Mounting plugin PropertyAccessEditor
LogPluginManager: Mounting plugin SignificanceManager
LogPluginManager: Mounting plugin ProceduralMeshComponent
LogPluginManager: Mounting plugin SoundFields
LogPluginManager: Mounting plugin RuntimePhysXCooking
LogPluginManager: Mounting plugin Synthesis
LogPluginManager: Mounting plugin WindowsMoviePlayer
LogPluginManager: Mounting plugin WebMMoviePlayer
LogPluginManager: Mounting plugin AnimationSharing
LogPluginManager: Mounting plugin CLionSourceCodeAccess
LogPluginManager: Mounting plugin CodeLiteSourceCodeAccess
LogPluginManager: Mounting plugin GitSourceControl
LogPluginManager: Mounting plugin KDevelopSourceCodeAccess
LogPluginManager: Mounting plugin NullSourceCodeAccess
LogPluginManager: Mounting plugin PerforceSourceControl
LogPluginManager: Mounting plugin PixWinPlugin
LogPluginManager: Mounting plugin PluginUtils
LogPluginManager: Mounting plugin PlasticSourceControl
LogPluginManager: Mounting plugin PropertyAccessNode
LogPluginManager: Mounting plugin RiderSourceCodeAccess
LogPluginManager: Mounting plugin SubversionSourceControl
LogPluginManager: Mounting plugin TextureFormatOodle
LogPluginManager: Mounting plugin UObjectPlugin
LogPluginManager: Mounting plugin XCodeSourceCodeAccess
LogPluginManager: Mounting plugin VisualStudioSourceCodeAccess
LogPluginManager: Mounting plugin VisualStudioCodeSourceCodeAccess
LogPluginManager: Mounting plugin ContentBrowserAssetDataSource
LogPluginManager: Mounting plugin ContentBrowserClassDataSource
LogPluginManager: Mounting plugin ContentBrowserFileDataSource
LogPluginManager: Mounting plugin OnlineSubsystemGooglePlay
LogPluginManager: Mounting plugin OnlineSubsystemIOS
LogPluginManager: Mounting plugin OculusVR
LogPluginManager: Mounting plugin SteamVR
LogInit: Using libcurl 7.55.1-DEV
LogInit:  - built for x86_64-pc-win32
LogInit:  - supports SSL with OpenSSL/1.1.1
LogInit:  - supports HTTP deflate (compression) using libz 1.2.8
LogInit:  - other features:
LogInit:      CURL_VERSION_SSL
LogInit:      CURL_VERSION_LIBZ
LogInit:      CURL_VERSION_IPV6
LogInit:      CURL_VERSION_ASYNCHDNS
LogInit:      CURL_VERSION_LARGEFILE
LogInit:      CURL_VERSION_IDN
LogInit:  CurlRequestOptions (configurable via config and command line):
LogInit:  - bVerifyPeer = true  - Libcurl will verify peer certificate
LogInit:  - bUseHttpProxy = false  - Libcurl will NOT use HTTP proxy
LogInit:  - bDontReuseConnections = false  - Libcurl will reuse connections
LogInit:  - MaxHostConnections = 16  - Libcurl will limit the number of connections to a host
LogInit:  - LocalHostAddr = Default
LogInit:  - BufferSize = 65536
LogOnline: OSS: Creating online subsystem instance for: NULL
LogInit: WinSock: version 1.1 (2.2), MaxSocks=32767, MaxUdp=65467
LogOnline: OSS: TryLoadSubsystemAndSetDefault: Loaded subsystem for module [NULL]
PixWinPlugin: PIX capture plugin failed to initialize! Check that the process is launched from PIX.
LogOculusPluginWrapper: OculusPlugin initialized successfully
LogHMD: Failed initializing OVRPlugin 1.59.0
LogInit: Build: ++UE4+Release-4.27-CL-17155196
LogInit: Engine Version: 4.27.0-17155196+++UE4+Release-4.27
LogInit: Compatible Engine Version: 4.27.0-17155196+++UE4+Release-4.27
LogInit: Net CL: 17155196
LogInit: OS: Windows 10 (Release 2009) (), CPU: Intel(R) Core(TM) i7-9750H CPU @ 2.60GHz, GPU: Intel(R) UHD Graphics 630
LogInit: Compiled (64-bit): Aug 13 2021 06:13:13
LogInit: Compiled with Visual C++: 19.24.28315.00
LogInit: Build Configuration: Development
LogInit: Branch Name: ++UE4+Release-4.27
LogInit: Command Line: 
LogInit: Base Directory: C:/Program Files/Epic Games/UE_4.27/Engine/Binaries/Win64/
LogInit: Allocator: TBB
LogInit: Installed Engine Build: 1
LogDevObjectVersion: Number of dev versions registered: 29
LogDevObjectVersion:   Dev-Blueprints (B0D832E4-1F89-4F0D-ACCF-7EB736FD4AA2): 10
LogDevObjectVersion:   Dev-Build (E1C64328-A22C-4D53-A36C-8E866417BD8C): 0
LogDevObjectVersion:   Dev-Core (375EC13C-06E4-48FB-B500-84F0262A717E): 4
LogDevObjectVersion:   Dev-Editor (E4B068ED-F494-42E9-A231-DA0B2E46BB41): 40
LogDevObjectVersion:   Dev-Framework (CFFC743F-43B0-4480-9391-14DF171D2073): 37
LogDevObjectVersion:   Dev-Mobile (B02B49B5-BB20-44E9-A304-32B752E40360): 3
LogDevObjectVersion:   Dev-Networking (A4E4105C-59A1-49B5-A7C5-40C4547EDFEE): 0
LogDevObjectVersion:   Dev-Online (39C831C9-5AE6-47DC-9A44-9C173E1C8E7C): 0
LogDevObjectVersion:   Dev-Physics (78F01B33-EBEA-4F98-B9B4-84EACCB95AA2): 14
LogDevObjectVersion:   Dev-Platform (6631380F-2D4D-43E0-8009-CF276956A95A): 0
LogDevObjectVersion:   Dev-Rendering (12F88B9F-8875-4AFC-A67C-D90C383ABD29): 45
LogDevObjectVersion:   Dev-Sequencer (7B5AE74C-D270-4C10-A958-57980B212A5A): 13
LogDevObjectVersion:   Dev-VR (D7296918-1DD6-4BDD-9DE2-64A83CC13884): 3
LogDevObjectVersion:   Dev-LoadTimes (C2A15278-BFE7-4AFE-6C17-90FF531DF755): 1
LogDevObjectVersion:   Private-Geometry (6EACA3D4-40EC-4CC1-B786-8BED09428FC5): 3
LogDevObjectVersion:   Dev-AnimPhys (29E575DD-E0A3-4627-9D10-D276232CDCEA): 17
LogDevObjectVersion:   Dev-Anim (AF43A65D-7FD3-4947-9873-3E8ED9C1BB05): 15
LogDevObjectVersion:   Dev-ReflectionCapture (6B266CEC-1EC7-4B8F-A30B-E4D90942FC07): 1
LogDevObjectVersion:   Dev-Automation (0DF73D61-A23F-47EA-B727-89E90C41499A): 1
LogDevObjectVersion:   FortniteMain (601D1886-AC64-4F84-AA16-D3DE0DEAC7D6): 47
LogDevObjectVersion:   FortniteRelease (E7086368-6B23-4C58-8439-1B7016265E91): 1
LogDevObjectVersion:   Dev-Enterprise (9DFFBCD6-494F-0158-E221-12823C92A888): 10
LogDevObjectVersion:   Dev-Niagara (F2AED0AC-9AFE-416F-8664-AA7FFA26D6FC): 1
LogDevObjectVersion:   Dev-Destruction (174F1F0B-B4C6-45A5-B13F-2EE8D0FB917D): 10
LogDevObjectVersion:   Dev-Physics-Ext (35F94A83-E258-406C-A318-09F59610247C): 41
LogDevObjectVersion:   Dev-PhysicsMaterial-Chaos (B68FC16E-8B1B-42E2-B453-215C058844FE): 1
LogDevObjectVersion:   Dev-CineCamera (B2E18506-4273-CFC2-A54E-F4BB758BBA07): 1
LogDevObjectVersion:   Dev-VirtualProduction (64F58936-FD1B-42BA-BA96-7289D5D0FA4E): 1
LogDevObjectVersion:   Dev-MediaFramework (6F0ED827-A609-4895-9C91-998D90180EA4): 2
LogInit: Presizing for max 25165824 objects, including 0 objects not considered by GC, pre-allocating 0 bytes for permanent pool.
LogConfig: Applying CVar settings from Section [/Script/Engine.StreamingSettings] File [C:/Users/Simen/Documents/NIKKO gitkraken/NikkoChap2/Saved/Config/Windows/Engine.ini]
LogConfig: Setting CVar [[s.MinBulkDataSizeForAsyncLoading:131072]]
LogConfig: Setting CVar [[s.AsyncLoadingThreadEnabled:0]]
LogConfig: Setting CVar [[s.EventDrivenLoaderEnabled:1]]
LogConfig: Setting CVar [[s.WarnIfTimeLimitExceeded:0]]
LogConfig: Setting CVar [[s.TimeLimitExceededMultiplier:1.5]]
LogConfig: Setting CVar [[s.TimeLimitExceededMinTime:0.005]]
LogConfig: Setting CVar [[s.UseBackgroundLevelStreaming:1]]
LogConfig: Setting CVar [[s.PriorityAsyncLoadingExtraTime:15.0]]
LogConfig: Setting CVar [[s.LevelStreamingActorsUpdateTimeLimit:5.0]]
LogConfig: Setting CVar [[s.PriorityLevelStreamingActorsUpdateExtraTime:5.0]]
LogConfig: Setting CVar [[s.LevelStreamingComponentsRegistrationGranularity:10]]
LogConfig: Setting CVar [[s.UnregisterComponentsTimeLimit:1.0]]
LogConfig: Setting CVar [[s.LevelStreamingComponentsUnregistrationGranularity:5]]
LogConfig: Setting CVar [[s.FlushStreamingOnExit:1]]
LogInit: Object subsystem initialized
LogConfig: Setting CVar [[con.DebugEarlyDefault:1]]
LogConfig: Setting CVar [[r.setres:1280x720]]
[2021.11.10-13.39.14:997][  0]LogConfig: Setting CVar [[r.VSync:0]]
[2021.11.10-13.39.14:997][  0]LogConfig: Setting CVar [[r.RHICmdBypass:0]]
[2021.11.10-13.39.14:997][  0]LogConfig: Applying CVar settings from Section [/Script/Engine.RendererSettings] File [C:/Users/Simen/Documents/NIKKO gitkraken/NikkoChap2/Saved/Config/Windows/Engine.ini]
[2021.11.10-13.39.14:997][  0]LogConfig: Setting CVar [[r.GPUCrashDebugging:0]]
[2021.11.10-13.39.14:997][  0]LogConfig: Applying CVar settings from Section [/Script/Engine.RendererOverrideSettings] File [C:/Users/Simen/Documents/NIKKO gitkraken/NikkoChap2/Saved/Config/Windows/Engine.ini]
[2021.11.10-13.39.14:997][  0]LogConfig: Applying CVar settings from Section [/Script/Engine.StreamingSettings] File [C:/Users/Simen/Documents/NIKKO gitkraken/NikkoChap2/Saved/Config/Windows/Engine.ini]
[2021.11.10-13.39.14:997][  0]LogConfig: Setting CVar [[s.MinBulkDataSizeForAsyncLoading:131072]]
[2021.11.10-13.39.14:997][  0]LogConfig: Setting CVar [[s.AsyncLoadingThreadEnabled:0]]
[2021.11.10-13.39.14:997][  0]LogConfig: Setting CVar [[s.EventDrivenLoaderEnabled:1]]
[2021.11.10-13.39.14:997][  0]LogConfig: Setting CVar [[s.WarnIfTimeLimitExceeded:0]]
[2021.11.10-13.39.14:997][  0]LogConfig: Setting CVar [[s.TimeLimitExceededMultiplier:1.5]]
[2021.11.10-13.39.14:997][  0]LogConfig: Setting CVar [[s.TimeLimitExceededMinTime:0.005]]
[2021.11.10-13.39.14:997][  0]LogConfig: Setting CVar [[s.UseBackgroundLevelStreaming:1]]
[2021.11.10-13.39.14:997][  0]LogConfig: Setting CVar [[s.PriorityAsyncLoadingExtraTime:15.0]]
[2021.11.10-13.39.14:997][  0]LogConfig: Setting CVar [[s.LevelStreamingActorsUpdateTimeLimit:5.0]]
[2021.11.10-13.39.14:997][  0]LogConfig: Setting CVar [[s.PriorityLevelStreamingActorsUpdateExtraTime:5.0]]
[2021.11.10-13.39.14:997][  0]LogConfig: Setting CVar [[s.LevelStreamingComponentsRegistrationGranularity:10]]
[2021.11.10-13.39.14:997][  0]LogConfig: Setting CVar [[s.UnregisterComponentsTimeLimit:1.0]]
[2021.11.10-13.39.14:997][  0]LogConfig: Setting CVar [[s.LevelStreamingComponentsUnregistrationGranularity:5]]
[2021.11.10-13.39.14:997][  0]LogConfig: Setting CVar [[s.FlushStreamingOnExit:1]]
[2021.11.10-13.39.14:997][  0]LogConfig: Applying CVar settings from Section [/Script/Engine.GarbageCollectionSettings] File [C:/Users/Simen/Documents/NIKKO gitkraken/NikkoChap2/Saved/Config/Windows/Engine.ini]
[2021.11.10-13.39.14:997][  0]LogConfig: Setting CVar [[gc.MaxObjectsNotConsideredByGC:1]]
[2021.11.10-13.39.14:997][  0]LogConfig: Setting CVar [[gc.SizeOfPermanentObjectPool:0]]
[2021.11.10-13.39.14:997][  0]LogConfig: Setting CVar [[gc.FlushStreamingOnGC:0]]
[2021.11.10-13.39.14:997][  0]LogConfig: Setting CVar [[gc.NumRetriesBeforeForcingGC:10]]
[2021.11.10-13.39.14:997][  0]LogConfig: Setting CVar [[gc.AllowParallelGC:1]]
[2021.11.10-13.39.14:997][  0]LogConfig: Setting CVar [[gc.TimeBetweenPurgingPendingKillObjects:61.1]]
[2021.11.10-13.39.14:997][  0]LogConfig: Setting CVar [[gc.MaxObjectsInEditor:25165824]]
[2021.11.10-13.39.14:997][  0]LogConfig: Setting CVar [[gc.IncrementalBeginDestroyEnabled:1]]
[2021.11.10-13.39.14:998][  0]LogConfig: Setting CVar [[gc.CreateGCClusters:1]]
[2021.11.10-13.39.14:998][  0]LogConfig: Setting CVar [[gc.MinGCClusterSize:5]]
[2021.11.10-13.39.14:998][  0]LogConfig: Setting CVar [[gc.ActorClusteringEnabled:0]]
[2021.11.10-13.39.14:998][  0]LogConfig: Setting CVar [[gc.BlueprintClusteringEnabled:0]]
[2021.11.10-13.39.14:998][  0]LogConfig: Setting CVar [[gc.UseDisregardForGCOnDedicatedServers:0]]
[2021.11.10-13.39.14:998][  0]LogConfig: Setting CVar [[gc.MultithreadedDestructionEnabled:1]]
[2021.11.10-13.39.14:998][  0]LogConfig: Applying CVar settings from Section [/Script/Engine.NetworkSettings] File [C:/Users/Simen/Documents/NIKKO gitkraken/NikkoChap2/Saved/Config/Windows/Engine.ini]
[2021.11.10-13.39.14:998][  0]LogConfig: Applying CVar settings from Section [/Script/UnrealEd.CookerSettings] File [C:/Users/Simen/Documents/NIKKO gitkraken/NikkoChap2/Saved/Config/Windows/Engine.ini]
[2021.11.10-13.39.15:010][  0]LogConfig: Applying CVar settings from Section [ViewDistanceQuality@3] File [C:/Users/Simen/Documents/NIKKO gitkraken/NikkoChap2/Saved/Config/Windows/Scalability.ini]
[2021.11.10-13.39.15:010][  0]LogConfig: Setting CVar [[r.SkeletalMeshLODBias:0]]
[2021.11.10-13.39.15:010][  0]LogConfig: Setting CVar [[r.ViewDistanceScale:1.0]]
[2021.11.10-13.39.15:010][  0]LogConfig: Applying CVar settings from Section [AntiAliasingQuality@3] File [C:/Users/Simen/Documents/NIKKO gitkraken/NikkoChap2/Saved/Config/Windows/Scalability.ini]
[2021.11.10-13.39.15:010][  0]LogConfig: Setting CVar [[r.PostProcessAAQuality:4]]
[2021.11.10-13.39.15:010][  0]LogConfig: Applying CVar settings from Section [ShadowQuality@3] File [C:/Users/Simen/Documents/NIKKO gitkraken/NikkoChap2/Saved/Config/Windows/Scalability.ini]
[2021.11.10-13.39.15:010][  0]LogConfig: Setting CVar [[r.LightFunctionQuality:1]]
[2021.11.10-13.39.15:010][  0]LogConfig: Setting CVar [[r.ShadowQuality:5]]
[2021.11.10-13.39.15:010][  0]LogConfig: Setting CVar [[r.Shadow.CSM.MaxCascades:10]]
[2021.11.10-13.39.15:010][  0]LogConfig: Setting CVar [[r.Shadow.MaxResolution:2048]]
[2021.11.10-13.39.15:010][  0]LogConfig: Setting CVar [[r.Shadow.MaxCSMResolution:2048]]
[2021.11.10-13.39.15:010][  0]LogConfig: Setting CVar [[r.Shadow.RadiusThreshold:0.01]]
[2021.11.10-13.39.15:010][  0]LogConfig: Setting CVar [[r.Shadow.DistanceScale:1.0]]
[2021.11.10-13.39.15:010][  0]LogConfig: Setting CVar [[r.Shadow.CSM.TransitionScale:1.0]]
[2021.11.10-13.39.15:010][  0]LogConfig: Setting CVar [[r.Shadow.PreShadowResolutionFactor:1.0]]
[2021.11.10-13.39.15:010][  0]LogConfig: Setting CVar [[r.DistanceFieldShadowing:1]]
[2021.11.10-13.39.15:010][  0]LogConfig: Setting CVar [[r.DistanceFieldAO:1]]
[2021.11.10-13.39.15:010][  0]LogConfig: Setting CVar [[r.AOQuality:2]]
[2021.11.10-13.39.15:010][  0]LogConfig: Setting CVar [[r.VolumetricFog:1]]
[2021.11.10-13.39.15:010][  0]LogConfig: Setting CVar [[r.VolumetricFog.GridPixelSize:8]]
[2021.11.10-13.39.15:010][  0]LogConfig: Setting CVar [[r.VolumetricFog.GridSizeZ:128]]
[2021.11.10-13.39.15:010][  0]LogConfig: Setting CVar [[r.VolumetricFog.HistoryMissSupersampleCount:4]]
[2021.11.10-13.39.15:010][  0]LogConfig: Setting CVar [[r.LightMaxDrawDistanceScale:1]]
[2021.11.10-13.39.15:010][  0]LogConfig: Setting CVar [[r.CapsuleShadows:1]]
[2021.11.10-13.39.15:010][  0]LogConfig: Applying CVar settings from Section [PostProcessQuality@3] File [C:/Users/Simen/Documents/NIKKO gitkraken/NikkoChap2/Saved/Config/Windows/Scalability.ini]
[2021.11.10-13.39.15:010][  0]LogConfig: Setting CVar [[r.MotionBlurQuality:4]]
[2021.11.10-13.39.15:010][  0]LogConfig: Setting CVar [[r.AmbientOcclusionMipLevelFactor:0.4]]
[2021.11.10-13.39.15:010][  0]LogConfig: Setting CVar [[r.AmbientOcclusionMaxQuality:100]]
[2021.11.10-13.39.15:010][  0]LogConfig: Setting CVar [[r.AmbientOcclusionLevels:-1]]
[2021.11.10-13.39.15:010][  0]LogConfig: Setting CVar [[r.AmbientOcclusionRadiusScale:1.0]]
[2021.11.10-13.39.15:010][  0]LogConfig: Setting CVar [[r.DepthOfFieldQuality:2]]
[2021.11.10-13.39.15:010][  0]LogConfig: Setting CVar [[r.RenderTargetPoolMin:400]]
[2021.11.10-13.39.15:010][  0]LogConfig: Setting CVar [[r.LensFlareQuality:2]]
[2021.11.10-13.39.15:010][  0]LogConfig: Setting CVar [[r.SceneColorFringeQuality:1]]
[2021.11.10-13.39.15:010][  0]LogConfig: Setting CVar [[r.EyeAdaptationQuality:2]]
[2021.11.10-13.39.15:010][  0]LogConfig: Setting CVar [[r.BloomQuality:5]]
[2021.11.10-13.39.15:010][  0]LogConfig: Setting CVar [[r.FastBlurThreshold:100]]
[2021.11.10-13.39.15:010][  0]LogConfig: Setting CVar [[r.Upscale.Quality:3]]
[2021.11.10-13.39.15:010][  0]LogConfig: Setting CVar [[r.Tonemapper.GrainQuantization:1]]
[2021.11.10-13.39.15:010][  0]LogConfig: Setting CVar [[r.LightShaftQuality:1]]
[2021.11.10-13.39.15:010][  0]LogConfig: Setting CVar [[r.Filter.SizeScale:1]]
[2021.11.10-13.39.15:010][  0]LogConfig: Setting CVar [[r.Tonemapper.Quality:5]]
[2021.11.10-13.39.15:010][  0]LogConfig: Setting CVar [[r.DOF.Gather.AccumulatorQuality:1        ; higher gathering accumulator quality]]
[2021.11.10-13.39.15:010][  0]LogConfig: Setting CVar [[r.DOF.Gather.PostfilterMethod:1          ; Median3x3 postfilering method]]
[2021.11.10-13.39.15:010][  0]LogConfig: Setting CVar [[r.DOF.Gather.EnableBokehSettings:0       ; no bokeh simulation when gathering]]
[2021.11.10-13.39.15:010][  0]LogConfig: Setting CVar [[r.DOF.Gather.RingCount:4                 ; medium number of samples when gathering]]
[2021.11.10-13.39.15:010][  0]LogConfig: Setting CVar [[r.DOF.Scatter.ForegroundCompositing:1    ; additive foreground scattering]]
[2021.11.10-13.39.15:010][  0]LogConfig: Setting CVar [[r.DOF.Scatter.BackgroundCompositing:2    ; additive background scattering]]
[2021.11.10-13.39.15:010][  0]LogConfig: Setting CVar [[r.DOF.Scatter.EnableBokehSettings:1      ; bokeh simulation when scattering]]
[2021.11.10-13.39.15:010][  0]LogConfig: Setting CVar [[r.DOF.Scatter.MaxSpriteRatio:0.1         ; only a maximum of 10% of scattered bokeh]]
[2021.11.10-13.39.15:010][  0]LogConfig: Setting CVar [[r.DOF.Recombine.Quality:1                ; cheap slight out of focus]]
[2021.11.10-13.39.15:010][  0]LogConfig: Setting CVar [[r.DOF.Recombine.EnableBokehSettings:0    ; no bokeh simulation on slight out of focus]]
[2021.11.10-13.39.15:010][  0]LogConfig: Setting CVar [[r.DOF.TemporalAAQuality:1                ; more stable temporal accumulation]]
[2021.11.10-13.39.15:010][  0]LogConfig: Setting CVar [[r.DOF.Kernel.MaxForegroundRadius:0.025]]
[2021.11.10-13.39.15:010][  0]LogConfig: Setting CVar [[r.DOF.Kernel.MaxBackgroundRadius:0.025]]
[2021.11.10-13.39.15:010][  0]LogConfig: Applying CVar settings from Section [TextureQuality@3] File [C:/Users/Simen/Documents/NIKKO gitkraken/NikkoChap2/Saved/Config/Windows/Scalability.ini]
[2021.11.10-13.39.15:010][  0]LogConfig: Setting CVar [[r.Streaming.MipBias:0]]
[2021.11.10-13.39.15:010][  0]LogConfig: Setting CVar [[r.Streaming.AmortizeCPUToGPUCopy:0]]
[2021.11.10-13.39.15:010][  0]LogConfig: Setting CVar [[r.Streaming.MaxNumTexturesToStreamPerFrame:0]]
[2021.11.10-13.39.15:010][  0]LogConfig: Setting CVar [[r.Streaming.Boost:1]]
[2021.11.10-13.39.15:010][  0]LogConfig: Setting CVar [[r.MaxAnisotropy:8]]
[2021.11.10-13.39.15:010][  0]LogConfig: Setting CVar [[r.VT.MaxAnisotropy:8]]
[2021.11.10-13.39.15:010][  0]LogConfig: Setting CVar [[r.Streaming.LimitPoolSizeToVRAM:0]]
[2021.11.10-13.39.15:010][  0]LogConfig: Setting CVar [[r.Streaming.PoolSize:1000]]
[2021.11.10-13.39.15:010][  0]LogConfig: Setting CVar [[r.Streaming.MaxEffectiveScreenSize:0]]
[2021.11.10-13.39.15:010][  0]LogConfig: Applying CVar settings from Section [EffectsQuality@3] File [C:/Users/Simen/Documents/NIKKO gitkraken/NikkoChap2/Saved/Config/Windows/Scalability.ini]
[2021.11.10-13.39.15:010][  0]LogConfig: Setting CVar [[r.TranslucencyLightingVolumeDim:64]]
[2021.11.10-13.39.15:010][  0]LogConfig: Setting CVar [[r.RefractionQuality:2]]
[2021.11.10-13.39.15:010][  0]LogConfig: Setting CVar [[r.SSR.Quality:3]]
[2021.11.10-13.39.15:010][  0]LogConfig: Setting CVar [[r.SSR.HalfResSceneColor:0]]
[2021.11.10-13.39.15:010][  0]LogConfig: Setting CVar [[r.SceneColorFormat:4]]
[2021.11.10-13.39.15:010][  0]LogConfig: Setting CVar [[r.DetailMode:2]]
[2021.11.10-13.39.15:010][  0]LogConfig: Setting CVar [[r.TranslucencyVolumeBlur:1]]
[2021.11.10-13.39.15:010][  0]LogConfig: Setting CVar [[r.MaterialQualityLevel:1 ; High quality]]
[2021.11.10-13.39.15:010][  0]LogConfig: Setting CVar [[r.AnisotropicMaterials:1]]
[2021.11.10-13.39.15:010][  0]LogConfig: Setting CVar [[r.SSS.Scale:1]]
[2021.11.10-13.39.15:010][  0]LogConfig: Setting CVar [[r.SSS.SampleSet:2]]
[2021.11.10-13.39.15:010][  0]LogConfig: Setting CVar [[r.SSS.Quality:1]]
[2021.11.10-13.39.15:010][  0]LogConfig: Setting CVar [[r.SSS.HalfRes:0]]
[2021.11.10-13.39.15:010][  0]LogConfig: Setting CVar [[r.SSGI.Quality:3]]
[2021.11.10-13.39.15:011][  0]LogConfig: Setting CVar [[r.EmitterSpawnRateScale:1.0]]
[2021.11.10-13.39.15:011][  0]LogConfig: Setting CVar [[r.ParticleLightQuality:2]]
[2021.11.10-13.39.15:011][  0]LogConfig: Setting CVar [[r.SkyAtmosphere.AerialPerspectiveLUT.FastApplyOnOpaque:1 ; Always have FastSkyLUT 1 in this case to avoid wrong sky]]
[2021.11.10-13.39.15:011][  0]LogConfig: Setting CVar [[r.SkyAtmosphere.AerialPerspectiveLUT.SampleCountMaxPerSlice:4]]
[2021.11.10-13.39.15:011][  0]LogConfig: Setting CVar [[r.SkyAtmosphere.AerialPerspectiveLUT.DepthResolution:16.0]]
[2021.11.10-13.39.15:011][  0]LogConfig: Setting CVar [[r.SkyAtmosphere.FastSkyLUT:1]]
[2021.11.10-13.39.15:011][  0]LogConfig: Setting CVar [[r.SkyAtmosphere.FastSkyLUT.SampleCountMin:4.0]]
[2021.11.10-13.39.15:011][  0]LogConfig: Setting CVar [[r.SkyAtmosphere.FastSkyLUT.SampleCountMax:128.0]]
[2021.11.10-13.39.15:011][  0]LogConfig: Setting CVar [[r.SkyAtmosphere.SampleCountMin:4.0]]
[2021.11.10-13.39.15:011][  0]LogConfig: Setting CVar [[r.SkyAtmosphere.SampleCountMax:128.0]]
[2021.11.10-13.39.15:011][  0]LogConfig: Setting CVar [[r.SkyAtmosphere.TransmittanceLUT.UseSmallFormat:0]]
[2021.11.10-13.39.15:011][  0]LogConfig: Setting CVar [[r.SkyAtmosphere.TransmittanceLUT.SampleCount:10.0]]
[2021.11.10-13.39.15:011][  0]LogConfig: Setting CVar [[r.SkyAtmosphere.MultiScatteringLUT.SampleCount:15.0]]
[2021.11.10-13.39.15:011][  0]LogConfig: Setting CVar [[r.SkyLight.RealTimeReflectionCapture:1]]
[2021.11.10-13.39.15:011][  0]LogConfig: Applying CVar settings from Section [FoliageQuality@3] File [C:/Users/Simen/Documents/NIKKO gitkraken/NikkoChap2/Saved/Config/Windows/Scalability.ini]
[2021.11.10-13.39.15:011][  0]LogConfig: Setting CVar [[foliage.DensityScale:1.0]]
[2021.11.10-13.39.15:011][  0]LogConfig: Setting CVar [[grass.DensityScale:1.0]]
[2021.11.10-13.39.15:011][  0]LogConfig: Applying CVar settings from Section [ShadingQuality@3] File [C:/Users/Simen/Documents/NIKKO gitkraken/NikkoChap2/Saved/Config/Windows/Scalability.ini]
[2021.11.10-13.39.15:011][  0]LogConfig: Setting CVar [[r.HairStrands.SkyLighting.IntegrationType:2]]
[2021.11.10-13.39.15:011][  0]LogConfig: Setting CVar [[r.HairStrands.SkyAO.SampleCount:4]]
[2021.11.10-13.39.15:011][  0]LogConfig: Setting CVar [[r.HairStrands.Visibility.MSAA.SamplePerPixel:4]]
[2021.11.10-13.39.15:011][  0]LogInit: Selected Device Profile: [Windows]
[2021.11.10-13.39.15:011][  0]LogInit: Applying CVar settings loaded from the selected device profile: [Windows]
[2021.11.10-13.39.15:011][  0]LogHAL: Display: Platform has ~ 32 GB [34188873728 / 34359738368 / 32], which maps to Largest [LargestMinGB=32, LargerMinGB=12, DefaultMinGB=8, SmallerMinGB=6, SmallestMinGB=0)
[2021.11.10-13.39.15:011][  0]LogInit: Going up to parent DeviceProfile []
[2021.11.10-13.39.15:011][  0]LogConfig: Applying CVar settings from Section [ViewDistanceQuality@3] File [C:/Users/Simen/Documents/NIKKO gitkraken/NikkoChap2/Saved/Config/Windows/Scalability.ini]
[2021.11.10-13.39.15:011][  0]LogConfig: Setting CVar [[r.SkeletalMeshLODBias:0]]
[2021.11.10-13.39.15:011][  0]LogConfig: Setting CVar [[r.ViewDistanceScale:1.0]]
[2021.11.10-13.39.15:011][  0]LogConfig: Applying CVar settings from Section [AntiAliasingQuality@3] File [C:/Users/Simen/Documents/NIKKO gitkraken/NikkoChap2/Saved/Config/Windows/Scalability.ini]
[2021.11.10-13.39.15:011][  0]LogConfig: Setting CVar [[r.PostProcessAAQuality:4]]
[2021.11.10-13.39.15:011][  0]LogConfig: Applying CVar settings from Section [ShadowQuality@3] File [C:/Users/Simen/Documents/NIKKO gitkraken/NikkoChap2/Saved/Config/Windows/Scalability.ini]
[2021.11.10-13.39.15:011][  0]LogConfig: Setting CVar [[r.LightFunctionQuality:1]]
[2021.11.10-13.39.15:011][  0]LogConfig: Setting CVar [[r.ShadowQuality:5]]
[2021.11.10-13.39.15:011][  0]LogConfig: Setting CVar [[r.Shadow.CSM.MaxCascades:10]]
[2021.11.10-13.39.15:011][  0]LogConfig: Setting CVar [[r.Shadow.MaxResolution:2048]]
[2021.11.10-13.39.15:011][  0]LogConfig: Setting CVar [[r.Shadow.MaxCSMResolution:2048]]
[2021.11.10-13.39.15:011][  0]LogConfig: Setting CVar [[r.Shadow.RadiusThreshold:0.01]]
[2021.11.10-13.39.15:011][  0]LogConfig: Setting CVar [[r.Shadow.DistanceScale:1.0]]
[2021.11.10-13.39.15:011][  0]LogConfig: Setting CVar [[r.Shadow.CSM.TransitionScale:1.0]]
[2021.11.10-13.39.15:011][  0]LogConfig: Setting CVar [[r.Shadow.PreShadowResolutionFactor:1.0]]
[2021.11.10-13.39.15:011][  0]LogConfig: Setting CVar [[r.DistanceFieldShadowing:1]]
[2021.11.10-13.39.15:011][  0]LogConfig: Setting CVar [[r.DistanceFieldAO:1]]
[2021.11.10-13.39.15:011][  0]LogConfig: Setting CVar [[r.AOQuality:2]]
[2021.11.10-13.39.15:011][  0]LogConfig: Setting CVar [[r.VolumetricFog:1]]
[2021.11.10-13.39.15:011][  0]LogConfig: Setting CVar [[r.VolumetricFog.GridPixelSize:8]]
[2021.11.10-13.39.15:011][  0]LogConfig: Setting CVar [[r.VolumetricFog.GridSizeZ:128]]
[2021.11.10-13.39.15:011][  0]LogConfig: Setting CVar [[r.VolumetricFog.HistoryMissSupersampleCount:4]]
[2021.11.10-13.39.15:011][  0]LogConfig: Setting CVar [[r.LightMaxDrawDistanceScale:1]]
[2021.11.10-13.39.15:011][  0]LogConfig: Setting CVar [[r.CapsuleShadows:1]]
[2021.11.10-13.39.15:011][  0]LogConfig: Applying CVar settings from Section [PostProcessQuality@3] File [C:/Users/Simen/Documents/NIKKO gitkraken/NikkoChap2/Saved/Config/Windows/Scalability.ini]
[2021.11.10-13.39.15:011][  0]LogConfig: Setting CVar [[r.MotionBlurQuality:4]]
[2021.11.10-13.39.15:011][  0]LogConfig: Setting CVar [[r.AmbientOcclusionMipLevelFactor:0.4]]
[2021.11.10-13.39.15:011][  0]LogConfig: Setting CVar [[r.AmbientOcclusionMaxQuality:100]]
[2021.11.10-13.39.15:011][  0]LogConfig: Setting CVar [[r.AmbientOcclusionLevels:-1]]
[2021.11.10-13.39.15:011][  0]LogConfig: Setting CVar [[r.AmbientOcclusionRadiusScale:1.0]]
[2021.11.10-13.39.15:011][  0]LogConfig: Setting CVar [[r.DepthOfFieldQuality:2]]
[2021.11.10-13.39.15:011][  0]LogConfig: Setting CVar [[r.RenderTargetPoolMin:400]]
[2021.11.10-13.39.15:011][  0]LogConfig: Setting CVar [[r.LensFlareQuality:2]]
[2021.11.10-13.39.15:011][  0]LogConfig: Setting CVar [[r.SceneColorFringeQuality:1]]
[2021.11.10-13.39.15:011][  0]LogConfig: Setting CVar [[r.EyeAdaptationQuality:2]]
[2021.11.10-13.39.15:011][  0]LogConfig: Setting CVar [[r.BloomQuality:5]]
[2021.11.10-13.39.15:011][  0]LogConfig: Setting CVar [[r.FastBlurThreshold:100]]
[2021.11.10-13.39.15:011][  0]LogConfig: Setting CVar [[r.Upscale.Quality:3]]
[2021.11.10-13.39.15:011][  0]LogConfig: Setting CVar [[r.Tonemapper.GrainQuantization:1]]
[2021.11.10-13.39.15:011][  0]LogConfig: Setting CVar [[r.LightShaftQuality:1]]
[2021.11.10-13.39.15:011][  0]LogConfig: Setting CVar [[r.Filter.SizeScale:1]]
[2021.11.10-13.39.15:011][  0]LogConfig: Setting CVar [[r.Tonemapper.Quality:5]]
[2021.11.10-13.39.15:011][  0]LogConfig: Setting CVar [[r.DOF.Gather.AccumulatorQuality:1        ; higher gathering accumulator quality]]
[2021.11.10-13.39.15:011][  0]LogConfig: Setting CVar [[r.DOF.Gather.PostfilterMethod:1          ; Median3x3 postfilering method]]
[2021.11.10-13.39.15:011][  0]LogConfig: Setting CVar [[r.DOF.Gather.EnableBokehSettings:0       ; no bokeh simulation when gathering]]
[2021.11.10-13.39.15:011][  0]LogConfig: Setting CVar [[r.DOF.Gather.RingCount:4                 ; medium number of samples when gathering]]
[2021.11.10-13.39.15:011][  0]LogConfig: Setting CVar [[r.DOF.Scatter.ForegroundCompositing:1    ; additive foreground scattering]]
[2021.11.10-13.39.15:011][  0]LogConfig: Setting CVar [[r.DOF.Scatter.BackgroundCompositing:2    ; additive background scattering]]
[2021.11.10-13.39.15:011][  0]LogConfig: Setting CVar [[r.DOF.Scatter.EnableBokehSettings:1      ; bokeh simulation when scattering]]
[2021.11.10-13.39.15:011][  0]LogConfig: Setting CVar [[r.DOF.Scatter.MaxSpriteRatio:0.1         ; only a maximum of 10% of scattered bokeh]]
[2021.11.10-13.39.15:011][  0]LogConfig: Setting CVar [[r.DOF.Recombine.Quality:1                ; cheap slight out of focus]]
[2021.11.10-13.39.15:011][  0]LogConfig: Setting CVar [[r.DOF.Recombine.EnableBokehSettings:0    ; no bokeh simulation on slight out of focus]]
[2021.11.10-13.39.15:011][  0]LogConfig: Setting CVar [[r.DOF.TemporalAAQuality:1                ; more stable temporal accumulation]]
[2021.11.10-13.39.15:012][  0]LogConfig: Setting CVar [[r.DOF.Kernel.MaxForegroundRadius:0.025]]
[2021.11.10-13.39.15:012][  0]LogConfig: Setting CVar [[r.DOF.Kernel.MaxBackgroundRadius:0.025]]
[2021.11.10-13.39.15:012][  0]LogConfig: Applying CVar settings from Section [TextureQuality@3] File [C:/Users/Simen/Documents/NIKKO gitkraken/NikkoChap2/Saved/Config/Windows/Scalability.ini]
[2021.11.10-13.39.15:012][  0]LogConfig: Setting CVar [[r.Streaming.MipBias:0]]
[2021.11.10-13.39.15:012][  0]LogConfig: Setting CVar [[r.Streaming.AmortizeCPUToGPUCopy:0]]
[2021.11.10-13.39.15:012][  0]LogConfig: Setting CVar [[r.Streaming.MaxNumTexturesToStreamPerFrame:0]]
[2021.11.10-13.39.15:012][  0]LogConfig: Setting CVar [[r.Streaming.Boost:1]]
[2021.11.10-13.39.15:012][  0]LogConfig: Setting CVar [[r.MaxAnisotropy:8]]
[2021.11.10-13.39.15:012][  0]LogConfig: Setting CVar [[r.VT.MaxAnisotropy:8]]
[2021.11.10-13.39.15:012][  0]LogConfig: Setting CVar [[r.Streaming.LimitPoolSizeToVRAM:0]]
[2021.11.10-13.39.15:012][  0]LogConfig: Setting CVar [[r.Streaming.PoolSize:1000]]
[2021.11.10-13.39.15:012][  0]LogConfig: Setting CVar [[r.Streaming.MaxEffectiveScreenSize:0]]
[2021.11.10-13.39.15:012][  0]LogConfig: Applying CVar settings from Section [EffectsQuality@3] File [C:/Users/Simen/Documents/NIKKO gitkraken/NikkoChap2/Saved/Config/Windows/Scalability.ini]
[2021.11.10-13.39.15:012][  0]LogConfig: Setting CVar [[r.TranslucencyLightingVolumeDim:64]]
[2021.11.10-13.39.15:012][  0]LogConfig: Setting CVar [[r.RefractionQuality:2]]
[2021.11.10-13.39.15:012][  0]LogConfig: Setting CVar [[r.SSR.Quality:3]]
[2021.11.10-13.39.15:012][  0]LogConfig: Setting CVar [[r.SSR.HalfResSceneColor:0]]
[2021.11.10-13.39.15:012][  0]LogConfig: Setting CVar [[r.SceneColorFormat:4]]
[2021.11.10-13.39.15:012][  0]LogConfig: Setting CVar [[r.DetailMode:2]]
[2021.11.10-13.39.15:012][  0]LogConfig: Setting CVar [[r.TranslucencyVolumeBlur:1]]
[2021.11.10-13.39.15:012][  0]LogConfig: Setting CVar [[r.MaterialQualityLevel:1 ; High quality]]
[2021.11.10-13.39.15:012][  0]LogConfig: Setting CVar [[r.AnisotropicMaterials:1]]
[2021.11.10-13.39.15:012][  0]LogConfig: Setting CVar [[r.SSS.Scale:1]]
[2021.11.10-13.39.15:012][  0]LogConfig: Setting CVar [[r.SSS.SampleSet:2]]
[2021.11.10-13.39.15:012][  0]LogConfig: Setting CVar [[r.SSS.Quality:1]]
[2021.11.10-13.39.15:012][  0]LogConfig: Setting CVar [[r.SSS.HalfRes:0]]
[2021.11.10-13.39.15:012][  0]LogConfig: Setting CVar [[r.SSGI.Quality:3]]
[2021.11.10-13.39.15:012][  0]LogConfig: Setting CVar [[r.EmitterSpawnRateScale:1.0]]
[2021.11.10-13.39.15:012][  0]LogConfig: Setting CVar [[r.ParticleLightQuality:2]]
[2021.11.10-13.39.15:012][  0]LogConfig: Setting CVar [[r.SkyAtmosphere.AerialPerspectiveLUT.FastApplyOnOpaque:1 ; Always have FastSkyLUT 1 in this case to avoid wrong sky]]
[2021.11.10-13.39.15:012][  0]LogConfig: Setting CVar [[r.SkyAtmosphere.AerialPerspectiveLUT.SampleCountMaxPerSlice:4]]
[2021.11.10-13.39.15:012][  0]LogConfig: Setting CVar [[r.SkyAtmosphere.AerialPerspectiveLUT.DepthResolution:16.0]]
[2021.11.10-13.39.15:012][  0]LogConfig: Setting CVar [[r.SkyAtmosphere.FastSkyLUT:1]]
[2021.11.10-13.39.15:012][  0]LogConfig: Setting CVar [[r.SkyAtmosphere.FastSkyLUT.SampleCountMin:4.0]]
[2021.11.10-13.39.15:012][  0]LogConfig: Setting CVar [[r.SkyAtmosphere.FastSkyLUT.SampleCountMax:128.0]]
[2021.11.10-13.39.15:012][  0]LogConfig: Setting CVar [[r.SkyAtmosphere.SampleCountMin:4.0]]
[2021.11.10-13.39.15:012][  0]LogConfig: Setting CVar [[r.SkyAtmosphere.SampleCountMax:128.0]]
[2021.11.10-13.39.15:012][  0]LogConfig: Setting CVar [[r.SkyAtmosphere.TransmittanceLUT.UseSmallFormat:0]]
[2021.11.10-13.39.15:012][  0]LogConfig: Setting CVar [[r.SkyAtmosphere.TransmittanceLUT.SampleCount:10.0]]
[2021.11.10-13.39.15:012][  0]LogConfig: Setting CVar [[r.SkyAtmosphere.MultiScatteringLUT.SampleCount:15.0]]
[2021.11.10-13.39.15:012][  0]LogConfig: Setting CVar [[r.SkyLight.RealTimeReflectionCapture:1]]
[2021.11.10-13.39.15:012][  0]LogConfig: Applying CVar settings from Section [FoliageQuality@3] File [C:/Users/Simen/Documents/NIKKO gitkraken/NikkoChap2/Saved/Config/Windows/Scalability.ini]
[2021.11.10-13.39.15:012][  0]LogConfig: Setting CVar [[foliage.DensityScale:1.0]]
[2021.11.10-13.39.15:012][  0]LogConfig: Setting CVar [[grass.DensityScale:1.0]]
[2021.11.10-13.39.15:012][  0]LogConfig: Applying CVar settings from Section [ShadingQuality@3] File [C:/Users/Simen/Documents/NIKKO gitkraken/NikkoChap2/Saved/Config/Windows/Scalability.ini]
[2021.11.10-13.39.15:012][  0]LogConfig: Setting CVar [[r.HairStrands.SkyLighting.IntegrationType:2]]
[2021.11.10-13.39.15:012][  0]LogConfig: Setting CVar [[r.HairStrands.SkyAO.SampleCount:4]]
[2021.11.10-13.39.15:012][  0]LogConfig: Setting CVar [[r.HairStrands.Visibility.MSAA.SamplePerPixel:4]]
[2021.11.10-13.39.15:012][  0]LogConfig: Applying CVar settings from Section [Startup] File [../../../Engine/Config/ConsoleVariables.ini]
[2021.11.10-13.39.15:013][  0]LogConfig: Setting CVar [[net.UseAdaptiveNetUpdateFrequency:0]]
[2021.11.10-13.39.15:013][  0]LogConfig: Setting CVar [[p.chaos.AllowCreatePhysxBodies:1]]
[2021.11.10-13.39.15:013][  0]LogConfig: Setting CVar [[fx.SkipVectorVMBackendOptimizations:1]]
[2021.11.10-13.39.15:013][  0]LogConfig: Applying CVar settings from Section [ConsoleVariables] File [C:/Users/Simen/Documents/NIKKO gitkraken/NikkoChap2/Saved/Config/Windows/Engine.ini]
[2021.11.10-13.39.15:013][  0]LogConfig: Applying CVar settings from Section [ConsoleVariables] File [C:/Users/Simen/Documents/NIKKO gitkraken/NikkoChap2/Saved/Config/Windows/Editor.ini]
[2021.11.10-13.39.15:013][  0]LogInit: Computer: LAPTOP-EABS3M3N
[2021.11.10-13.39.15:013][  0]LogInit: User: Simen
[2021.11.10-13.39.15:013][  0]LogInit: CPU Page size=4096, Cores=6
[2021.11.10-13.39.15:013][  0]LogInit: High frequency timer resolution =10.000000 MHz
[2021.11.10-13.39.15:013][  0]LogMemory: Memory total: Physical=31.8GB (32GB approx)
[2021.11.10-13.39.15:013][  0]LogMemory: Platform Memory Stats for Windows
[2021.11.10-13.39.15:013][  0]LogMemory: Process Physical Memory: 144.18 MB used, 144.18 MB peak
[2021.11.10-13.39.15:013][  0]LogMemory: Process Virtual Memory: 129.82 MB used, 129.82 MB peak
[2021.11.10-13.39.15:013][  0]LogMemory: Physical Memory: 13022.02 MB used,  19583.04 MB free, 32605.05 MB total
[2021.11.10-13.39.15:013][  0]LogMemory: Virtual Memory: 134197512.00 MB used,  20216.29 MB free, 134217728.00 MB total
[2021.11.10-13.39.15:020][  0]LogWindows: WindowsPlatformFeatures enabled
[2021.11.10-13.39.15:064][  0]LogInit: Physics initialised using underlying interface: PhysX
[2021.11.10-13.39.15:067][  0]LogInit: Using OS detected language (nb-NO).
[2021.11.10-13.39.15:067][  0]LogInit: Using OS detected locale (nb-NO).
[2021.11.10-13.39.15:073][  0]LogTextLocalizationManager: No localization for 'nb-NO' exists, so 'en' will be used for the language.
[2021.11.10-13.39.15:253][  0]LogInit: Setting process to per monitor DPI aware
[2021.11.10-13.39.15:268][  0]LogWindowsTextInputMethodSystem: Display: IME system deactivated.
[2021.11.10-13.39.15:282][  0]LogSlate: New Slate User Created.  User Index 0, Is Virtual User: 0
[2021.11.10-13.39.15:282][  0]LogSlate: Slate User Registered.  User Index 0, Is Virtual User: 0
[2021.11.10-13.39.15:415][  0]LogD3D11RHI: Loaded GFSDK_Aftermath_Lib.x64.dll
[2021.11.10-13.39.15:458][  0]LogHMD: Failed to initialize OpenVR with code 110
[2021.11.10-13.39.15:458][  0]LogD3D11RHI: D3D11 min allowed feature level: 11_0
[2021.11.10-13.39.15:458][  0]LogD3D11RHI: D3D11 max allowed feature level: 11_0
[2021.11.10-13.39.15:458][  0]LogD3D11RHI: D3D11 adapters:
[2021.11.10-13.39.15:555][  0]LogD3D11RHI:    0. 'NVIDIA GeForce RTX 2060' (Feature Level 11_0)
[2021.11.10-13.39.15:555][  0]LogD3D11RHI:       5980/0/16302 MB DedicatedVideo/DedicatedSystem/SharedSystem, Outputs:1, VendorId:0x10de
[2021.11.10-13.39.15:581][  0]LogD3D11RHI:    1. 'Intel(R) UHD Graphics 630' (Feature Level 11_0)
[2021.11.10-13.39.15:581][  0]LogD3D11RHI:       128/0/16302 MB DedicatedVideo/DedicatedSystem/SharedSystem, Outputs:0, VendorId:0x8086
[2021.11.10-13.39.15:583][  0]LogD3D11RHI:    2. 'Microsoft Basic Render Driver' (Feature Level 11_0)
[2021.11.10-13.39.15:583][  0]LogD3D11RHI:       0/0/16302 MB DedicatedVideo/DedicatedSystem/SharedSystem, Outputs:0, VendorId:0x1414
[2021.11.10-13.39.15:583][  0]LogD3D11RHI: Chosen D3D11 Adapter: 0
[2021.11.10-13.39.15:590][  0]LogD3D11RHI: Creating new Direct3DDevice
[2021.11.10-13.39.15:590][  0]LogD3D11RHI:     GPU DeviceId: 0x1f15 (for the marketing name, search the web for "GPU Device Id")
[2021.11.10-13.39.15:590][  0]LogWindows: EnumDisplayDevices:
[2021.11.10-13.39.15:591][  0]LogWindows:    0. 'Intel(R) UHD Graphics 630' (P:1 D:1)
[2021.11.10-13.39.15:591][  0]LogWindows:    1. 'Intel(R) UHD Graphics 630' (P:0 D:0)
[2021.11.10-13.39.15:591][  0]LogWindows:    2. 'Intel(R) UHD Graphics 630' (P:0 D:0)
[2021.11.10-13.39.15:591][  0]LogWindows:    3. 'NVIDIA GeForce RTX 2060' (P:0 D:0)
[2021.11.10-13.39.15:592][  0]LogWindows:    4. 'NVIDIA GeForce RTX 2060' (P:0 D:0)
[2021.11.10-13.39.15:592][  0]LogWindows:    5. 'NVIDIA GeForce RTX 2060' (P:0 D:0)
[2021.11.10-13.39.15:592][  0]LogWindows:    6. 'NVIDIA GeForce RTX 2060' (P:0 D:0)
[2021.11.10-13.39.15:592][  0]LogWindows: DebugString: PrimaryIsNotTheChoosenAdapter PrimaryIsNotTheChoosenAdapter PrimaryIsNotTheChoosenAdapter FoundDriverCount:4 
[2021.11.10-13.39.15:592][  0]LogD3D11RHI:     Adapter Name: NVIDIA GeForce RTX 2060
[2021.11.10-13.39.15:592][  0]LogD3D11RHI:   Driver Version: 466.77 (internal:27.21.14.6677, unified:466.77)
[2021.11.10-13.39.15:592][  0]LogD3D11RHI:      Driver Date: 6-8-2021
[2021.11.10-13.39.15:592][  0]LogRHI: Texture pool is 4186 MB (70% of 5980 MB)
[2021.11.10-13.39.15:668][  0]LogD3D11RHI: RHI has support for 64 bit atomics
[2021.11.10-13.39.15:668][  0]LogD3D11RHI: Async texture creation enabled
[2021.11.10-13.39.15:668][  0]LogD3D11RHI: Array index from any shader is supported
[2021.11.10-13.39.15:694][  0]LogD3D11RHI: GPU Timing Frequency: 1000.000000 (Debug: 2 1)
[2021.11.10-13.39.15:735][  0]LogRHI: GeForceNow SDK initialized: 1
[2021.11.10-13.39.16:093][  0]LogTargetPlatformManager: Display: Loaded TargetPlatform 'AllDesktop'
[2021.11.10-13.39.16:117][  0]LogTargetPlatformManager: Display: Loaded TargetPlatform 'Android'
[2021.11.10-13.39.16:117][  0]LogTargetPlatformManager: Display: Loaded TargetPlatform 'Android_ASTC'
[2021.11.10-13.39.16:117][  0]LogTargetPlatformManager: Display: Loaded TargetPlatform 'Android_DXT'
[2021.11.10-13.39.16:117][  0]LogTargetPlatformManager: Display: Loaded TargetPlatform 'Android_ETC2'
[2021.11.10-13.39.16:117][  0]LogTargetPlatformManager: Display: Loaded TargetPlatform 'AndroidClient'
[2021.11.10-13.39.16:117][  0]LogTargetPlatformManager: Display: Loaded TargetPlatform 'Android_ASTCClient'
[2021.11.10-13.39.16:117][  0]LogTargetPlatformManager: Display: Loaded TargetPlatform 'Android_DXTClient'
[2021.11.10-13.39.16:117][  0]LogTargetPlatformManager: Display: Loaded TargetPlatform 'Android_ETC2Client'
[2021.11.10-13.39.16:117][  0]LogTargetPlatformManager: Display: Loaded TargetPlatform 'Android_Multi'
[2021.11.10-13.39.16:117][  0]LogTargetPlatformManager: Display: Loaded TargetPlatform 'Android_MultiClient'
[2021.11.10-13.39.16:139][  0]LogTargetPlatformManager: Display: Loaded TargetPlatform 'IOSClient'
[2021.11.10-13.39.16:139][  0]LogTargetPlatformManager: Display: Loaded TargetPlatform 'IOS'
[2021.11.10-13.39.16:150][  0]LogTargetPlatformManager: Display: Loaded TargetPlatform 'Linux'
[2021.11.10-13.39.16:155][  0]LogTargetPlatformManager: Display: Loaded TargetPlatform 'LinuxNoEditor'
[2021.11.10-13.39.16:159][  0]LogTargetPlatformManager: Display: Loaded TargetPlatform 'LinuxClient'
[2021.11.10-13.39.16:164][  0]LogTargetPlatformManager: Display: Loaded TargetPlatform 'LinuxServer'
[2021.11.10-13.39.16:176][  0]LogTargetPlatformManager: Display: Loaded TargetPlatform 'LinuxAArch64NoEditor'
[2021.11.10-13.39.16:181][  0]LogTargetPlatformManager: Display: Loaded TargetPlatform 'LinuxAArch64Client'
[2021.11.10-13.39.16:186][  0]LogTargetPlatformManager: Display: Loaded TargetPlatform 'LinuxAArch64Server'
[2021.11.10-13.39.16:221][  0]LogTargetPlatformManager: Display: Loaded TargetPlatform 'Lumin'
[2021.11.10-13.39.16:221][  0]LogTargetPlatformManager: Display: Loaded TargetPlatform 'LuminClient'
[2021.11.10-13.39.16:233][  0]LogTargetPlatformManager: Display: Loaded TargetPlatform 'MacNoEditor'
[2021.11.10-13.39.16:238][  0]LogTargetPlatformManager: Display: Loaded TargetPlatform 'Mac'
[2021.11.10-13.39.16:244][  0]LogTargetPlatformManager: Display: Loaded TargetPlatform 'MacClient'
[2021.11.10-13.39.16:249][  0]LogTargetPlatformManager: Display: Loaded TargetPlatform 'MacServer'
[2021.11.10-13.39.16:264][  0]LogTargetPlatformManager: Display: Loaded TargetPlatform 'TVOSClient'
[2021.11.10-13.39.16:264][  0]LogTargetPlatformManager: Display: Loaded TargetPlatform 'TVOS'
[2021.11.10-13.39.16:276][  0]LogTargetPlatformManager: Display: Loaded TargetPlatform 'WindowsNoEditor'
[2021.11.10-13.39.16:282][  0]LogTargetPlatformManager: Display: Loaded TargetPlatform 'Windows'
[2021.11.10-13.39.16:287][  0]LogTargetPlatformManager: Display: Loaded TargetPlatform 'WindowsClient'
[2021.11.10-13.39.16:292][  0]LogTargetPlatformManager: Display: Loaded TargetPlatform 'WindowsServer'
[2021.11.10-13.39.16:292][  0]LogTargetPlatformManager: Display: Building Assets For Windows
[2021.11.10-13.39.16:300][  0]LogAudioDebug: Display: Lib vorbis DLL was dynamically loaded.
[2021.11.10-13.39.16:334][  0]LogTextureFormatOodle: Display: Oodle Texture 2.9.0 init RDO Off
[2021.11.10-13.39.16:370][  0]LogRendererCore: Ray tracing is disabled. Reason: r.RayTracing=0.
[2021.11.10-13.39.16:370][  0]LogShaderCompilers: Guid format shader working directory is -21 characters bigger than the processId version (../../../../../../Users/Simen/Documents/NIKKO gitkraken/NikkoChap2/Intermediate/Shaders/WorkingDirectory/21864/).
[2021.11.10-13.39.16:370][  0]LogShaderCompilers: Cleaned the shader compiler working directory 'C:/Users/Simen/AppData/Local/Temp/UnrealShaderWorkingDir/8FC0484E41A0A269D5ADC8B1B57ADA75/'.
[2021.11.10-13.39.16:370][  0]LogXGEController: Cannot use XGE Controller as Incredibuild is not installed on this machine.
[2021.11.10-13.39.16:370][  0]LogShaderCompilers: Cannot use XGE Shader Compiler as Incredibuild is not installed on this machine.
[2021.11.10-13.39.16:370][  0]LogShaderCompilers: Display: Using Local Shader Compiler.
[2021.11.10-13.39.17:153][  0]LogDerivedDataCache: Display: Max Cache Size: 512 MB
[2021.11.10-13.39.17:214][  0]LogDerivedDataCache: Loaded boot cache 0.06s 111MB C:/Users/Simen/AppData/Local/UnrealEngine/4.27/DerivedDataCache/Boot.ddc.
[2021.11.10-13.39.17:214][  0]LogDerivedDataCache: Display: Loaded Boot cache: C:/Users/Simen/AppData/Local/UnrealEngine/4.27/DerivedDataCache/Boot.ddc
[2021.11.10-13.39.17:215][  0]LogDerivedDataCache: FDerivedDataBackendGraph:  Pak pak cache file ../../../../../../Users/Simen/Documents/NIKKO gitkraken/NikkoChap2/DerivedDataCache/DDC.ddp not found, will not use a pak cache.
[2021.11.10-13.39.17:215][  0]LogDerivedDataCache: Unable to find inner node Pak for hierarchical cache Hierarchy.
[2021.11.10-13.39.17:215][  0]LogDerivedDataCache: FDerivedDataBackendGraph:  CompressedPak pak cache file ../../../../../../Users/Simen/Documents/NIKKO gitkraken/NikkoChap2/DerivedDataCache/Compressed.ddp not found, will not use a pak cache.
[2021.11.10-13.39.17:215][  0]LogDerivedDataCache: Unable to find inner node CompressedPak for hierarchical cache Hierarchy.
[2021.11.10-13.39.17:230][  0]LogDerivedDataCache: Display: Pak cache opened for reading ../../../Engine/DerivedDataCache/Compressed.ddp.
[2021.11.10-13.39.17:230][  0]LogDerivedDataCache: FDerivedDataBackendGraph:  EnterprisePak pak cache file ../../../Enterprise/DerivedDataCache/Compressed.ddp not found, will not use a pak cache.
[2021.11.10-13.39.17:230][  0]LogDerivedDataCache: Unable to find inner node EnterprisePak for hierarchical cache Hierarchy.
[2021.11.10-13.39.17:244][  0]LogDerivedDataCache: Speed tests for C:/Users/Simen/AppData/Local/UnrealEngine/Common/DerivedDataCache took 0.01 seconds
[2021.11.10-13.39.17:244][  0]LogDerivedDataCache: Display: Performance to C:/Users/Simen/AppData/Local/UnrealEngine/Common/DerivedDataCache: Latency=0.03ms. RandomReadSpeed=236.44MBs, RandomWriteSpeed=98.01MBs. Assigned SpeedClass 'Local'
[2021.11.10-13.39.17:244][  0]LogDerivedDataCache: Using Local data cache path C:/Users/Simen/AppData/Local/UnrealEngine/Common/DerivedDataCache: Writable
[2021.11.10-13.39.17:245][  0]LogDerivedDataCache: Shared data cache path not found in *engine.ini, will not use an Shared cache.
[2021.11.10-13.39.17:245][  0]LogDerivedDataCache: Unable to find inner node Shared for hierarchical cache Hierarchy.
[2021.11.10-13.39.17:290][  0]LogSlate: Using FreeType 2.10.0
[2021.11.10-13.39.17:290][  0]LogSlate: SlateFontServices - WITH_FREETYPE: 1, WITH_HARFBUZZ: 1
[2021.11.10-13.39.17:317][  0]LogAssetRegistry: FAssetRegistry took 0.0028 seconds to start up
[2021.11.10-13.39.17:610][  0]LogInit: Selected Device Profile: [Windows]
[2021.11.10-13.39.17:610][  0]LogInit: Active device profile: [000001C160A9A200][000001C15AB7AC40 49] Windows
[2021.11.10-13.39.17:610][  0]LogInit: Profiles: [000001C160A9A200][000001C15AB7AC40 49] Windows, [000001C160AA2100][000001C152A0CDC0 49] WindowsNoEditor, [000001C160A9A500][000001C152A10F40 49] WindowsServer, [000001C160AA2000][000001C152A150C0 49] WindowsClient, [000001C160A9A600][000001C152A19240 49] IOS, [000001C160AA3F00][000001C152A1D3C0 49] iPadAir, [000001C160A99B00][000001C15DB0D540 49] iPadAir2, [000001C160A49C00][000001C15DB15800 49] IPadPro, [000001C160A49D00][000001C15DB11840 49] iPadAir3, [000001C160A99A00][000001C15DB199C0 49] iPadAir4, [000001C160A4BE00][000001C15DB1DB40 49] iPadMini2, [000001C160A99E00][000001C153F96140 49] iPadMini3, [000001C160A48600][000001C153F9A2C0 49] iPadMini4, [000001C160A99700][000001C153F9E440 49] iPadMini5, [000001C160A91300][000001C153FA6700 49] iPhone6, [000001C160A91400][000001C153FA2740 49] iPodTouch6, [000001C160AA2800][000001C1526A89C0 49] iPhone7, [000001C160AA0200][000001C153FAAA00 49] iPodTouch7, [000001C160A93600][000001C153FAEB40 49] iPhone5S, [000001C160AA2B00][000001C153FB2C80 49] iPhone6Plus, [000001C160A90400][000001C153FB6DC0 49] iPhone6S, [000001C160AA1000][000001C153FBEF40 49] iPhone6SPlus, [000001C160A93C00][000001C153FC30C0 49] iPhone7Plus, [000001C160AA0B00][000001C153FC7240 49] iPhoneSE, [000001C160A91C00][000001C153FCB3C0 49] iPhone8, [000001C160AA3700][000001C153FCF540 49] iPhone8Plus, [000001C160A92C00][000001C153FD36C0 49] iPhoneX, [000001C160AA2F00][000001C153FD7840 49] iPhoneXS, [000001C160A93A00][000001C153FDB9C0 49] iPhoneXSMax, [000001C160AA0900][000001C153FE3B40 49] iPhoneXR, [000001C160A92200][000001C153FE6140 49] iPhone11, [000001C160AA3A00][000001C160E122C0 49] iPhone11Pro, [000001C160A93B00][000001C160E1E440 49] iPhone11ProMax, [000001C160AA3200][000001C160E225C0 49] iPhoneSE2, [000001C160A90200][000001C160EA4740 49] iPhone12Mini, [000001C160AA2500][000001C160EA88C0 49] iPhone12, [000001C160A90800][000001C160EACA40 49] iPhone12Pro, [000001C160AA3B00][000001C153FBAB80 49] iPhone12ProMax, [000001C160A93E00][000001C160EB0CC0 49] iPadPro105, [000001C160AA0D00][000001C160EB4E00 49] iPadPro129, [000001C160A92100][000001C160EB8F40 49] iPadPro97, [000001C160AA1F00][000001C160EC10C0 49] iPadPro2_129, [000001C160A92B00][000001C160EC5240 49] iPad5, [000001C160AA0100][000001C160ED93C0 49] iPad6, [000001C160A90700][000001C160F01540 49] iPad7, [000001C160A4B300][000001C160F136C0 49] iPad8, [000001C160B1C600][000001C160FD7840 49] iPadPro11, [000001C160A48200][000001C1612ED9C0 49] iPadPro2_11, [000001C160B1CA00][000001C1614FDB40 49] iPadPro3_129, [000001C160A90300][000001C161748140 49] iPadPro4_129, [000001C160B1C900][000001C161A642C0 49] AppleTV, [000001C160AA1D00][000001C161B3C440 49] AppleTV4K, [000001C160A49500][000001C161FF45C0 49] TVOS, [000001C160A93000][000001C161C36740 49] Mac, [000001C160A4A800][000001C161C6A8C0 49] MacClient, [000001C160A90F00][000001C161C82A40 49] MacNoEditor, [000001C160A49F00][000001C161CFABC0 49] MacServer, [000001C160AA3E00][000001C161D6AD40 49] Linux, [000001C160A4B500][000001C160EBCE80 49] LinuxAArch64, [000001C160AA3500][000001C15D9A6FC0 49] LinuxNoEditor, [000001C160A49800][000001C15D9ED100 49] LinuxAArch64NoEditor, [000001C160AA1500][000001C15DA37280 49] LinuxClient, [000001C160A4B200][000001C160E2F400 49] LinuxAArch64Client, [000001C160AA1B00][000001C160E45580 49] LinuxServer, [000001C160A4B900][000001C160E49700 49] LinuxAArch64Server, [000001C160AA2200][000001C160E4D880 49] Android, [000001C160A48900][000001C160E51A00 49] Android_Low, [000001C160AA1900][000001C161649B80 49] Android_Mid, [000001C160A4AA00][000001C15D576180 49] Android_High, [000001C160AA2A00][000001C15D57A300 49] Android_Default, [000001C160A49B00][000001C15D57E480 49] Android_Adreno4xx, [000001C160AA3600][000001C15D582600 49] Android_Adreno5xx_Low, [000001C160A4A900][000001C15D586780 49] Android_Adreno5xx, [000001C160AA2700][000001C15D58A900 49] Android_Adreno6xx, [000001C160A4A400][000001C15D58EA80 49] Android_Adreno6xx_Vulkan, [000001C160AA1700][000001C15D592C00 49] Android_Mali_T6xx, [000001C160A4A000][000001C16164CD80 49] Android_Mali_T7xx, [000001C160AA2400][000001C161650F00 49] Android_Mali_T8xx, [000001C160A4A700][000001C15DA33040 49] Android_Mali_G71, [000001C160AA1300][000001C161655180 49] Android_Mali_G72, [000001C160A48500][000001C16165D2C0 49] Android_Mali_G72_Vulkan, [000001C160AA2300][000001C161669440 49] Android_Mali_G76, [000001C160A4AB00][000001C15024F5C0 49] Android_Mali_G76_Vulkan, [000001C160AA2D00][000001C150253740 49] Android_Mali_G77, [000001C160A48E00][000001C1502658C0 49] Android_Mali_G77_Vulkan, [000001C160AA0300][000001C161679A40 49] Android_Mali_G78, [000001C160A49A00][000001C16167DBC0 49] Android_Mali_G78_Vulkan, [000001C160AA0F00][000001C1616941C0 49] Android_Mali_G710, [000001C160A4A200][000001C1616A4340 49] Android_Mali_G710_Vulkan, [000001C160AA1100][000001C161F6A4C0 49] Android_Vulkan_SM5, [000001C160A49300][000001C160F9A640 49] Android_PowerVR_G6xxx, [000001C160AA0500][000001C160FAE7C0 49] Android_PowerVR_GT7xxx, [000001C160A4B700][000001C160FBA940 49] Android_PowerVR_GE8xxx, [000001C160AA1E00][000001C161B40AC0 49] Android_PowerVR_GM9xxx, [000001C160A49000][000001C161B44C40 49] Android_PowerVR_GM9xxx_Vulkan, [000001C160A9BE00][000001C161B48DC0 49] Android_TegraK1, [000001C160A92900][000001C161B4CF40 49] Android_Unknown_Vulkan, [000001C160A9AA00][000001C161B510C0 49] Lumin, [000001C160B1D400][000001C161661200 49] Lumin_Desktop, [000001C160A98F00][000001C161B55340 49] HoloLens, 
[2021.11.10-13.39.17:744][  0]LogMeshReduction: Using QuadricMeshReduction for automatic static mesh reduction
[2021.11.10-13.39.17:744][  0]LogMeshReduction: Using SimplygonMeshReduction for automatic skeletal mesh reduction
[2021.11.10-13.39.17:744][  0]LogMeshReduction: Using ProxyLODMeshReduction for automatic mesh merging
[2021.11.10-13.39.17:744][  0]LogMeshReduction: No distributed automatic mesh merging module available
[2021.11.10-13.39.17:744][  0]LogMeshMerging: No distributed automatic mesh merging module available
[2021.11.10-13.39.17:760][  0]LogNetVersion: NIKKO 1.0.0, NetCL: 17155196, EngineNetVer: 17, GameNetVer: 0 (Checksum: 3895836785)
[2021.11.10-13.39.18:185][  0]LogTexture: Default maximum texture size for cubemaps generated from long-lat sources has been changed from 512 to unlimited. In order to preserve old behaiour for '/Engine/MapTemplates/Sky/DaylightAmbientCubemap.DaylightAmbientCubemap', its maximum texture size has been explicitly set to 512.
[2021.11.10-13.39.18:248][  0]LogHMD: PokeAHoleMaterial loaded successfully
[2021.11.10-13.39.18:254][  0]LogUObjectArray: 17178 objects as part of root set at end of initial load.
[2021.11.10-13.39.18:254][  0]LogUObjectAllocator: 4301856 out of 0 bytes used by permanent object pool.
[2021.11.10-13.39.18:254][  0]LogUObjectArray: CloseDisregardForGC: 0/0 objects in disregard for GC pool
[2021.11.10-13.39.18:518][  0]LogNiagaraDebuggerClient: Niagara Debugger Client Initialized | Session: 37A534C94F0AEE870AA735AF87A4CCDE | Instance: 6AE3B3244A6157763372809F27B0E25D (LAPTOP-EABS3M3N-21864).
[2021.11.10-13.39.18:550][  0]LogStreaming: Warning: Failed to read file '../../../Engine/Content/Editor/Slate/Niagara/MenuSeparator.png' error.
[2021.11.10-13.39.18:550][  0]LogSlate: Could not find file for Slate resource: ../../../Engine/Content/Editor/Slate/Niagara/MenuSeparator.png
[2021.11.10-13.39.18:550][  0]LogStreaming: Warning: Failed to read file '../../../Engine/Content/Editor/Slate/Niagara/Common/Selector.png' error.
[2021.11.10-13.39.18:550][  0]LogSlate: Could not find file for Slate resource: ../../../Engine/Content/Editor/Slate/Niagara/Common/Selector.png
[2021.11.10-13.39.18:550][  0]LogStreaming: Warning: Failed to read file '../../../Engine/Content/Editor/Slate/Niagara/Common/DropZoneIndicator_Above.png' error.
[2021.11.10-13.39.18:550][  0]LogSlate: Could not find file for Slate resource: ../../../Engine/Content/Editor/Slate/Niagara/Common/DropZoneIndicator_Above.png
[2021.11.10-13.39.18:550][  0]LogStreaming: Warning: Failed to read file '../../../Engine/Content/Editor/Slate/Niagara/Common/DropZoneIndicator_Onto.png' error.
[2021.11.10-13.39.18:550][  0]LogSlate: Could not find file for Slate resource: ../../../Engine/Content/Editor/Slate/Niagara/Common/DropZoneIndicator_Onto.png
[2021.11.10-13.39.18:550][  0]LogStreaming: Warning: Failed to read file '../../../Engine/Content/Editor/Slate/Niagara/Common/Selection.png' error.
[2021.11.10-13.39.18:550][  0]LogSlate: Could not find file for Slate resource: ../../../Engine/Content/Editor/Slate/Niagara/Common/Selection.png
[2021.11.10-13.39.18:550][  0]LogStreaming: Warning: Failed to read file '../../../Engine/Content/Editor/Slate/Niagara/Common/FlatButton.png' error.
[2021.11.10-13.39.18:550][  0]LogSlate: Could not find file for Slate resource: ../../../Engine/Content/Editor/Slate/Niagara/Common/FlatButton.png
[2021.11.10-13.39.18:550][  0]LogStreaming: Warning: Failed to read file '../../../Engine/Content/Editor/Slate/Niagara/Common/DropZoneIndicator_Below.png' error.
[2021.11.10-13.39.18:550][  0]LogSlate: Could not find file for Slate resource: ../../../Engine/Content/Editor/Slate/Niagara/Common/DropZoneIndicator_Below.png
[2021.11.10-13.39.18:550][  0]LogStreaming: Warning: Failed to read file '../../../Engine/Content/Editor/Slate/Niagara/Common/RoundedSelection_16x.png' error.
[2021.11.10-13.39.18:550][  0]LogSlate: Could not find file for Slate resource: ../../../Engine/Content/Editor/Slate/Niagara/Common/RoundedSelection_16x.png
[2021.11.10-13.39.18:550][  0]LogImageWrapper: Warning: PNG Warning: Duplicate iCCP chunk
[2021.11.10-13.39.18:550][  0]LogImageWrapper: Warning: PNG Warning: Duplicate iCCP chunk
[2021.11.10-13.39.18:550][  0]LogPython: Using Python 3.7.7
[2021.11.10-13.39.19:125][  0]LogUdpMessaging: Initializing bridge on interface 0.0.0.0:0 to multicast group 230.0.0.1:6666.
[2021.11.10-13.39.19:131][  0]LogTcpMessaging: Initializing TcpMessaging bridge
[2021.11.10-13.39.19:510][  0]LogOpenImageDenoise: OIDN starting up
[2021.11.10-13.39.19:520][  0]LogTexture: Default maximum texture size for cubemaps generated from long-lat sources has been changed from 512 to unlimited. In order to preserve old behaiour for '/Engine/EditorMaterials/AssetViewer/EpicQuadPanorama_CC+EV1.EpicQuadPanorama_CC+EV1', its maximum texture size has been explicitly set to 512.
[2021.11.10-13.39.19:619][  0]LogAndroidPermission: UAndroidPermissionCallbackProxy::GetInstance
[2021.11.10-13.39.19:641][  0]LogAudioCaptureCore: Display: No Audio Capture implementations found. Audio input will be silent.
[2021.11.10-13.39.19:641][  0]LogAudioCaptureCore: Display: No Audio Capture implementations found. Audio input will be silent.
[2021.11.10-13.39.19:761][  0]SourceControl: Source control is disabled
[2021.11.10-13.39.19:761][  0]SourceControl: Source control is disabled
[2021.11.10-13.39.19:765][  0]SourceControl: Source control is disabled
[2021.11.10-13.39.19:768][  0]SourceControl: Source control is disabled
[2021.11.10-13.39.19:774][  0]SourceControl: Source control is disabled
[2021.11.10-13.39.19:780][  0]LogUProjectInfo: Found projects:
[2021.11.10-13.39.19:794][  0]LogCollectionManager: Loaded 0 collections in 0.001688 seconds
[2021.11.10-13.39.19:819][  0]LogFileCache: Scanning file cache for directory 'C:/Users/Simen/Documents/NIKKO gitkraken/NikkoChap2/Saved/Collections/' took 0.00s
[2021.11.10-13.39.19:819][  0]LogFileCache: Scanning file cache for directory 'C:/Users/Simen/Documents/NIKKO gitkraken/NikkoChap2/Content/Developers/Simen/Collections/' took 0.00s
[2021.11.10-13.39.19:819][  0]LogFileCache: Scanning file cache for directory 'C:/Users/Simen/Documents/NIKKO gitkraken/NikkoChap2/Content/Collections/' took 0.00s
[2021.11.10-13.39.19:819][  0]LogOcInput: OculusInput pre-init called
[2021.11.10-13.39.20:064][  0]LogStreaming: Warning: Failed to read file '../../../Engine/Content/Editor/Slate/Niagara/MenuSeparator.png' error.
[2021.11.10-13.39.20:064][  0]LogSlate: Could not find file for Slate resource: ../../../Engine/Content/Editor/Slate/Niagara/MenuSeparator.png
[2021.11.10-13.39.20:064][  0]LogStreaming: Warning: Failed to read file '../../../Engine/Content/Editor/Slate/Niagara/Common/Selector.png' error.
[2021.11.10-13.39.20:064][  0]LogSlate: Could not find file for Slate resource: ../../../Engine/Content/Editor/Slate/Niagara/Common/Selector.png
[2021.11.10-13.39.20:064][  0]LogStreaming: Warning: Failed to read file '../../../Engine/Content/Editor/Slate/Niagara/Common/Selection.png' error.
[2021.11.10-13.39.20:064][  0]LogSlate: Could not find file for Slate resource: ../../../Engine/Content/Editor/Slate/Niagara/Common/Selection.png
[2021.11.10-13.39.20:064][  0]LogStreaming: Warning: Failed to read file '../../../Engine/Content/Editor/Slate/Niagara/Common/DropZoneIndicator_Above.png' error.
[2021.11.10-13.39.20:064][  0]LogSlate: Could not find file for Slate resource: ../../../Engine/Content/Editor/Slate/Niagara/Common/DropZoneIndicator_Above.png
[2021.11.10-13.39.20:064][  0]LogStreaming: Warning: Failed to read file '../../../Engine/Content/Editor/Slate/Niagara/Common/DropZoneIndicator_Onto.png' error.
[2021.11.10-13.39.20:064][  0]LogSlate: Could not find file for Slate resource: ../../../Engine/Content/Editor/Slate/Niagara/Common/DropZoneIndicator_Onto.png
[2021.11.10-13.39.20:064][  0]LogStreaming: Warning: Failed to read file '../../../Engine/Content/Editor/Slate/Niagara/Common/DropZoneIndicator_Below.png' error.
[2021.11.10-13.39.20:064][  0]LogSlate: Could not find file for Slate resource: ../../../Engine/Content/Editor/Slate/Niagara/Common/DropZoneIndicator_Below.png
[2021.11.10-13.39.20:064][  0]LogStreaming: Warning: Failed to read file '../../../Engine/Content/Editor/Slate/Niagara/Common/RoundedSelection_16x.png' error.
[2021.11.10-13.39.20:064][  0]LogSlate: Could not find file for Slate resource: ../../../Engine/Content/Editor/Slate/Niagara/Common/RoundedSelection_16x.png
[2021.11.10-13.39.20:064][  0]LogStreaming: Warning: Failed to read file '../../../Engine/Content/Editor/Slate/Niagara/Common/FlatButton.png' error.
[2021.11.10-13.39.20:064][  0]LogSlate: Could not find file for Slate resource: ../../../Engine/Content/Editor/Slate/Niagara/Common/FlatButton.png
[2021.11.10-13.39.20:064][  0]LogImageWrapper: Warning: PNG Warning: Duplicate iCCP chunk
[2021.11.10-13.39.20:064][  0]LogImageWrapper: Warning: PNG Warning: Duplicate iCCP chunk
[2021.11.10-13.39.20:064][  0]LogEngine: Initializing Engine...
[2021.11.10-13.39.20:066][  0]LogHMD: Failed to enumerate extensions. Please check that you have a valid OpenXR runtime installed.
[2021.11.10-13.39.20:067][  0]LogHMD: Failed to initialize OpenVR with code 110
[2021.11.10-13.39.20:067][  0]LogMagicLeap: Warning: VR disabled because ZI is not enabled.  To enable, in the editor, Edit -> Project Settings -> Plugins -> Magic Leap Plugin -> Enable Zero Iteration
[2021.11.10-13.39.20:067][  0]LogStats: UGameplayTagsManager::InitializeManager -  0.000 s
[2021.11.10-13.39.20:186][  0]LogInit: Initializing FReadOnlyCVARCache
[2021.11.10-13.39.20:193][  0]LogAIModule: Creating AISystem for world Untitled
[2021.11.10-13.39.20:196][  0]LogAudio: Display: Initializing Audio Device Manager...
[2021.11.10-13.39.20:199][  0]LogAudio: Display: Loading Default Audio Settings Objects...
[2021.11.10-13.39.20:200][  0]LogAudio: Display: No default SoundConcurrencyObject specified (or failed to load).
[2021.11.10-13.39.20:200][  0]LogAudio: Display: Audio Device Manager Initialized
[2021.11.10-13.39.20:200][  0]LogAudio: Display: Creating Audio Device:                 Id: 1, Scope: Shared, Realtime: True
[2021.11.10-13.39.20:200][  0]LogAudioMixer: Display: Audio Mixer Platform Settings:
[2021.11.10-13.39.20:200][  0]LogAudioMixer: Display: 	Sample Rate:						  48000
[2021.11.10-13.39.20:200][  0]LogAudioMixer: Display: 	Callback Buffer Frame Size Requested: 1024
[2021.11.10-13.39.20:200][  0]LogAudioMixer: Display: 	Callback Buffer Frame Size To Use:	  1024
[2021.11.10-13.39.20:200][  0]LogAudioMixer: Display: 	Number of buffers to queue:			  2
[2021.11.10-13.39.20:200][  0]LogAudioMixer: Display: 	Max Channels (voices):				  32
[2021.11.10-13.39.20:200][  0]LogAudioMixer: Display: 	Number of Async Source Workers:		  0
[2021.11.10-13.39.20:200][  0]LogAudio: Display: AudioDevice MaxSources: 32
[2021.11.10-13.39.20:200][  0]LogAudio: Display: Audio Spatialization Plugin: None (built-in).
[2021.11.10-13.39.20:201][  0]LogAudio: Display: Audio Reverb Plugin: None (built-in).
[2021.11.10-13.39.20:201][  0]LogAudio: Display: Audio Occlusion Plugin: None (built-in).
[2021.11.10-13.39.20:201][  0]LogAudioMixer: Display: Initializing audio mixer.
[2021.11.10-13.39.20:212][  0]LogAudioMixer: Display: 0: FrontLeft
[2021.11.10-13.39.20:212][  0]LogAudioMixer: Display: 1: FrontRight
[2021.11.10-13.39.20:328][  0]LogAudioMixer: Display: Using Audio Device Speakers (Realtek(R) Audio)
[2021.11.10-13.39.20:330][  0]LogAudioMixer: Display: Initializing Sound Submixes...
[2021.11.10-13.39.20:333][  0]LogAudioMixer: Display: Creating Master Submix 'MasterSubmixDefault'
[2021.11.10-13.39.20:333][  0]LogAudioMixer: Display: Creating Master Submix 'MasterReverbSubmixDefault'
[2021.11.10-13.39.20:334][  0]LogAudioMixer: Display: Creating Master Submix 'MasterEQSubmixDefault'
[2021.11.10-13.39.20:334][  0]LogAudioMixer: FMixerPlatformXAudio2::StartAudioStream() called
[2021.11.10-13.39.20:334][  0]LogAudioMixer: Display: Output buffers initialized: Frames=1024, Channels=2, Samples=2048
[2021.11.10-13.39.20:335][  0]LogAudioMixer: Display: Starting AudioMixerPlatformInterface::RunInternal()
[2021.11.10-13.39.20:335][  0]LogAudioMixer: Display: FMixerPlatformXAudio2::SubmitBuffer() called for the first time
[2021.11.10-13.39.20:335][  0]LogInit: FAudioDevice initialized.
[2021.11.10-13.39.20:335][  0]LogAudio: Display: Audio Device (ID: 1) registered with world 'Untitled'.
[2021.11.10-13.39.20:335][  0]LogNetVersion: Set ProjectVersion to 1.0.0.0. Version Checksum will be recalculated on next use.
[2021.11.10-13.39.20:393][  0]LogDerivedDataCache: Saved boot cache 0.06s 111MB C:/Users/Simen/AppData/Local/UnrealEngine/4.27/DerivedDataCache/Boot.ddc.
[2021.11.10-13.39.20:393][  0]LogInit: Texture streaming: Enabled
[2021.11.10-13.39.20:407][  0]LogAnalytics: Display: [UEEditor.Rocket.Release] APIServer = https://datarouter.ol.epicgames.com/. AppVersion = 4.27.0-17155196+++UE4+Release-4.27
[2021.11.10-13.39.20:412][  0]LogEngineSessionManager: EngineSessionManager initialized
[2021.11.10-13.39.20:412][  0]LogEditorSessionSummary: Verbose: Initializing EditorSessionSummaryWriter for editor session tracking
[2021.11.10-13.39.20:414][  0]LogEditorSessionSummary: EditorSessionSummaryWriter initialized
[2021.11.10-13.39.20:467][  0]LogInit: Transaction tracking system initialized
[2021.11.10-13.39.20:487][  0]BlueprintLog: New page: Editor Load
[2021.11.10-13.39.20:543][  0]LocalizationService: Localization service is disabled
[2021.11.10-13.39.20:565][  0]TimingProfiler: Initialize
[2021.11.10-13.39.20:566][  0]TimingProfiler: OnSessionChanged
[2021.11.10-13.39.20:566][  0]LoadingProfiler: Initialize
[2021.11.10-13.39.20:566][  0]LoadingProfiler: OnSessionChanged
[2021.11.10-13.39.20:566][  0]NetworkingProfiler: Initialize
[2021.11.10-13.39.20:566][  0]NetworkingProfiler: OnSessionChanged
[2021.11.10-13.39.20:566][  0]MemoryProfiler: Initialize
[2021.11.10-13.39.20:566][  0]MemoryProfiler: OnSessionChanged
[2021.11.10-13.39.20:570][  0]LogClass: Warning: In asset 'None', there is an enum property of type 'EIOSVersion' with an invalid value of 'IOS_11'
[2021.11.10-13.39.20:570][  0]LogObj: Error: LoadConfig (/Script/IOSRuntimeSettings.Default__IOSRuntimeSettings): import failed for MinimumiOSVersion in: IOS_11
[2021.11.10-13.39.20:736][  0]LogCook: Display: CookSettings for Memory: MemoryMaxUsedVirtual 0MiB, MemoryMaxUsedPhysical 16384MiB, MemoryMinFreeVirtual 0MiB, MemoryMinFreePhysical 1024MiB
[2021.11.10-13.39.20:736][  0]LogCook: Display: Mobile HDR setting 1
[2021.11.10-13.39.20:915][  0]LogFileCache: Scanning file cache for directory 'C:/Users/Simen/Documents/NIKKO gitkraken/NikkoChap2/Content/' took 0.01s
[2021.11.10-13.39.21:053][  0]LogStreaming: Warning: Failed to read file '../../../Engine/Content/Editor/Slate/Niagara/MenuSeparator.png' error.
[2021.11.10-13.39.21:053][  0]LogSlate: Could not find file for Slate resource: ../../../Engine/Content/Editor/Slate/Niagara/MenuSeparator.png
[2021.11.10-13.39.21:053][  0]LogStreaming: Warning: Failed to read file '../../../Engine/Content/Editor/Slate/Niagara/Common/Selector.png' error.
[2021.11.10-13.39.21:053][  0]LogStreaming: Warning: Failed to read file '../../../Engine/Content/Editor/Slate/Niagara/Common/Selection.png' error.
[2021.11.10-13.39.21:054][  0]LogSlate: Could not find file for Slate resource: ../../../Engine/Content/Editor/Slate/Niagara/Common/Selection.png
[2021.11.10-13.39.21:054][  0]LogStreaming: Warning: Failed to read file '../../../Engine/Content/Editor/Slate/Niagara/Common/DropZoneIndicator_Above.png' error.
[2021.11.10-13.39.21:054][  0]LogSlate: Could not find file for Slate resource: ../../../Engine/Content/Editor/Slate/Niagara/Common/DropZoneIndicator_Above.png
[2021.11.10-13.39.21:054][  0]LogStreaming: Warning: Failed to read file '../../../Engine/Content/Editor/Slate/Niagara/Common/DropZoneIndicator_Onto.png' error.
[2021.11.10-13.39.21:054][  0]LogSlate: Could not find file for Slate resource: ../../../Engine/Content/Editor/Slate/Niagara/Common/DropZoneIndicator_Onto.png
[2021.11.10-13.39.21:054][  0]LogStreaming: Warning: Failed to read file '../../../Engine/Content/Editor/Slate/Niagara/Common/DropZoneIndicator_Below.png' error.
[2021.11.10-13.39.21:054][  0]LogSlate: Could not find file for Slate resource: ../../../Engine/Content/Editor/Slate/Niagara/Common/DropZoneIndicator_Below.png
[2021.11.10-13.39.21:054][  0]LogStreaming: Warning: Failed to read file '../../../Engine/Content/Editor/Slate/Niagara/Common/RoundedSelection_16x.png' error.
[2021.11.10-13.39.21:054][  0]LogSlate: Could not find file for Slate resource: ../../../Engine/Content/Editor/Slate/Niagara/Common/RoundedSelection_16x.png
[2021.11.10-13.39.21:054][  0]LogSlate: Could not find file for Slate resource: ../../../Engine/Content/Editor/Slate/Niagara/Common/Selector.png
[2021.11.10-13.39.21:103][  0]LogStreaming: Warning: Failed to read file '../../../Engine/Content/Editor/Slate/Niagara/Common/FlatButton.png' error.
[2021.11.10-13.39.21:103][  0]LogSlate: Could not find file for Slate resource: ../../../Engine/Content/Editor/Slate/Niagara/Common/FlatButton.png
[2021.11.10-13.39.21:103][  0]LogImageWrapper: Warning: PNG Warning: Duplicate iCCP chunk
[2021.11.10-13.39.21:103][  0]LogImageWrapper: Warning: PNG Warning: Duplicate iCCP chunk
[2021.11.10-13.39.21:103][  0]LogInit: Display: Engine is initialized. Leaving FEngineLoop::Init()
[2021.11.10-13.39.21:106][  0]SourceControl: Source control is disabled
[2021.11.10-13.39.21:106][  0]LogUnrealEdMisc: Loading editor; pre map load, took 7.464
[2021.11.10-13.39.21:106][  0]Cmd: MAP LOAD FILE="../../../../../../Users/Simen/Documents/NIKKO gitkraken/NikkoChap2/Content/StoryAdvTemplate/Maps/Showroom.umap" TEMPLATE=0 SHOWPROGRESS=1 FEATURELEVEL=3
[2021.11.10-13.39.21:107][  0]LightingResults: New page: Lighting Build
[2021.11.10-13.39.21:108][  0]LogWorld: UWorld::CleanupWorld for Untitled, bSessionEnded=true, bCleanupResources=true
[2021.11.10-13.39.21:108][  0]LogSlate: InvalidateAllWidgets triggered.  All widgets were invalidated
[2021.11.10-13.39.21:108][  0]MapCheck: New page: Map Check
[2021.11.10-13.39.21:108][  0]LightingResults: New page: Lighting Build
[2021.11.10-13.39.21:112][  0]LogAudio: Display: Audio Device unregistered from world 'None'.
[2021.11.10-13.39.21:115][  0]LogUObjectHash: Compacting FUObjectHashTables data took   0.76ms
[2021.11.10-13.39.21:657][  0]LogBlueprint: Warning: [AssetLog] C:\Users\Simen\Documents\NIKKO gitkraken\NikkoChap2\Content\StoryAdvTemplate\UserInterface\Menu\UI_Journal.uasset: [Compiler] On Clicked (CloseButton)  does not have a valid matching component!
[2021.11.10-13.39.22:834][  0]LogAudio: Display: Audio Device (ID: 1) registered with world 'Showroom'.
[2021.11.10-13.39.22:835][  0]LogAIModule: Creating AISystem for world Showroom
[2021.11.10-13.39.22:914][  0]LogStreaming: Display: ULevelStreaming::RequestLevel(/Game/StoryAdvTemplate/Maps/Sublevels/Example_Sublevel_A) is flushing async loading
[2021.11.10-13.39.22:914][  0]LogStreaming: Display: FlushAsyncLoading: 1 QueuedPackages, 0 AsyncPackages
[2021.11.10-13.39.22:922][  0]LogStreaming: Display: ULevelStreaming::RequestLevel(/Game/StoryAdvTemplate/Maps/MenuScene) is flushing async loading
[2021.11.10-13.39.22:948][  0]LogStreaming: Display: ULevelStreaming::RequestLevel(/Game/StoryAdvTemplate/Maps/Sublevels/Example_Sublevel_B) is flushing async loading
[2021.11.10-13.39.22:958][  0]LogStreaming: Display: ULevelStreaming::RequestLevel(/Game/StoryAdvTemplate/Maps/Sublevels/Example_Sublevel_C) is flushing async loading
[2021.11.10-13.39.22:969][  0]LogEditorServer: Finished looking for orphan Actors (0.000 secs)
[2021.11.10-13.39.23:000][  0]LogUObjectHash: Compacting FUObjectHashTables data took   1.91ms
[2021.11.10-13.39.23:000][  0]Cmd: MAP CHECKDEP NOCLEARLOG
[2021.11.10-13.39.23:001][  0]MapCheck: Map check complete: 0 Error(s), 0 Warning(s), took 0,509ms to complete.
[2021.11.10-13.39.23:001][  0]LogFileHelpers: Loading map 'Showroom' took 1.894
[2021.11.10-13.39.23:002][  0]LogUnrealEdMisc: Total Editor Startup Time, took 9.359
[2021.11.10-13.39.23:117][  0]LogSlate: Updating window title bar state: overlay mode, drag disabled, window buttons hidden, title bar hidden
[2021.11.10-13.39.23:123][  0]LogSlate: Updating window title bar state: overlay mode, drag disabled, window buttons hidden, title bar hidden
[2021.11.10-13.39.23:130][  0]LogSlate: Updating window title bar state: overlay mode, drag disabled, window buttons hidden, title bar hidden
[2021.11.10-13.39.23:136][  0]LogSlate: Updating window title bar state: overlay mode, drag disabled, window buttons hidden, title bar hidden
[2021.11.10-13.39.23:149][  0]LogNativeClassHierarchy: Verbose: Native class hierarchy populated in 0.0090 seconds. Added 3994 classes and 966 folders.
[2021.11.10-13.39.23:151][  0]LogNativeClassHierarchy: Verbose: Native class hierarchy updated for 'WidgetCarousel' in 0.0002 seconds. Added 0 classes and 0 folders.
[2021.11.10-13.39.23:153][  0]LogPakFile: PakFile PrimaryIndexSize=187
[2021.11.10-13.39.23:153][  0]LogPakFile: PakFile PathHashIndexSize=101
[2021.11.10-13.39.23:153][  0]LogPakFile: PakFile FullDirectoryIndexSize=148
[2021.11.10-13.39.23:153][  0]LogShaderLibrary: Display: ShaderCodeLibraryPakFileMountedCallback: PakFile 'C:/Program Files/Epic Games/UE_4.27/FeaturePacks/FP_FirstPerson.upack' (chunk index -1, root 'root:/') mounted
[2021.11.10-13.39.23:153][  0]LogShaderLibrary: Display: ShaderCodeLibraryPakFileMountedCallback: pending pak file info (ChunkID:-1 Root:root:/ File:C:/Program Files/Epic Games/UE_4.27/FeaturePacks/FP_FirstPerson.upack)
[2021.11.10-13.39.23:153][  0]LogPakFile: OnPakFileMounted2Time == 0.000055
[2021.11.10-13.39.23:154][  0]LogPakFile: PakFile PrimaryIndexSize=189
[2021.11.10-13.39.23:154][  0]LogPakFile: PakFile PathHashIndexSize=101
[2021.11.10-13.39.23:154][  0]LogPakFile: PakFile FullDirectoryIndexSize=152
[2021.11.10-13.39.23:154][  0]LogShaderLibrary: Display: ShaderCodeLibraryPakFileMountedCallback: PakFile 'C:/Program Files/Epic Games/UE_4.27/FeaturePacks/FP_FirstPersonBP.upack' (chunk index -1, root 'root:/') mounted
[2021.11.10-13.39.23:154][  0]LogShaderLibrary: Display: ShaderCodeLibraryPakFileMountedCallback: pending pak file info (ChunkID:-1 Root:root:/ File:C:/Program Files/Epic Games/UE_4.27/FeaturePacks/FP_FirstPersonBP.upack)
[2021.11.10-13.39.23:154][  0]LogPakFile: OnPakFileMounted2Time == 0.000037
[2021.11.10-13.39.23:154][  0]LogPakFile: PakFile PrimaryIndexSize=191
[2021.11.10-13.39.23:154][  0]LogPakFile: PakFile PathHashIndexSize=101
[2021.11.10-13.39.23:154][  0]LogPakFile: PakFile FullDirectoryIndexSize=160
[2021.11.10-13.39.23:154][  0]LogShaderLibrary: Display: ShaderCodeLibraryPakFileMountedCallback: PakFile 'C:/Program Files/Epic Games/UE_4.27/FeaturePacks/MobileStarterContent.upack' (chunk index -1, root 'root:/') mounted
[2021.11.10-13.39.23:154][  0]LogShaderLibrary: Display: ShaderCodeLibraryPakFileMountedCallback: pending pak file info (ChunkID:-1 Root:root:/ File:C:/Program Files/Epic Games/UE_4.27/FeaturePacks/MobileStarterContent.upack)
[2021.11.10-13.39.23:154][  0]LogPakFile: OnPakFileMounted2Time == 0.000034
[2021.11.10-13.39.23:155][  0]LogPakFile: PakFile PrimaryIndexSize=185
[2021.11.10-13.39.23:155][  0]LogPakFile: PakFile PathHashIndexSize=101
[2021.11.10-13.39.23:155][  0]LogPakFile: PakFile FullDirectoryIndexSize=148
[2021.11.10-13.39.23:155][  0]LogShaderLibrary: Display: ShaderCodeLibraryPakFileMountedCallback: PakFile 'C:/Program Files/Epic Games/UE_4.27/FeaturePacks/StarterContent.upack' (chunk index -1, root 'root:/') mounted
[2021.11.10-13.39.23:155][  0]LogShaderLibrary: Display: ShaderCodeLibraryPakFileMountedCallback: pending pak file info (ChunkID:-1 Root:root:/ File:C:/Program Files/Epic Games/UE_4.27/FeaturePacks/StarterContent.upack)
[2021.11.10-13.39.23:155][  0]LogPakFile: OnPakFileMounted2Time == 0.000035
[2021.11.10-13.39.23:155][  0]LogPakFile: PakFile PrimaryIndexSize=190
[2021.11.10-13.39.23:155][  0]LogPakFile: PakFile PathHashIndexSize=101
[2021.11.10-13.39.23:155][  0]LogPakFile: PakFile FullDirectoryIndexSize=154
[2021.11.10-13.39.23:155][  0]LogShaderLibrary: Display: ShaderCodeLibraryPakFileMountedCallback: PakFile 'C:/Program Files/Epic Games/UE_4.27/FeaturePacks/TP_2DSideScroller.upack' (chunk index -1, root 'root:/') mounted
[2021.11.10-13.39.23:155][  0]LogShaderLibrary: Display: ShaderCodeLibraryPakFileMountedCallback: pending pak file info (ChunkID:-1 Root:root:/ File:C:/Program Files/Epic Games/UE_4.27/FeaturePacks/TP_2DSideScroller.upack)
[2021.11.10-13.39.23:155][  0]LogPakFile: OnPakFileMounted2Time == 0.000033
[2021.11.10-13.39.23:156][  0]LogPakFile: PakFile PrimaryIndexSize=192
[2021.11.10-13.39.23:156][  0]LogPakFile: PakFile PathHashIndexSize=101
[2021.11.10-13.39.23:156][  0]LogPakFile: PakFile FullDirectoryIndexSize=158
[2021.11.10-13.39.23:156][  0]LogShaderLibrary: Display: ShaderCodeLibraryPakFileMountedCallback: PakFile 'C:/Program Files/Epic Games/UE_4.27/FeaturePacks/TP_2DSideScrollerBP.upack' (chunk index -1, root 'root:/') mounted
[2021.11.10-13.39.23:156][  0]LogShaderLibrary: Display: ShaderCodeLibraryPakFileMountedCallback: pending pak file info (ChunkID:-1 Root:root:/ File:C:/Program Files/Epic Games/UE_4.27/FeaturePacks/TP_2DSideScrollerBP.upack)
[2021.11.10-13.39.23:156][  0]LogPakFile: OnPakFileMounted2Time == 0.000034
[2021.11.10-13.39.23:156][  0]LogPakFile: PakFile PrimaryIndexSize=182
[2021.11.10-13.39.23:157][  0]LogPakFile: PakFile PathHashIndexSize=101
[2021.11.10-13.39.23:157][  0]LogPakFile: PakFile FullDirectoryIndexSize=138
[2021.11.10-13.39.23:157][  0]LogShaderLibrary: Display: ShaderCodeLibraryPakFileMountedCallback: PakFile 'C:/Program Files/Epic Games/UE_4.27/FeaturePacks/TP_Flying.upack' (chunk index -1, root 'root:/') mounted
[2021.11.10-13.39.23:157][  0]LogShaderLibrary: Display: ShaderCodeLibraryPakFileMountedCallback: pending pak file info (ChunkID:-1 Root:root:/ File:C:/Program Files/Epic Games/UE_4.27/FeaturePacks/TP_Flying.upack)
[2021.11.10-13.39.23:157][  0]LogPakFile: OnPakFileMounted2Time == 0.000034
[2021.11.10-13.39.23:157][  0]LogPakFile: PakFile PrimaryIndexSize=184
[2021.11.10-13.39.23:157][  0]LogPakFile: PakFile PathHashIndexSize=101
[2021.11.10-13.39.23:157][  0]LogPakFile: PakFile FullDirectoryIndexSize=142
[2021.11.10-13.39.23:157][  0]LogShaderLibrary: Display: ShaderCodeLibraryPakFileMountedCallback: PakFile 'C:/Program Files/Epic Games/UE_4.27/FeaturePacks/TP_FlyingBP.upack' (chunk index -1, root 'root:/') mounted
[2021.11.10-13.39.23:157][  0]LogShaderLibrary: Display: ShaderCodeLibraryPakFileMountedCallback: pending pak file info (ChunkID:-1 Root:root:/ File:C:/Program Files/Epic Games/UE_4.27/FeaturePacks/TP_FlyingBP.upack)
[2021.11.10-13.39.23:157][  0]LogPakFile: OnPakFileMounted2Time == 0.000033
[2021.11.10-13.39.23:158][  0]LogPakFile: PakFile PrimaryIndexSize=188
[2021.11.10-13.39.23:158][  0]LogPakFile: PakFile PathHashIndexSize=101
[2021.11.10-13.39.23:158][  0]LogPakFile: PakFile FullDirectoryIndexSize=150
[2021.11.10-13.39.23:158][  0]LogShaderLibrary: Display: ShaderCodeLibraryPakFileMountedCallback: PakFile 'C:/Program Files/Epic Games/UE_4.27/FeaturePacks/TP_HandheldARBP.upack' (chunk index -1, root 'root:/') mounted
[2021.11.10-13.39.23:158][  0]LogShaderLibrary: Display: ShaderCodeLibraryPakFileMountedCallback: pending pak file info (ChunkID:-1 Root:root:/ File:C:/Program Files/Epic Games/UE_4.27/FeaturePacks/TP_HandheldARBP.upack)
[2021.11.10-13.39.23:158][  0]LogPakFile: OnPakFileMounted2Time == 0.000033
[2021.11.10-13.39.23:158][  0]LogPakFile: PakFile PrimaryIndexSize=182
[2021.11.10-13.39.23:158][  0]LogPakFile: PakFile PathHashIndexSize=101
[2021.11.10-13.39.23:158][  0]LogPakFile: PakFile FullDirectoryIndexSize=138
[2021.11.10-13.39.23:158][  0]LogShaderLibrary: Display: ShaderCodeLibraryPakFileMountedCallback: PakFile 'C:/Program Files/Epic Games/UE_4.27/FeaturePacks/TP_Puzzle.upack' (chunk index -1, root 'root:/') mounted
[2021.11.10-13.39.23:158][  0]LogShaderLibrary: Display: ShaderCodeLibraryPakFileMountedCallback: pending pak file info (ChunkID:-1 Root:root:/ File:C:/Program Files/Epic Games/UE_4.27/FeaturePacks/TP_Puzzle.upack)
[2021.11.10-13.39.23:158][  0]LogPakFile: OnPakFileMounted2Time == 0.000033
[2021.11.10-13.39.23:159][  0]LogPakFile: PakFile PrimaryIndexSize=184
[2021.11.10-13.39.23:159][  0]LogPakFile: PakFile PathHashIndexSize=101
[2021.11.10-13.39.23:159][  0]LogPakFile: PakFile FullDirectoryIndexSize=142
[2021.11.10-13.39.23:159][  0]LogShaderLibrary: Display: ShaderCodeLibraryPakFileMountedCallback: PakFile 'C:/Program Files/Epic Games/UE_4.27/FeaturePacks/TP_PuzzleBP.upack' (chunk index -1, root 'root:/') mounted
[2021.11.10-13.39.23:159][  0]LogShaderLibrary: Display: ShaderCodeLibraryPakFileMountedCallback: pending pak file info (ChunkID:-1 Root:root:/ File:C:/Program Files/Epic Games/UE_4.27/FeaturePacks/TP_PuzzleBP.upack)
[2021.11.10-13.39.23:159][  0]LogPakFile: OnPakFileMounted2Time == 0.000033
[2021.11.10-13.39.23:160][  0]LogPakFile: PakFile PrimaryIndexSize=183
[2021.11.10-13.39.23:160][  0]LogPakFile: PakFile PathHashIndexSize=101
[2021.11.10-13.39.23:160][  0]LogPakFile: PakFile FullDirectoryIndexSize=140
[2021.11.10-13.39.23:160][  0]LogShaderLibrary: Display: ShaderCodeLibraryPakFileMountedCallback: PakFile 'C:/Program Files/Epic Games/UE_4.27/FeaturePacks/TP_Rolling.upack' (chunk index -1, root 'root:/') mounted
[2021.11.10-13.39.23:160][  0]LogShaderLibrary: Display: ShaderCodeLibraryPakFileMountedCallback: pending pak file info (ChunkID:-1 Root:root:/ File:C:/Program Files/Epic Games/UE_4.27/FeaturePacks/TP_Rolling.upack)
[2021.11.10-13.39.23:160][  0]LogPakFile: OnPakFileMounted2Time == 0.000033
[2021.11.10-13.39.23:160][  0]LogPakFile: PakFile PrimaryIndexSize=185
[2021.11.10-13.39.23:160][  0]LogPakFile: PakFile PathHashIndexSize=101
[2021.11.10-13.39.23:160][  0]LogPakFile: PakFile FullDirectoryIndexSize=144
[2021.11.10-13.39.23:160][  0]LogShaderLibrary: Display: ShaderCodeLibraryPakFileMountedCallback: PakFile 'C:/Program Files/Epic Games/UE_4.27/FeaturePacks/TP_RollingBP.upack' (chunk index -1, root 'root:/') mounted
[2021.11.10-13.39.23:160][  0]LogShaderLibrary: Display: ShaderCodeLibraryPakFileMountedCallback: pending pak file info (ChunkID:-1 Root:root:/ File:C:/Program Files/Epic Games/UE_4.27/FeaturePacks/TP_RollingBP.upack)
[2021.11.10-13.39.23:160][  0]LogPakFile: OnPakFileMounted2Time == 0.000033
[2021.11.10-13.39.23:161][  0]LogPakFile: PakFile PrimaryIndexSize=188
[2021.11.10-13.39.23:161][  0]LogPakFile: PakFile PathHashIndexSize=101
[2021.11.10-13.39.23:161][  0]LogPakFile: PakFile FullDirectoryIndexSize=150
[2021.11.10-13.39.23:161][  0]LogShaderLibrary: Display: ShaderCodeLibraryPakFileMountedCallback: PakFile 'C:/Program Files/Epic Games/UE_4.27/FeaturePacks/TP_SideScroller.upack' (chunk index -1, root 'root:/') mounted
[2021.11.10-13.39.23:161][  0]LogShaderLibrary: Display: ShaderCodeLibraryPakFileMountedCallback: pending pak file info (ChunkID:-1 Root:root:/ File:C:/Program Files/Epic Games/UE_4.27/FeaturePacks/TP_SideScroller.upack)
[2021.11.10-13.39.23:161][  0]LogPakFile: OnPakFileMounted2Time == 0.000034
[2021.11.10-13.39.23:161][  0]LogPakFile: PakFile PrimaryIndexSize=190
[2021.11.10-13.39.23:161][  0]LogPakFile: PakFile PathHashIndexSize=101
[2021.11.10-13.39.23:161][  0]LogPakFile: PakFile FullDirectoryIndexSize=154
[2021.11.10-13.39.23:161][  0]LogShaderLibrary: Display: ShaderCodeLibraryPakFileMountedCallback: PakFile 'C:/Program Files/Epic Games/UE_4.27/FeaturePacks/TP_SideScrollerBP.upack' (chunk index -1, root 'root:/') mounted
[2021.11.10-13.39.23:161][  0]LogShaderLibrary: Display: ShaderCodeLibraryPakFileMountedCallback: pending pak file info (ChunkID:-1 Root:root:/ File:C:/Program Files/Epic Games/UE_4.27/FeaturePacks/TP_SideScrollerBP.upack)
[2021.11.10-13.39.23:161][  0]LogPakFile: OnPakFileMounted2Time == 0.000033
[2021.11.10-13.39.23:162][  0]LogPakFile: PakFile PrimaryIndexSize=187
[2021.11.10-13.39.23:162][  0]LogPakFile: PakFile PathHashIndexSize=101
[2021.11.10-13.39.23:162][  0]LogPakFile: PakFile FullDirectoryIndexSize=148
[2021.11.10-13.39.23:162][  0]LogShaderLibrary: Display: ShaderCodeLibraryPakFileMountedCallback: PakFile 'C:/Program Files/Epic Games/UE_4.27/FeaturePacks/TP_ThirdPerson.upack' (chunk index -1, root 'root:/') mounted
[2021.11.10-13.39.23:162][  0]LogShaderLibrary: Display: ShaderCodeLibraryPakFileMountedCallback: pending pak file info (ChunkID:-1 Root:root:/ File:C:/Program Files/Epic Games/UE_4.27/FeaturePacks/TP_ThirdPerson.upack)
[2021.11.10-13.39.23:162][  0]LogPakFile: OnPakFileMounted2Time == 0.000033
[2021.11.10-13.39.23:162][  0]LogPakFile: PakFile PrimaryIndexSize=189
[2021.11.10-13.39.23:162][  0]LogPakFile: PakFile PathHashIndexSize=101
[2021.11.10-13.39.23:162][  0]LogPakFile: PakFile FullDirectoryIndexSize=152
[2021.11.10-13.39.23:163][  0]LogShaderLibrary: Display: ShaderCodeLibraryPakFileMountedCallback: PakFile 'C:/Program Files/Epic Games/UE_4.27/FeaturePacks/TP_ThirdPersonBP.upack' (chunk index -1, root 'root:/') mounted
[2021.11.10-13.39.23:163][  0]LogShaderLibrary: Display: ShaderCodeLibraryPakFileMountedCallback: pending pak file info (ChunkID:-1 Root:root:/ File:C:/Program Files/Epic Games/UE_4.27/FeaturePacks/TP_ThirdPersonBP.upack)
[2021.11.10-13.39.23:163][  0]LogPakFile: OnPakFileMounted2Time == 0.000033
[2021.11.10-13.39.23:163][  0]LogPakFile: PakFile PrimaryIndexSize=183
[2021.11.10-13.39.23:163][  0]LogPakFile: PakFile PathHashIndexSize=101
[2021.11.10-13.39.23:163][  0]LogPakFile: PakFile FullDirectoryIndexSize=140
[2021.11.10-13.39.23:163][  0]LogShaderLibrary: Display: ShaderCodeLibraryPakFileMountedCallback: PakFile 'C:/Program Files/Epic Games/UE_4.27/FeaturePacks/TP_TopDown.upack' (chunk index -1, root 'root:/') mounted
[2021.11.10-13.39.23:163][  0]LogShaderLibrary: Display: ShaderCodeLibraryPakFileMountedCallback: pending pak file info (ChunkID:-1 Root:root:/ File:C:/Program Files/Epic Games/UE_4.27/FeaturePacks/TP_TopDown.upack)
[2021.11.10-13.39.23:163][  0]LogPakFile: OnPakFileMounted2Time == 0.000040
[2021.11.10-13.39.23:164][  0]LogPakFile: PakFile PrimaryIndexSize=185
[2021.11.10-13.39.23:164][  0]LogPakFile: PakFile PathHashIndexSize=101
[2021.11.10-13.39.23:164][  0]LogPakFile: PakFile FullDirectoryIndexSize=144
[2021.11.10-13.39.23:164][  0]LogShaderLibrary: Display: ShaderCodeLibraryPakFileMountedCallback: PakFile 'C:/Program Files/Epic Games/UE_4.27/FeaturePacks/TP_TopDownBP.upack' (chunk index -1, root 'root:/') mounted
[2021.11.10-13.39.23:164][  0]LogShaderLibrary: Display: ShaderCodeLibraryPakFileMountedCallback: pending pak file info (ChunkID:-1 Root:root:/ File:C:/Program Files/Epic Games/UE_4.27/FeaturePacks/TP_TopDownBP.upack)
[2021.11.10-13.39.23:164][  0]LogPakFile: OnPakFileMounted2Time == 0.000033
[2021.11.10-13.39.23:164][  0]LogPakFile: PakFile PrimaryIndexSize=185
[2021.11.10-13.39.23:164][  0]LogPakFile: PakFile PathHashIndexSize=101
[2021.11.10-13.39.23:164][  0]LogPakFile: PakFile FullDirectoryIndexSize=144
[2021.11.10-13.39.23:164][  0]LogShaderLibrary: Display: ShaderCodeLibraryPakFileMountedCallback: PakFile 'C:/Program Files/Epic Games/UE_4.27/FeaturePacks/TP_TwinStick.upack' (chunk index -1, root 'root:/') mounted
[2021.11.10-13.39.23:164][  0]LogShaderLibrary: Display: ShaderCodeLibraryPakFileMountedCallback: pending pak file info (ChunkID:-1 Root:root:/ File:C:/Program Files/Epic Games/UE_4.27/FeaturePacks/TP_TwinStick.upack)
[2021.11.10-13.39.23:164][  0]LogPakFile: OnPakFileMounted2Time == 0.000033
[2021.11.10-13.39.23:165][  0]LogPakFile: PakFile PrimaryIndexSize=187
[2021.11.10-13.39.23:165][  0]LogPakFile: PakFile PathHashIndexSize=101
[2021.11.10-13.39.23:165][  0]LogPakFile: PakFile FullDirectoryIndexSize=148
[2021.11.10-13.39.23:165][  0]LogShaderLibrary: Display: ShaderCodeLibraryPakFileMountedCallback: PakFile 'C:/Program Files/Epic Games/UE_4.27/FeaturePacks/TP_TwinStickBP.upack' (chunk index -1, root 'root:/') mounted
[2021.11.10-13.39.23:165][  0]LogShaderLibrary: Display: ShaderCodeLibraryPakFileMountedCallback: pending pak file info (ChunkID:-1 Root:root:/ File:C:/Program Files/Epic Games/UE_4.27/FeaturePacks/TP_TwinStickBP.upack)
[2021.11.10-13.39.23:165][  0]LogPakFile: OnPakFileMounted2Time == 0.000034
[2021.11.10-13.39.23:165][  0]LogPakFile: PakFile PrimaryIndexSize=183
[2021.11.10-13.39.23:165][  0]LogPakFile: PakFile PathHashIndexSize=101
[2021.11.10-13.39.23:165][  0]LogPakFile: PakFile FullDirectoryIndexSize=140
[2021.11.10-13.39.23:165][  0]LogShaderLibrary: Display: ShaderCodeLibraryPakFileMountedCallback: PakFile 'C:/Program Files/Epic Games/UE_4.27/FeaturePacks/TP_Vehicle.upack' (chunk index -1, root 'root:/') mounted
[2021.11.10-13.39.23:165][  0]LogShaderLibrary: Display: ShaderCodeLibraryPakFileMountedCallback: pending pak file info (ChunkID:-1 Root:root:/ File:C:/Program Files/Epic Games/UE_4.27/FeaturePacks/TP_Vehicle.upack)
[2021.11.10-13.39.23:166][  0]LogPakFile: OnPakFileMounted2Time == 0.000040
[2021.11.10-13.39.23:166][  0]LogPakFile: PakFile PrimaryIndexSize=186
[2021.11.10-13.39.23:166][  0]LogPakFile: PakFile PathHashIndexSize=101
[2021.11.10-13.39.23:166][  0]LogPakFile: PakFile FullDirectoryIndexSize=146
[2021.11.10-13.39.23:166][  0]LogShaderLibrary: Display: ShaderCodeLibraryPakFileMountedCallback: PakFile 'C:/Program Files/Epic Games/UE_4.27/FeaturePacks/TP_VehicleAdv.upack' (chunk index -1, root 'root:/') mounted
[2021.11.10-13.39.23:166][  0]LogShaderLibrary: Display: ShaderCodeLibraryPakFileMountedCallback: pending pak file info (ChunkID:-1 Root:root:/ File:C:/Program Files/Epic Games/UE_4.27/FeaturePacks/TP_VehicleAdv.upack)
[2021.11.10-13.39.23:166][  0]LogPakFile: OnPakFileMounted2Time == 0.000034
[2021.11.10-13.39.23:167][  0]LogPakFile: PakFile PrimaryIndexSize=188
[2021.11.10-13.39.23:167][  0]LogPakFile: PakFile PathHashIndexSize=101
[2021.11.10-13.39.23:167][  0]LogPakFile: PakFile FullDirectoryIndexSize=150
[2021.11.10-13.39.23:167][  0]LogShaderLibrary: Display: ShaderCodeLibraryPakFileMountedCallback: PakFile 'C:/Program Files/Epic Games/UE_4.27/FeaturePacks/TP_VehicleAdvBP.upack' (chunk index -1, root 'root:/') mounted
[2021.11.10-13.39.23:167][  0]LogShaderLibrary: Display: ShaderCodeLibraryPakFileMountedCallback: pending pak file info (ChunkID:-1 Root:root:/ File:C:/Program Files/Epic Games/UE_4.27/FeaturePacks/TP_VehicleAdvBP.upack)
[2021.11.10-13.39.23:167][  0]LogPakFile: OnPakFileMounted2Time == 0.000034
[2021.11.10-13.39.23:167][  0]LogPakFile: PakFile PrimaryIndexSize=185
[2021.11.10-13.39.23:167][  0]LogPakFile: PakFile PathHashIndexSize=101
[2021.11.10-13.39.23:167][  0]LogPakFile: PakFile FullDirectoryIndexSize=144
[2021.11.10-13.39.23:167][  0]LogShaderLibrary: Display: ShaderCodeLibraryPakFileMountedCallback: PakFile 'C:/Program Files/Epic Games/UE_4.27/FeaturePacks/TP_VehicleBP.upack' (chunk index -1, root 'root:/') mounted
[2021.11.10-13.39.23:167][  0]LogShaderLibrary: Display: ShaderCodeLibraryPakFileMountedCallback: pending pak file info (ChunkID:-1 Root:root:/ File:C:/Program Files/Epic Games/UE_4.27/FeaturePacks/TP_VehicleBP.upack)
[2021.11.10-13.39.23:167][  0]LogPakFile: OnPakFileMounted2Time == 0.000034
[2021.11.10-13.39.23:168][  0]LogPakFile: PakFile PrimaryIndexSize=192
[2021.11.10-13.39.23:168][  0]LogPakFile: PakFile PathHashIndexSize=101
[2021.11.10-13.39.23:168][  0]LogPakFile: PakFile FullDirectoryIndexSize=158
[2021.11.10-13.39.23:168][  0]LogShaderLibrary: Display: ShaderCodeLibraryPakFileMountedCallback: PakFile 'C:/Program Files/Epic Games/UE_4.27/FeaturePacks/TP_VirtualRealityBP.upack' (chunk index -1, root 'root:/') mounted
[2021.11.10-13.39.23:168][  0]LogShaderLibrary: Display: ShaderCodeLibraryPakFileMountedCallback: pending pak file info (ChunkID:-1 Root:root:/ File:C:/Program Files/Epic Games/UE_4.27/FeaturePacks/TP_VirtualRealityBP.upack)
[2021.11.10-13.39.23:168][  0]LogPakFile: OnPakFileMounted2Time == 0.000036
[2021.11.10-13.39.23:222][  0]LogNativeClassHierarchy: Verbose: Native class hierarchy updated for 'AddContentDialog' in 0.0002 seconds. Added 0 classes and 0 folders.
[2021.11.10-13.39.23:223][  0]LogNativeClassHierarchy: Verbose: Native class hierarchy updated for 'SceneOutliner' in 0.0002 seconds. Added 2 classes and 0 folders.
[2021.11.10-13.39.23:271][  0]LogSlate: Took 0.000294 seconds to synchronously load lazily loaded font '../../../Engine/Content/Slate/Fonts/Roboto-Regular.ttf' (155K)
[2021.11.10-13.39.23:271][  0]LogSlate: Took 0.000151 seconds to synchronously load lazily loaded font '../../../Engine/Content/Editor/Slate/Fonts/FontAwesome.ttf' (139K)
[2021.11.10-13.39.23:273][  0]LogSlate: Took 0.000272 seconds to synchronously load lazily loaded font '../../../Engine/Content/Slate/Fonts/Roboto-Bold.ttf' (160K)
[2021.11.10-13.39.23:367][  0]LogRenderer: Reallocating scene render targets to support 964x432 Format 10 NumSamples 1 (Frame:1).
[2021.11.10-13.39.23:453][  0]LogNativeClassHierarchy: Verbose: Native class hierarchy updated for 'HierarchicalLODOutliner' in 0.0003 seconds. Added 0 classes and 0 folders.
[2021.11.10-13.39.23:453][  0]LogLoad: (Engine Initialization) Total time: 9.81 seconds
[2021.11.10-13.39.23:453][  0]LogLoad: (Engine Initialization) Total Blueprint compile time: 0.00 seconds
[2021.11.10-13.39.23:512][  0]LogAssetRegistry: Asset discovery search completed in 6.1956 seconds
[2021.11.10-13.39.23:517][  0]LogCollectionManager: Fixed up redirectors for 0 collections in 0.000003 seconds (updated 0 objects)
[2021.11.10-13.39.23:520][  0]LogContentStreaming: Texture pool size now 1000 MB
[2021.11.10-13.39.23:598][  3]LogSlate: Took 0.000120 seconds to synchronously load lazily loaded font '../../../Engine/Content/Slate/Fonts/Roboto-Light.ttf' (167K)
[2021.11.10-13.39.24:478][ 56]LogSlate: Took 0.000266 seconds to synchronously load lazily loaded font '../../../Engine/Content/Slate/Fonts/Roboto-Light.ttf' (167K)
